============================================================================================== 
Warning! Mixing Conda and module environments may lead to corruption of the
user environment. 
We do not recommend users mixing those two environments unless absolutely
necessary. Note that 
SURF does not provide any support for Conda environment.
For more information, please refer to our software policy page:
https://servicedesk.surf.nl/wiki/display/WIKI/Software+policy+Snellius#SoftwarepolicySnellius-UseofAnacondaandMinicondaenvironmentsonSnellius 

Remember that many packages have already been installed on the system and can
be loaded using 
the 'module load <package__name>' command. If you are uncertain if a package is
already available 
on the system, please use 'module avail' or 'module spider' to search for it.
============================================================================================== 
A.L.E: Arcade Learning Environment (version 0.9.0+750d7f9)
[Powered by Stella]
wandb: Using wandb-core as the SDK backend.  Please refer to https://wandb.me/wandb-core for more information.
wandb: Currently logged in as: 2t2c (dreamerz) to https://api.wandb.ai. Use `wandb login --relogin` to force relogin
wandb: Tracking run with wandb version 0.19.9
wandb: Run data is saved locally in /gpfs/home4/scur2667/re-dreamerv3/wandb/run-20250505_025328-8fnym3is
wandb: Run `wandb offline` to turn off syncing.
wandb: Syncing run repr/reproducibility/atari100k_private_eye/2/20250505T025229
wandb: ⭐️ View project at https://wandb.ai/dreamerz/reproducibility
wandb: 🚀 View run at https://wandb.ai/dreamerz/reproducibility/runs/8fnym3is
---  ___                           __   ______ ---
--- |   \ _ _ ___ __ _ _ __  ___ _ \ \ / /__ / ---
--- | |) | '_/ -_) _` | '  \/ -_) '/\ V / |_ \ ---
--- |___/|_| \___\__,_|_|_|_\___|_|  \_/ |___/ ---
Replica: 0 / 1
Logdir: /home/scur2667/logdir/reproducibility/atari100k_private_eye/2/20250505T025229
Run script: train
Observations
  image            Space(uint8, shape=(64, 64, 3), low=0, high=255)
  reward           Space(float32, shape=(), low=-inf, high=inf)
  is_first         Space(bool, shape=(), low=False, high=True)
  is_last          Space(bool, shape=(), low=False, high=True)
  is_terminal      Space(bool, shape=(), low=False, high=True)
Actions
  action           Space(int32, shape=(), low=0, high=18)
Extras
  consec           Space(int32, shape=(), low=-2147483648, high=2147483647)
  stepid           Space(uint8, shape=(20,), low=0, high=255)
  dyn/deter        Space(float32, shape=(8192,), low=-inf, high=inf)
  dyn/stoch        Space(float32, shape=(32, 64), low=-inf, high=inf)
JAX devices (1): [cuda:0]
Policy devices: cuda:0
Train devices:  cuda:0
Initializing parameters...
Optimizer opt has 165,967,124 params:
    95,496,192 dyn
    20,282,115 dec
    12,850,431 val
    12,607,506 pol
    10,749,183 rew
    10,488,833 con
     3,492,864 enc
Done initializing!
Compiling 1 checkpoint groups...
Largest checkpoint group: 2 GB
Compiling train and report...
Train cost analysis:
  FLOPS:            4.3e+11
  Memory (temp):    5.8e+09
  Memory (inputs):  2.1e+09
  Memory (outputs): 2.1e+09
  Memory (code):    4.0e+06

Report cost analysis:
  FLOPS:            9.6e+09
  Memory (temp):    6.7e+08
  Memory (inputs):  5.1e+08
  Memory (outputs): 1.0e+07
  Memory (code):    8.1e+06

Done compiling!
Did not find any checkpoint.
Saving checkpoint: /home/scur2667/logdir/reproducibility/atari100k_private_eye/2/20250505T025229/ckpt/20250505T025329F013105
Saved checkpoint.
Start training loop

--------------------[Agent Step 11_480]--------------------
Metrics filtered by: 'score|length|fps|ratio|train/loss/|train/rand/'
episode/score 0 / episode/length 2698 / train/loss/con 0.07 / train/loss/dyn 7.56 / train/loss/image 196.01 / train/loss/policy -7.7e-4 / train/loss/rep 7.56 / train/loss/repval 5.28 / train/loss/rew 2.63 / train/loss/value 4.13 / train/rand/action 1 / replay/replay_ratio 165.67 / fps/policy 22.95 / fps/train 3651.77

Writing metrics: /home/scur2667/logdir/reproducibility/atari100k_private_eye/2/20250505T025229/metrics.jsonl
Writing metrics: /home/scur2667/logdir/reproducibility/atari100k_private_eye/2/20250505T025229/scores.jsonl

--------------------[Agent Step 17_680]--------------------
Metrics filtered by: 'score|length|fps|ratio|train/loss/|train/rand/'
train/loss/con 0.02 / train/loss/dyn 2.51 / train/loss/image 19.43 / train/loss/policy -8.4e-4 / train/loss/rep 2.51 / train/loss/repval 2.8e-3 / train/loss/rew 2.9e-3 / train/loss/value 2.7e-3 / train/rand/action 1 / replay/replay_ratio 260.34 / fps/policy 12.92 / fps/train 3311.36

Writing metrics: /home/scur2667/logdir/reproducibility/atari100k_private_eye/2/20250505T025229/metrics.jsonlWriting metrics: /home/scur2667/logdir/reproducibility/atari100k_private_eye/2/20250505T025229/scores.jsonl


--------------------[Agent Step 25_120]--------------------
Metrics filtered by: 'score|length|fps|ratio|train/loss/|train/rand/'
episode/score 100 / episode/length 2694 / train/loss/con 0.02 / train/loss/dyn 2.96 / train/loss/image 10.93 / train/loss/policy 0.05 / train/loss/rep 2.96 / train/loss/repval 1.54 / train/loss/rew 1.4e-3 / train/loss/value 1.44 / train/rand/action 0.72 / replay/replay_ratio 260 / fps/policy 15.49 / fps/train 3966.33

Writing metrics: /home/scur2667/logdir/reproducibility/atari100k_private_eye/2/20250505T025229/scores.jsonlWriting metrics: /home/scur2667/logdir/reproducibility/atari100k_private_eye/2/20250505T025229/metrics.jsonl


--------------------[Agent Step 31_440]--------------------
Metrics filtered by: 'score|length|fps|ratio|train/loss/|train/rand/'
train/loss/con 0.02 / train/loss/dyn 2.23 / train/loss/image 5.64 / train/loss/policy 0.17 / train/loss/rep 2.23 / train/loss/repval 2.36 / train/loss/rew 7.8e-4 / train/loss/value 2.13 / train/rand/action 0.32 / replay/replay_ratio 260 / fps/policy 13.13 / fps/train 3361.71

Writing metrics: /home/scur2667/logdir/reproducibility/atari100k_private_eye/2/20250505T025229/metrics.jsonlWriting metrics: /home/scur2667/logdir/reproducibility/atari100k_private_eye/2/20250505T025229/scores.jsonl


--------------------[Agent Step 38_880]--------------------
Metrics filtered by: 'score|length|fps|ratio|train/loss/|train/rand/'
episode/score 0 / episode/length 2696 / train/loss/con 0.02 / train/loss/dyn 1.71 / train/loss/image 4.18 / train/loss/policy 0.05 / train/loss/rep 1.71 / train/loss/repval 2.37 / train/loss/rew 3.4e-4 / train/loss/value 2.02 / train/rand/action 0.3 / replay/replay_ratio 260 / fps/policy 15.47 / fps/train 3960.7

Writing metrics: /home/scur2667/logdir/reproducibility/atari100k_private_eye/2/20250505T025229/scores.jsonlWriting metrics: /home/scur2667/logdir/reproducibility/atari100k_private_eye/2/20250505T025229/metrics.jsonl


--------------------[Agent Step 45_160]--------------------
Metrics filtered by: 'score|length|fps|ratio|train/loss/|train/rand/'
episode/score 0 / episode/length 2696 / train/loss/con 0.02 / train/loss/dyn 1.6 / train/loss/image 3.38 / train/loss/policy 0.02 / train/loss/rep 1.6 / train/loss/repval 2.16 / train/loss/rew 4.7e-4 / train/loss/value 1.91 / train/rand/action 0.36 / replay/replay_ratio 259.67 / fps/policy 13.02 / fps/train 3328.69

Writing metrics: /home/scur2667/logdir/reproducibility/atari100k_private_eye/2/20250505T025229/scores.jsonlWriting metrics: /home/scur2667/logdir/reproducibility/atari100k_private_eye/2/20250505T025229/metrics.jsonl


--------------------[Agent Step 51_480]--------------------
Metrics filtered by: 'score|length|fps|ratio|train/loss/|train/rand/'
train/loss/con 0.02 / train/loss/dyn 1.59 / train/loss/image 3.05 / train/loss/policy 7.2e-3 / train/loss/rep 1.59 / train/loss/repval 1.51 / train/loss/rew 5.1e-4 / train/loss/value 1.21 / train/rand/action 0.54 / replay/replay_ratio 260 / fps/policy 13.12 / fps/train 3358.29

Writing metrics: /home/scur2667/logdir/reproducibility/atari100k_private_eye/2/20250505T025229/metrics.jsonlWriting metrics: /home/scur2667/logdir/reproducibility/atari100k_private_eye/2/20250505T025229/scores.jsonl

Saving checkpoint: /home/scur2667/logdir/reproducibility/atari100k_private_eye/2/20250505T025229/ckpt/20250505T030833F539659
Saved checkpoint.

--------------------[Agent Step 58_720]--------------------
Metrics filtered by: 'score|length|fps|ratio|train/loss/|train/rand/'
episode/score 100 / episode/length 2697 / train/loss/con 0.02 / train/loss/dyn 1.74 / train/loss/image 3.12 / train/loss/policy 0.05 / train/loss/rep 1.74 / train/loss/repval 2.54 / train/loss/rew 5.1e-4 / train/loss/value 2.33 / train/rand/action 0.48 / replay/replay_ratio 260.29 / fps/policy 15.08 / fps/train 3863.72

Writing metrics: /home/scur2667/logdir/reproducibility/atari100k_private_eye/2/20250505T025229/metrics.jsonlWriting metrics: /home/scur2667/logdir/reproducibility/atari100k_private_eye/2/20250505T025229/scores.jsonl


--------------------[Agent Step 65_000]--------------------
Metrics filtered by: 'score|length|fps|ratio|train/loss/|train/rand/'
episode/score 100 / episode/length 2693 / train/loss/con 0.02 / train/loss/dyn 1.66 / train/loss/image 2.84 / train/loss/policy 5.4e-3 / train/loss/rep 1.66 / train/loss/repval 1.48 / train/loss/rew 4.5e-4 / train/loss/value 1.2 / train/rand/action 0.51 / replay/replay_ratio 259.67 / fps/policy 13.01 / fps/train 3326.25

Writing metrics: /home/scur2667/logdir/reproducibility/atari100k_private_eye/2/20250505T025229/metrics.jsonl
Writing metrics: /home/scur2667/logdir/reproducibility/atari100k_private_eye/2/20250505T025229/scores.jsonl

--------------------[Agent Step 71_360]--------------------
Metrics filtered by: 'score|length|fps|ratio|train/loss/|train/rand/'
train/loss/con 0.02 / train/loss/dyn 1.68 / train/loss/image 2.7 / train/loss/policy -2.1e-3 / train/loss/rep 1.68 / train/loss/repval 1.57 / train/loss/rew 4.4e-4 / train/loss/value 1.22 / train/rand/action 0.55 / replay/replay_ratio 260.33 / fps/policy 13.22 / fps/train 3387.39

Writing metrics: /home/scur2667/logdir/reproducibility/atari100k_private_eye/2/20250505T025229/metrics.jsonlWriting metrics: /home/scur2667/logdir/reproducibility/atari100k_private_eye/2/20250505T025229/scores.jsonl


--------------------[Agent Step 78_800]--------------------
Metrics filtered by: 'score|length|fps|ratio|train/loss/|train/rand/'
episode/score 100 / episode/length 2695 / train/loss/con 0.02 / train/loss/dyn 1.64 / train/loss/image 2.55 / train/loss/policy 1.3e-5 / train/loss/rep 1.64 / train/loss/repval 1.51 / train/loss/rew 2.5e-4 / train/loss/value 1.17 / train/rand/action 0.61 / replay/replay_ratio 260 / fps/policy 15.5 / fps/train 3967.51

Writing metrics: /home/scur2667/logdir/reproducibility/atari100k_private_eye/2/20250505T025229/scores.jsonlWriting metrics: /home/scur2667/logdir/reproducibility/atari100k_private_eye/2/20250505T025229/metrics.jsonl


--------------------[Agent Step 85_080]--------------------
Metrics filtered by: 'score|length|fps|ratio|train/loss/|train/rand/'
train/loss/con 0.02 / train/loss/dyn 1.71 / train/loss/image 2.46 / train/loss/policy 2.2e-3 / train/loss/rep 1.71 / train/loss/repval 1.78 / train/loss/rew 2.1e-4 / train/loss/value 1.34 / train/rand/action 0.62 / replay/replay_ratio 259.67 / fps/policy 13.05 / fps/train 3337.23

Writing metrics: /home/scur2667/logdir/reproducibility/atari100k_private_eye/2/20250505T025229/metrics.jsonlWriting metrics: /home/scur2667/logdir/reproducibility/atari100k_private_eye/2/20250505T025229/scores.jsonl


--------------------[Agent Step 92_520]--------------------
Metrics filtered by: 'score|length|fps|ratio|train/loss/|train/rand/'
episode/score 100 / episode/length 2693 / train/loss/con 0.02 / train/loss/dyn 1.57 / train/loss/image 2.31 / train/loss/policy 4.1e-3 / train/loss/rep 1.57 / train/loss/repval 1.7 / train/loss/rew 2.2e-4 / train/loss/value 1.24 / train/rand/action 0.66 / replay/replay_ratio 260 / fps/policy 15.48 / fps/train 3962.99

Writing metrics: /home/scur2667/logdir/reproducibility/atari100k_private_eye/2/20250505T025229/scores.jsonlWriting metrics: /home/scur2667/logdir/reproducibility/atari100k_private_eye/2/20250505T025229/metrics.jsonl


--------------------[Agent Step 98_800]--------------------
Metrics filtered by: 'score|length|fps|ratio|train/loss/|train/rand/'
episode/score 100 / episode/length 2695 / train/loss/con 0.02 / train/loss/dyn 1.55 / train/loss/image 2.23 / train/loss/policy 0.01 / train/loss/rep 1.55 / train/loss/repval 1.73 / train/loss/rew 6.5e-4 / train/loss/value 1.58 / train/rand/action 0.49 / replay/replay_ratio 260.33 / fps/policy 13.05 / fps/train 3345.03

Writing metrics: /home/scur2667/logdir/reproducibility/atari100k_private_eye/2/20250505T025229/metrics.jsonlWriting metrics: /home/scur2667/logdir/reproducibility/atari100k_private_eye/2/20250505T025229/scores.jsonl

Saving checkpoint: /home/scur2667/logdir/reproducibility/atari100k_private_eye/2/20250505T025229/ckpt/20250505T032333F776044
Saved checkpoint.

--------------------[Agent Step 105_000]--------------------
Metrics filtered by: 'score|length|fps|ratio|train/loss/|train/rand/'
train/loss/con 0.02 / train/loss/dyn 1.49 / train/loss/image 2.14 / train/loss/policy 0.01 / train/loss/rep 1.49 / train/loss/repval 1.89 / train/loss/rew 6.3e-4 / train/loss/value 1.52 / train/rand/action 0.43 / replay/replay_ratio 259.66 / fps/policy 12.89 / fps/train 3296.04

Writing metrics: /home/scur2667/logdir/reproducibility/atari100k_private_eye/2/20250505T025229/metrics.jsonl
Writing metrics: /home/scur2667/logdir/reproducibility/atari100k_private_eye/2/20250505T025229/scores.jsonl

--------------------[Agent Step 112_440]--------------------
Metrics filtered by: 'score|length|fps|ratio|train/loss/|train/rand/'
episode/score 100 / episode/length 2691 / train/loss/con 0.02 / train/loss/dyn 1.54 / train/loss/image 2.06 / train/loss/policy 1.6e-3 / train/loss/rep 1.54 / train/loss/repval 1.9 / train/loss/rew 5.5e-4 / train/loss/value 1.48 / train/rand/action 0.46 / replay/replay_ratio 260 / fps/policy 15.42 / fps/train 3948.39

Writing metrics: /home/scur2667/logdir/reproducibility/atari100k_private_eye/2/20250505T025229/metrics.jsonlWriting metrics: /home/scur2667/logdir/reproducibility/atari100k_private_eye/2/20250505T025229/scores.jsonl


--------------------[Agent Step 118_720]--------------------
Metrics filtered by: 'score|length|fps|ratio|train/loss/|train/rand/'
episode/score 100 / episode/length 2694 / train/loss/con 0.02 / train/loss/dyn 1.48 / train/loss/image 1.92 / train/loss/policy 6e-4 / train/loss/rep 1.48 / train/loss/repval 1.73 / train/loss/rew 2.6e-4 / train/loss/value 1.27 / train/rand/action 0.45 / replay/replay_ratio 260.33 / fps/policy 13.07 / fps/train 3350.04

Writing metrics: /home/scur2667/logdir/reproducibility/atari100k_private_eye/2/20250505T025229/metrics.jsonlWriting metrics: /home/scur2667/logdir/reproducibility/atari100k_private_eye/2/20250505T025229/scores.jsonl


--------------------[Agent Step 125_080]--------------------
Metrics filtered by: 'score|length|fps|ratio|train/loss/|train/rand/'
train/loss/con 0.02 / train/loss/dyn 1.53 / train/loss/image 1.84 / train/loss/policy 4.7e-3 / train/loss/rep 1.53 / train/loss/repval 1.66 / train/loss/rew 2.1e-4 / train/loss/value 1.46 / train/rand/action 0.4 / replay/replay_ratio 259.67 / fps/policy 13.2 / fps/train 3374.2

Writing metrics: /home/scur2667/logdir/reproducibility/atari100k_private_eye/2/20250505T025229/metrics.jsonlWriting metrics: /home/scur2667/logdir/reproducibility/atari100k_private_eye/2/20250505T025229/scores.jsonl


--------------------[Agent Step 132_480]--------------------
Metrics filtered by: 'score|length|fps|ratio|train/loss/|train/rand/'
episode/score 100 / episode/length 2697 / train/loss/con 0.02 / train/loss/dyn 1.52 / train/loss/image 1.73 / train/loss/policy 6e-3 / train/loss/rep 1.52 / train/loss/repval 1.57 / train/loss/rew 2e-4 / train/loss/value 1.3 / train/rand/action 0.46 / replay/replay_ratio 260.28 / fps/policy 15.38 / fps/train 3941.21

Writing metrics: /home/scur2667/logdir/reproducibility/atari100k_private_eye/2/20250505T025229/scores.jsonlWriting metrics: /home/scur2667/logdir/reproducibility/atari100k_private_eye/2/20250505T025229/metrics.jsonl


--------------------[Agent Step 138_800]--------------------
Metrics filtered by: 'score|length|fps|ratio|train/loss/|train/rand/'
train/loss/con 0.02 / train/loss/dyn 1.5 / train/loss/image 1.61 / train/loss/policy 2.2e-3 / train/loss/rep 1.5 / train/loss/repval 1.51 / train/loss/rew 2.1e-4 / train/loss/value 1.24 / train/rand/action 0.52 / replay/replay_ratio 260 / fps/policy 13.15 / fps/train 3367.17

Writing metrics: /home/scur2667/logdir/reproducibility/atari100k_private_eye/2/20250505T025229/scores.jsonlWriting metrics: /home/scur2667/logdir/reproducibility/atari100k_private_eye/2/20250505T025229/metrics.jsonl


--------------------[Agent Step 146_200]--------------------
Metrics filtered by: 'score|length|fps|ratio|train/loss/|train/rand/'
episode/score 100 / episode/length 2698 / train/loss/con 0.02 / train/loss/dyn 1.38 / train/loss/image 1.49 / train/loss/policy 7.6e-4 / train/loss/rep 1.38 / train/loss/repval 2.12 / train/loss/rew 2.6e-4 / train/loss/value 1.73 / train/rand/action 0.28 / replay/replay_ratio 259.72 / fps/policy 15.4 / fps/train 3938.6

Writing metrics: /home/scur2667/logdir/reproducibility/atari100k_private_eye/2/20250505T025229/metrics.jsonl
Writing metrics: /home/scur2667/logdir/reproducibility/atari100k_private_eye/2/20250505T025229/scores.jsonl

--------------------[Agent Step 152_560]--------------------
Metrics filtered by: 'score|length|fps|ratio|train/loss/|train/rand/'
episode/score 100 / episode/length 2697 / train/loss/con 0.02 / train/loss/dyn 1.38 / train/loss/image 1.41 / train/loss/policy 5.2e-4 / train/loss/rep 1.38 / train/loss/repval 2 / train/loss/rew 3.1e-4 / train/loss/value 1.62 / train/rand/action 0.42 / replay/replay_ratio 260.33 / fps/policy 13.2 / fps/train 3384.25

Writing metrics: /home/scur2667/logdir/reproducibility/atari100k_private_eye/2/20250505T025229/metrics.jsonl
Writing metrics: /home/scur2667/logdir/reproducibility/atari100k_private_eye/2/20250505T025229/scores.jsonl
Saving checkpoint: /home/scur2667/logdir/reproducibility/atari100k_private_eye/2/20250505T025229/ckpt/20250505T033834F289161
Saved checkpoint.

--------------------[Agent Step 158_720]--------------------
Metrics filtered by: 'score|length|fps|ratio|train/loss/|train/rand/'
train/loss/con 0.02 / train/loss/dyn 1.35 / train/loss/image 1.34 / train/loss/policy 4.2e-3 / train/loss/rep 1.35 / train/loss/repval 1.75 / train/loss/rew 2.8e-4 / train/loss/value 1.52 / train/rand/action 0.44 / replay/replay_ratio 260 / fps/policy 12.81 / fps/train 3279.91

Writing metrics: /home/scur2667/logdir/reproducibility/atari100k_private_eye/2/20250505T025229/metrics.jsonlWriting metrics: /home/scur2667/logdir/reproducibility/atari100k_private_eye/2/20250505T025229/scores.jsonl


--------------------[Agent Step 166_120]--------------------
Metrics filtered by: 'score|length|fps|ratio|train/loss/|train/rand/'
episode/score 100 / episode/length 2692 / train/loss/con 0.02 / train/loss/dyn 1.36 / train/loss/image 1.3 / train/loss/policy 9.4e-3 / train/loss/rep 1.36 / train/loss/repval 1.83 / train/loss/rew 2.7e-4 / train/loss/value 1.59 / train/rand/action 0.24 / replay/replay_ratio 259.72 / fps/policy 15.4 / fps/train 3937.6

Writing metrics: /home/scur2667/logdir/reproducibility/atari100k_private_eye/2/20250505T025229/scores.jsonlWriting metrics: /home/scur2667/logdir/reproducibility/atari100k_private_eye/2/20250505T025229/metrics.jsonl


--------------------[Agent Step 172_480]--------------------
Metrics filtered by: 'score|length|fps|ratio|train/loss/|train/rand/'
train/loss/con 0.02 / train/loss/dyn 1.41 / train/loss/image 1.32 / train/loss/policy 0.01 / train/loss/rep 1.41 / train/loss/repval 2.02 / train/loss/rew 1.6e-3 / train/loss/value 1.76 / train/rand/action 0.23 / replay/replay_ratio 260.33 / fps/policy 13.2 / fps/train 3382.89

Writing metrics: /home/scur2667/logdir/reproducibility/atari100k_private_eye/2/20250505T025229/metrics.jsonlWriting metrics: /home/scur2667/logdir/reproducibility/atari100k_private_eye/2/20250505T025229/scores.jsonl


--------------------[Agent Step 179_880]--------------------
Metrics filtered by: 'score|length|fps|ratio|train/loss/|train/rand/'
episode/score -1000 / episode/length 2698 / train/loss/con 0.02 / train/loss/dyn 1.38 / train/loss/image 1.35 / train/loss/policy -5.7e-4 / train/loss/rep 1.38 / train/loss/repval 1.75 / train/loss/rew 2.3e-3 / train/loss/value 1.41 / train/rand/action 0.17 / replay/replay_ratio 259.72 / fps/policy 15.4 / fps/train 3938.07

Writing metrics: /home/scur2667/logdir/reproducibility/atari100k_private_eye/2/20250505T025229/metrics.jsonlWriting metrics: /home/scur2667/logdir/reproducibility/atari100k_private_eye/2/20250505T025229/scores.jsonl


--------------------[Agent Step 186_240]--------------------
Metrics filtered by: 'score|length|fps|ratio|train/loss/|train/rand/'
episode/score -400 / episode/length 2696 / train/loss/con 0.02 / train/loss/dyn 1.47 / train/loss/image 1.55 / train/loss/policy 1.5e-3 / train/loss/rep 1.47 / train/loss/repval 2.05 / train/loss/rew 2.4e-3 / train/loss/value 1.66 / train/rand/action 0.15 / replay/replay_ratio 260.33 / fps/policy 13.2 / fps/train 3384.19

Writing metrics: /home/scur2667/logdir/reproducibility/atari100k_private_eye/2/20250505T025229/metrics.jsonl
Writing metrics: /home/scur2667/logdir/reproducibility/atari100k_private_eye/2/20250505T025229/scores.jsonl

--------------------[Agent Step 192_600]--------------------
Metrics filtered by: 'score|length|fps|ratio|train/loss/|train/rand/'
train/loss/con 0.02 / train/loss/dyn 1.38 / train/loss/image 1.31 / train/loss/policy 3.8e-3 / train/loss/rep 1.38 / train/loss/repval 1.83 / train/loss/rew 1.7e-3 / train/loss/value 1.48 / train/rand/action 0.19 / replay/replay_ratio 259.67 / fps/policy 13.19 / fps/train 3373.46

Writing metrics: /home/scur2667/logdir/reproducibility/atari100k_private_eye/2/20250505T025229/metrics.jsonlWriting metrics: /home/scur2667/logdir/reproducibility/atari100k_private_eye/2/20250505T025229/scores.jsonl


--------------------[Agent Step 200_000]--------------------
Metrics filtered by: 'score|length|fps|ratio|train/loss/|train/rand/'
episode/score 100 / episode/length 2699 / train/loss/con 0.02 / train/loss/dyn 1.34 / train/loss/image 1.19 / train/loss/policy 8.9e-4 / train/loss/rep 1.34 / train/loss/repval 2.34 / train/loss/rew 1.2e-3 / train/loss/value 1.9 / train/rand/action 0.27 / replay/replay_ratio 260.28 / fps/policy 15.4 / fps/train 3947.81

Writing metrics: /home/scur2667/logdir/reproducibility/atari100k_private_eye/2/20250505T025229/scores.jsonl
Writing metrics: /home/scur2667/logdir/reproducibility/atari100k_private_eye/2/20250505T025229/metrics.jsonl
Saving checkpoint: /home/scur2667/logdir/reproducibility/atari100k_private_eye/2/20250505T025229/ckpt/20250505T035334F291748
Saved checkpoint.

--------------------[Agent Step 206_200]--------------------
Metrics filtered by: 'score|length|fps|ratio|train/loss/|train/rand/'
episode/score 100 / episode/length 2698 / train/loss/con 0.02 / train/loss/dyn 1.47 / train/loss/image 1.19 / train/loss/policy 3.5e-6 / train/loss/rep 1.47 / train/loss/repval 2.15 / train/loss/rew 7e-4 / train/loss/value 1.66 / train/rand/action 0.37 / replay/replay_ratio 259.66 / fps/policy 12.85 / fps/train 3286.21

Writing metrics: /home/scur2667/logdir/reproducibility/atari100k_private_eye/2/20250505T025229/scores.jsonl
Writing metrics: /home/scur2667/logdir/reproducibility/atari100k_private_eye/2/20250505T025229/metrics.jsonl

--------------------[Agent Step 212_360]--------------------
Metrics filtered by: 'score|length|fps|ratio|train/loss/|train/rand/'
train/loss/con 0.02 / train/loss/dyn 1.37 / train/loss/image 1.12 / train/loss/policy 8.7e-3 / train/loss/rep 1.37 / train/loss/repval 2.39 / train/loss/rew 6.6e-4 / train/loss/value 1.93 / train/rand/action 0.3 / replay/replay_ratio 260 / fps/policy 12.83 / fps/train 3284.02

Writing metrics: /home/scur2667/logdir/reproducibility/atari100k_private_eye/2/20250505T025229/metrics.jsonlWriting metrics: /home/scur2667/logdir/reproducibility/atari100k_private_eye/2/20250505T025229/scores.jsonl


--------------------[Agent Step 219_840]--------------------
Metrics filtered by: 'score|length|fps|ratio|train/loss/|train/rand/'
episode/score 100 / episode/length 2692 / train/loss/con 0.02 / train/loss/dyn 1.4 / train/loss/image 1.09 / train/loss/policy 4.9e-4 / train/loss/rep 1.4 / train/loss/repval 2.42 / train/loss/rew 9.4e-4 / train/loss/value 1.91 / train/rand/action 0.38 / replay/replay_ratio 260.28 / fps/policy 15.54 / fps/train 3981.45

Writing metrics: /home/scur2667/logdir/reproducibility/atari100k_private_eye/2/20250505T025229/scores.jsonl
Writing metrics: /home/scur2667/logdir/reproducibility/atari100k_private_eye/2/20250505T025229/metrics.jsonl

--------------------[Agent Step 226_200]--------------------
Metrics filtered by: 'score|length|fps|ratio|train/loss/|train/rand/'
train/loss/con 0.02 / train/loss/dyn 1.4 / train/loss/image 1.08 / train/loss/policy 1.9e-3 / train/loss/rep 1.4 / train/loss/repval 3.75 / train/loss/rew 8.1e-4 / train/loss/value 3.29 / train/rand/action 0.48 / replay/replay_ratio 259.67 / fps/policy 13.17 / fps/train 3367.68

Writing metrics: /home/scur2667/logdir/reproducibility/atari100k_private_eye/2/20250505T025229/metrics.jsonl
Writing metrics: /home/scur2667/logdir/reproducibility/atari100k_private_eye/2/20250505T025229/scores.jsonl

--------------------[Agent Step 233_600]--------------------
Metrics filtered by: 'score|length|fps|ratio|train/loss/|train/rand/'
episode/score 277 / episode/length 2698 / train/loss/con 0.02 / train/loss/dyn 1.4 / train/loss/image 1.06 / train/loss/policy 3.2e-3 / train/loss/rep 1.4 / train/loss/repval 2.76 / train/loss/rew 9.5e-4 / train/loss/value 2.51 / train/rand/action 0.43 / replay/replay_ratio 260.28 / fps/policy 15.41 / fps/train 3948.76

Writing metrics: /home/scur2667/logdir/reproducibility/atari100k_private_eye/2/20250505T025229/metrics.jsonl
Writing metrics: /home/scur2667/logdir/reproducibility/atari100k_private_eye/2/20250505T025229/scores.jsonl

--------------------[Agent Step 239_960]--------------------
Metrics filtered by: 'score|length|fps|ratio|train/loss/|train/rand/'
episode/score 100 / episode/length 2696 / train/loss/con 0.02 / train/loss/dyn 1.34 / train/loss/image 1.01 / train/loss/policy 9.8e-3 / train/loss/rep 1.34 / train/loss/repval 2.92 / train/loss/rew 7.2e-4 / train/loss/value 2.41 / train/rand/action 0.21 / replay/replay_ratio 259.67 / fps/policy 13.24 / fps/train 3384.54

Writing metrics: /home/scur2667/logdir/reproducibility/atari100k_private_eye/2/20250505T025229/metrics.jsonl
Writing metrics: /home/scur2667/logdir/reproducibility/atari100k_private_eye/2/20250505T025229/scores.jsonl

--------------------[Agent Step 246_280]--------------------
Metrics filtered by: 'score|length|fps|ratio|train/loss/|train/rand/'
train/loss/con 0.02 / train/loss/dyn 1.4 / train/loss/image 0.98 / train/loss/policy 6.4e-3 / train/loss/rep 1.4 / train/loss/repval 2.57 / train/loss/rew 1.1e-3 / train/loss/value 2.12 / train/rand/action 0.36 / replay/replay_ratio 260 / fps/policy 13.13 / fps/train 3360.5

Writing metrics: /home/scur2667/logdir/reproducibility/atari100k_private_eye/2/20250505T025229/metrics.jsonlWriting metrics: /home/scur2667/logdir/reproducibility/atari100k_private_eye/2/20250505T025229/scores.jsonl


--------------------[Agent Step 253_760]--------------------
Metrics filtered by: 'score|length|fps|ratio|train/loss/|train/rand/'
episode/score 100 / episode/length 2695 / train/loss/con 0.02 / train/loss/dyn 1.39 / train/loss/image 0.96 / train/loss/policy 2.6e-3 / train/loss/rep 1.39 / train/loss/repval 2.62 / train/loss/rew 7.5e-4 / train/loss/value 2.14 / train/rand/action 0.37 / replay/replay_ratio 260.28 / fps/policy 15.52 / fps/train 3976.77

Writing metrics: /home/scur2667/logdir/reproducibility/atari100k_private_eye/2/20250505T025229/scores.jsonlWriting metrics: /home/scur2667/logdir/reproducibility/atari100k_private_eye/2/20250505T025229/metrics.jsonl

Saving checkpoint: /home/scur2667/logdir/reproducibility/atari100k_private_eye/2/20250505T025229/ckpt/20250505T040835F005814
Saved checkpoint.

--------------------[Agent Step 259_920]--------------------
Metrics filtered by: 'score|length|fps|ratio|train/loss/|train/rand/'
episode/score 100 / episode/length 2695 / train/loss/con 0.02 / train/loss/dyn 1.33 / train/loss/image 0.91 / train/loss/policy 2.5e-3 / train/loss/rep 1.33 / train/loss/repval 2.48 / train/loss/rew 5.4e-4 / train/loss/value 2.06 / train/rand/action 0.37 / replay/replay_ratio 260 / fps/policy 12.83 / fps/train 3284.17

Writing metrics: /home/scur2667/logdir/reproducibility/atari100k_private_eye/2/20250505T025229/scores.jsonlWriting metrics: /home/scur2667/logdir/reproducibility/atari100k_private_eye/2/20250505T025229/metrics.jsonl


--------------------[Agent Step 266_240]--------------------
Metrics filtered by: 'score|length|fps|ratio|train/loss/|train/rand/'
train/loss/con 0.02 / train/loss/dyn 1.43 / train/loss/image 0.91 / train/loss/policy 4.1e-3 / train/loss/rep 1.43 / train/loss/repval 2.45 / train/loss/rew 5.4e-4 / train/loss/value 2.03 / train/rand/action 0.3 / replay/replay_ratio 260 / fps/policy 13.13 / fps/train 3360.06

Writing metrics: /home/scur2667/logdir/reproducibility/atari100k_private_eye/2/20250505T025229/metrics.jsonlWriting metrics: /home/scur2667/logdir/reproducibility/atari100k_private_eye/2/20250505T025229/scores.jsonl


--------------------[Agent Step 273_720]--------------------
Metrics filtered by: 'score|length|fps|ratio|train/loss/|train/rand/'
episode/score 100 / episode/length 2694 / train/loss/con 0.02 / train/loss/dyn 1.38 / train/loss/image 0.86 / train/loss/policy 6.2e-3 / train/loss/rep 1.38 / train/loss/repval 2.52 / train/loss/rew 6.6e-4 / train/loss/value 2.06 / train/rand/action 0.38 / replay/replay_ratio 259.72 / fps/policy 15.51 / fps/train 3965.3

Writing metrics: /home/scur2667/logdir/reproducibility/atari100k_private_eye/2/20250505T025229/metrics.jsonl
Writing metrics: /home/scur2667/logdir/reproducibility/atari100k_private_eye/2/20250505T025229/scores.jsonl

--------------------[Agent Step 280_040]--------------------
Metrics filtered by: 'score|length|fps|ratio|train/loss/|train/rand/'
train/loss/con 0.02 / train/loss/dyn 1.39 / train/loss/image 0.84 / train/loss/policy 0.01 / train/loss/rep 1.39 / train/loss/repval 3.31 / train/loss/rew 8.5e-4 / train/loss/value 2.72 / train/rand/action 0.19 / replay/replay_ratio 260 / fps/policy 13.1 / fps/train 3353.54

Writing metrics: /home/scur2667/logdir/reproducibility/atari100k_private_eye/2/20250505T025229/metrics.jsonlWriting metrics: /home/scur2667/logdir/reproducibility/atari100k_private_eye/2/20250505T025229/scores.jsonl


--------------------[Agent Step 287_520]--------------------
Metrics filtered by: 'score|length|fps|ratio|train/loss/|train/rand/'
episode/score 100 / episode/length 2698 / train/loss/con 0.02 / train/loss/dyn 1.43 / train/loss/image 0.83 / train/loss/policy 1.6e-3 / train/loss/rep 1.43 / train/loss/repval 2.1 / train/loss/rew 5.3e-4 / train/loss/value 1.75 / train/rand/action 0.2 / replay/replay_ratio 260.28 / fps/policy 15.52 / fps/train 3978.13

Writing metrics: /home/scur2667/logdir/reproducibility/atari100k_private_eye/2/20250505T025229/scores.jsonlWriting metrics: /home/scur2667/logdir/reproducibility/atari100k_private_eye/2/20250505T025229/metrics.jsonl


--------------------[Agent Step 293_880]--------------------
Metrics filtered by: 'score|length|fps|ratio|train/loss/|train/rand/'
episode/score 100 / episode/length 2698 / train/loss/con 0.02 / train/loss/dyn 1.41 / train/loss/image 0.8 / train/loss/policy 3.2e-3 / train/loss/rep 1.41 / train/loss/repval 2.72 / train/loss/rew 5.1e-4 / train/loss/value 2.42 / train/rand/action 0.38 / replay/replay_ratio 259.67 / fps/policy 13.21 / fps/train 3377.88

Writing metrics: /home/scur2667/logdir/reproducibility/atari100k_private_eye/2/20250505T025229/metrics.jsonlWriting metrics: /home/scur2667/logdir/reproducibility/atari100k_private_eye/2/20250505T025229/scores.jsonl


--------------------[Agent Step 300_200]--------------------
Metrics filtered by: 'score|length|fps|ratio|train/loss/|train/rand/'
train/loss/con 0.02 / train/loss/dyn 1.51 / train/loss/image 0.85 / train/loss/policy 8.9e-4 / train/loss/rep 1.51 / train/loss/repval 3.23 / train/loss/rew 3.3e-3 / train/loss/value 2.63 / train/rand/action 0.21 / replay/replay_ratio 260 / fps/policy 13.11 / fps/train 3357

Writing metrics: /home/scur2667/logdir/reproducibility/atari100k_private_eye/2/20250505T025229/metrics.jsonlWriting metrics: /home/scur2667/logdir/reproducibility/atari100k_private_eye/2/20250505T025229/scores.jsonl

Saving checkpoint: /home/scur2667/logdir/reproducibility/atari100k_private_eye/2/20250505T025229/ckpt/20250505T042335F534028
Saved checkpoint.

--------------------[Agent Step 307_480]--------------------
Metrics filtered by: 'score|length|fps|ratio|train/loss/|train/rand/'
episode/score -1000 / episode/length 2697 / train/loss/con 0.02 / train/loss/dyn 1.47 / train/loss/image 0.84 / train/loss/policy -1.2e-3 / train/loss/rep 1.47 / train/loss/repval 2.77 / train/loss/rew 1.7e-3 / train/loss/value 2.49 / train/rand/action 0.41 / replay/replay_ratio 260 / fps/policy 15.13 / fps/train 3874.41

Writing metrics: /home/scur2667/logdir/reproducibility/atari100k_private_eye/2/20250505T025229/metrics.jsonl
Writing metrics: /home/scur2667/logdir/reproducibility/atari100k_private_eye/2/20250505T025229/scores.jsonl

--------------------[Agent Step 313_760]--------------------
Metrics filtered by: 'score|length|fps|ratio|train/loss/|train/rand/'
episode/score 100 / episode/length 2694 / train/loss/con 0.02 / train/loss/dyn 1.33 / train/loss/image 0.76 / train/loss/policy 0.01 / train/loss/rep 1.33 / train/loss/repval 3.18 / train/loss/rew 1.4e-3 / train/loss/value 2.8 / train/rand/action 0.3 / replay/replay_ratio 260.33 / fps/policy 13.03 / fps/train 3339.25

Writing metrics: /home/scur2667/logdir/reproducibility/atari100k_private_eye/2/20250505T025229/metrics.jsonl
Writing metrics: /home/scur2667/logdir/reproducibility/atari100k_private_eye/2/20250505T025229/scores.jsonl

--------------------[Agent Step 320_080]--------------------
Metrics filtered by: 'score|length|fps|ratio|train/loss/|train/rand/'
train/loss/con 0.02 / train/loss/dyn 1.36 / train/loss/image 0.76 / train/loss/policy 6.4e-3 / train/loss/rep 1.36 / train/loss/repval 3.29 / train/loss/rew 1.4e-3 / train/loss/value 2.72 / train/rand/action 0.22 / replay/replay_ratio 260 / fps/policy 13.16 / fps/train 3369.5

Writing metrics: /home/scur2667/logdir/reproducibility/atari100k_private_eye/2/20250505T025229/metrics.jsonlWriting metrics: /home/scur2667/logdir/reproducibility/atari100k_private_eye/2/20250505T025229/scores.jsonl


--------------------[Agent Step 327_560]--------------------
Metrics filtered by: 'score|length|fps|ratio|train/loss/|train/rand/'
episode/score 100 / episode/length 2693 / train/loss/con 0.02 / train/loss/dyn 1.35 / train/loss/image 0.76 / train/loss/policy 6.5e-3 / train/loss/rep 1.35 / train/loss/repval 2.98 / train/loss/rew 1.2e-3 / train/loss/value 2.62 / train/rand/action 0.37 / replay/replay_ratio 259.72 / fps/policy 15.51 / fps/train 3966.22

Writing metrics: /home/scur2667/logdir/reproducibility/atari100k_private_eye/2/20250505T025229/scores.jsonlWriting metrics: /home/scur2667/logdir/reproducibility/atari100k_private_eye/2/20250505T025229/metrics.jsonl


--------------------[Agent Step 333_840]--------------------
Metrics filtered by: 'score|length|fps|ratio|train/loss/|train/rand/'
train/loss/con 0.02 / train/loss/dyn 1.44 / train/loss/image 1.01 / train/loss/policy 7.9e-3 / train/loss/rep 1.44 / train/loss/repval 2.78 / train/loss/rew 1.6e-3 / train/loss/value 2.37 / train/rand/action 0.25 / replay/replay_ratio 260.33 / fps/policy 13.05 / fps/train 3344.68

Writing metrics: /home/scur2667/logdir/reproducibility/atari100k_private_eye/2/20250505T025229/metrics.jsonlWriting metrics: /home/scur2667/logdir/reproducibility/atari100k_private_eye/2/20250505T025229/scores.jsonl


--------------------[Agent Step 341_320]--------------------
Metrics filtered by: 'score|length|fps|ratio|train/loss/|train/rand/'
episode/score -237 / episode/length 2693 / train/loss/con 0.02 / train/loss/dyn 1.38 / train/loss/image 0.91 / train/loss/policy 7.7e-3 / train/loss/rep 1.38 / train/loss/repval 3 / train/loss/rew 1.2e-3 / train/loss/value 2.5 / train/rand/action 0.26 / replay/replay_ratio 259.72 / fps/policy 15.5 / fps/train 3963.32

Writing metrics: /home/scur2667/logdir/reproducibility/atari100k_private_eye/2/20250505T025229/metrics.jsonlWriting metrics: /home/scur2667/logdir/reproducibility/atari100k_private_eye/2/20250505T025229/scores.jsonl


--------------------[Agent Step 347_640]--------------------
Metrics filtered by: 'score|length|fps|ratio|train/loss/|train/rand/'
episode/score 5100 / episode/length 2699 / train/loss/con 0.02 / train/loss/dyn 1.4 / train/loss/image 0.95 / train/loss/policy 4.1e-3 / train/loss/rep 1.4 / train/loss/repval 2.78 / train/loss/rew 2e-3 / train/loss/value 2.4 / train/rand/action 0.21 / replay/replay_ratio 260 / fps/policy 13.1 / fps/train 3354.67

Writing metrics: /home/scur2667/logdir/reproducibility/atari100k_private_eye/2/20250505T025229/metrics.jsonl
Writing metrics: /home/scur2667/logdir/reproducibility/atari100k_private_eye/2/20250505T025229/scores.jsonl

--------------------[Agent Step 354_000]--------------------
Metrics filtered by: 'score|length|fps|ratio|train/loss/|train/rand/'
train/loss/con 0.02 / train/loss/dyn 1.38 / train/loss/image 0.86 / train/loss/policy 2.6e-3 / train/loss/rep 1.38 / train/loss/repval 2.9 / train/loss/rew 1.8e-3 / train/loss/value 2.45 / train/rand/action 0.19 / replay/replay_ratio 260.33 / fps/policy 13.2 / fps/train 3383.61

Writing metrics: /home/scur2667/logdir/reproducibility/atari100k_private_eye/2/20250505T025229/metrics.jsonlWriting metrics: /home/scur2667/logdir/reproducibility/atari100k_private_eye/2/20250505T025229/scores.jsonl

Saving checkpoint: /home/scur2667/logdir/reproducibility/atari100k_private_eye/2/20250505T025229/ckpt/20250505T043835F789349
Saved checkpoint.

--------------------[Agent Step 361_280]--------------------
Metrics filtered by: 'score|length|fps|ratio|train/loss/|train/rand/'
episode/score -617 / episode/length 2696 / train/loss/con 0.02 / train/loss/dyn 1.3 / train/loss/image 0.76 / train/loss/policy 7.1e-3 / train/loss/rep 1.3 / train/loss/repval 2.84 / train/loss/rew 1.4e-3 / train/loss/value 2.32 / train/rand/action 0.18 / replay/replay_ratio 260 / fps/policy 15.12 / fps/train 3870.21

Writing metrics: /home/scur2667/logdir/reproducibility/atari100k_private_eye/2/20250505T025229/metrics.jsonlWriting metrics: /home/scur2667/logdir/reproducibility/atari100k_private_eye/2/20250505T025229/scores.jsonl


--------------------[Agent Step 367_600]--------------------
Metrics filtered by: 'score|length|fps|ratio|train/loss/|train/rand/'
episode/score -800 / episode/length 2692 / train/loss/con 0.02 / train/loss/dyn 1.34 / train/loss/image 0.77 / train/loss/policy 8.2e-3 / train/loss/rep 1.34 / train/loss/repval 2.93 / train/loss/rew 1.8e-3 / train/loss/value 2.4 / train/rand/action 0.22 / replay/replay_ratio 260 / fps/policy 13.11 / fps/train 3356.43

Writing metrics: /home/scur2667/logdir/reproducibility/atari100k_private_eye/2/20250505T025229/scores.jsonlWriting metrics: /home/scur2667/logdir/reproducibility/atari100k_private_eye/2/20250505T025229/metrics.jsonl


--------------------[Agent Step 373_960]--------------------
Metrics filtered by: 'score|length|fps|ratio|train/loss/|train/rand/'
train/loss/con 0.02 / train/loss/dyn 1.39 / train/loss/image 0.86 / train/loss/policy 0.01 / train/loss/rep 1.39 / train/loss/repval 3.22 / train/loss/rew 3.8e-3 / train/loss/value 2.7 / train/rand/action 0.17 / replay/replay_ratio 259.67 / fps/policy 13.21 / fps/train 3376.26

Writing metrics: /home/scur2667/logdir/reproducibility/atari100k_private_eye/2/20250505T025229/scores.jsonl
Writing metrics: /home/scur2667/logdir/reproducibility/atari100k_private_eye/2/20250505T025229/metrics.jsonl

--------------------[Agent Step 381_400]--------------------
Metrics filtered by: 'score|length|fps|ratio|train/loss/|train/rand/'
episode/score 4076 / episode/length 2694 / train/loss/con 0.02 / train/loss/dyn 1.28 / train/loss/image 0.87 / train/loss/policy 9.5e-3 / train/loss/rep 1.28 / train/loss/repval 3.01 / train/loss/rew 2.4e-3 / train/loss/value 2.52 / train/rand/action 0.1 / replay/replay_ratio 260 / fps/policy 15.42 / fps/train 3948

Writing metrics: /home/scur2667/logdir/reproducibility/atari100k_private_eye/2/20250505T025229/scores.jsonlWriting metrics: /home/scur2667/logdir/reproducibility/atari100k_private_eye/2/20250505T025229/metrics.jsonl


--------------------[Agent Step 387_720]--------------------
Metrics filtered by: 'score|length|fps|ratio|train/loss/|train/rand/'
train/loss/con 0.02 / train/loss/dyn 1.29 / train/loss/image 0.89 / train/loss/policy 7.2e-3 / train/loss/rep 1.29 / train/loss/repval 2.56 / train/loss/rew 2.5e-3 / train/loss/value 2.01 / train/rand/action 0.08 / replay/replay_ratio 260 / fps/policy 13.16 / fps/train 3368.48

Writing metrics: /home/scur2667/logdir/reproducibility/atari100k_private_eye/2/20250505T025229/metrics.jsonlWriting metrics: /home/scur2667/logdir/reproducibility/atari100k_private_eye/2/20250505T025229/scores.jsonl


--------------------[Agent Step 395_200]--------------------
Metrics filtered by: 'score|length|fps|ratio|train/loss/|train/rand/'
episode/score -351 / episode/length 2695 / train/loss/con 0.02 / train/loss/dyn 1.35 / train/loss/image 0.84 / train/loss/policy 0.01 / train/loss/rep 1.35 / train/loss/repval 2.81 / train/loss/rew 3.9e-3 / train/loss/value 2.21 / train/rand/action 0.08 / replay/replay_ratio 260.28 / fps/policy 15.52 / fps/train 3978.34

Writing metrics: /home/scur2667/logdir/reproducibility/atari100k_private_eye/2/20250505T025229/scores.jsonlWriting metrics: /home/scur2667/logdir/reproducibility/atari100k_private_eye/2/20250505T025229/metrics.jsonl


--------------------[Agent Step 401_440]--------------------
Metrics filtered by: 'score|length|fps|ratio|train/loss/|train/rand/'
episode/score 4386 / episode/length 2697 / train/loss/con 0.02 / train/loss/dyn 1.39 / train/loss/image 0.84 / train/loss/policy 0.02 / train/loss/rep 1.39 / train/loss/repval 2.69 / train/loss/rew 2.9e-3 / train/loss/value 2.26 / train/rand/action 0.09 / replay/replay_ratio 260 / fps/policy 12.99 / fps/train 3326.19

Writing metrics: /home/scur2667/logdir/reproducibility/atari100k_private_eye/2/20250505T025229/metrics.jsonl
Writing metrics: /home/scur2667/logdir/reproducibility/atari100k_private_eye/2/20250505T025229/scores.jsonl
Saving checkpoint: /home/scur2667/logdir/reproducibility/atari100k_private_eye/2/20250505T025229/ckpt/20250505T045335F888626
Saved checkpoint.

--------------------[Agent Step 407_600]--------------------
Metrics filtered by: 'score|length|fps|ratio|train/loss/|train/rand/'
train/loss/con 0.02 / train/loss/dyn 1.27 / train/loss/image 0.77 / train/loss/policy 5.6e-3 / train/loss/rep 1.27 / train/loss/repval 1.9 / train/loss/rew 2.9e-3 / train/loss/value 1.51 / train/rand/action 0.07 / replay/replay_ratio 260 / fps/policy 12.78 / fps/train 3271.8

Writing metrics: /home/scur2667/logdir/reproducibility/atari100k_private_eye/2/20250505T025229/metrics.jsonlWriting metrics: /home/scur2667/logdir/reproducibility/atari100k_private_eye/2/20250505T025229/scores.jsonl


--------------------[Agent Step 415_040]--------------------
Metrics filtered by: 'score|length|fps|ratio|train/loss/|train/rand/'
episode/score 4432 / episode/length 2695 / train/loss/con 0.02 / train/loss/dyn 1.27 / train/loss/image 0.74 / train/loss/policy 6.2e-3 / train/loss/rep 1.27 / train/loss/repval 2 / train/loss/rew 2.9e-3 / train/loss/value 1.64 / train/rand/action 0.08 / replay/replay_ratio 260 / fps/policy 15.44 / fps/train 3952.88

Writing metrics: /home/scur2667/logdir/reproducibility/atari100k_private_eye/2/20250505T025229/scores.jsonlWriting metrics: /home/scur2667/logdir/reproducibility/atari100k_private_eye/2/20250505T025229/metrics.jsonl


--------------------[Agent Step 421_400]--------------------
Metrics filtered by: 'score|length|fps|ratio|train/loss/|train/rand/'
episode/score 4300 / episode/length 2694 / train/loss/con 0.02 / train/loss/dyn 1.3 / train/loss/image 0.74 / train/loss/policy 4e-3 / train/loss/rep 1.3 / train/loss/repval 1.91 / train/loss/rew 2.9e-3 / train/loss/value 1.6 / train/rand/action 0.07 / replay/replay_ratio 259.67 / fps/policy 13.18 / fps/train 3370.25

Writing metrics: /home/scur2667/logdir/reproducibility/atari100k_private_eye/2/20250505T025229/scores.jsonlWriting metrics: /home/scur2667/logdir/reproducibility/atari100k_private_eye/2/20250505T025229/metrics.jsonl


--------------------[Agent Step 427_720]--------------------
Metrics filtered by: 'score|length|fps|ratio|train/loss/|train/rand/'
train/loss/con 0.02 / train/loss/dyn 1.27 / train/loss/image 0.7 / train/loss/policy 3.4e-3 / train/loss/rep 1.27 / train/loss/repval 1.97 / train/loss/rew 2.8e-3 / train/loss/value 1.67 / train/rand/action 0.06 / replay/replay_ratio 260 / fps/policy 13.16 / fps/train 3369.73

Writing metrics: /home/scur2667/logdir/reproducibility/atari100k_private_eye/2/20250505T025229/metrics.jsonlWriting metrics: /home/scur2667/logdir/reproducibility/atari100k_private_eye/2/20250505T025229/scores.jsonl


--------------------[Agent Step 435_160]--------------------
Metrics filtered by: 'score|length|fps|ratio|train/loss/|train/rand/'
episode/score 4258 / episode/length 2698 / train/loss/con 0.02 / train/loss/dyn 1.29 / train/loss/image 0.7 / train/loss/policy 1.8e-3 / train/loss/rep 1.29 / train/loss/repval 1.9 / train/loss/rew 2.5e-3 / train/loss/value 1.59 / train/rand/action 0.05 / replay/replay_ratio 260 / fps/policy 15.42 / fps/train 3948.16

Writing metrics: /home/scur2667/logdir/reproducibility/atari100k_private_eye/2/20250505T025229/metrics.jsonl
Writing metrics: /home/scur2667/logdir/reproducibility/atari100k_private_eye/2/20250505T025229/scores.jsonl
[1;34mwandb[0m: 
[1;34mwandb[0m: 🚀 View run [33mrepr/reproducibility/atari100k_private_eye/2/20250505T025229[0m at: [34mhttps://wandb.ai/dreamerz/reproducibility/runs/8fnym3is[0m
[1;34mwandb[0m: Find logs at: [1;35mwandb/run-20250505_025328-8fnym3is/logs[0m

JOB STATISTICS
==============
Job ID: 11570666
Cluster: snellius
User/Group: scur2667/scur2667
State: COMPLETED (exit code 0)
Nodes: 1
Cores per node: 18
CPU Utilized: 01:05:00
CPU Efficiency: 2.75% of 1-15:24:00 core-walltime
Job Wall-clock time: 02:11:20
Memory Utilized: 7.89 GB
Memory Efficiency: 25.24% of 31.25 GB (31.25 GB/node)
