============================================================================================== 
Warning! Mixing Conda and module environments may lead to corruption of the
user environment. 
We do not recommend users mixing those two environments unless absolutely
necessary. Note that 
SURF does not provide any support for Conda environment.
For more information, please refer to our software policy page:
https://servicedesk.surf.nl/wiki/display/WIKI/Software+policy+Snellius#SoftwarepolicySnellius-UseofAnacondaandMinicondaenvironmentsonSnellius 

Remember that many packages have already been installed on the system and can
be loaded using 
the 'module load <package__name>' command. If you are uncertain if a package is
already available 
on the system, please use 'module avail' or 'module spider' to search for it.
============================================================================================== 
A.L.E: Arcade Learning Environment (version 0.9.0+750d7f9)
[Powered by Stella]
wandb: Using wandb-core as the SDK backend.  Please refer to https://wandb.me/wandb-core for more information.
wandb: Currently logged in as: 2t2c (dreamerz) to https://api.wandb.ai. Use `wandb login --relogin` to force relogin
wandb: Tracking run with wandb version 0.19.9
wandb: Run data is saved locally in /gpfs/home4/scur2667/re-dreamerv3/wandb/run-20250511_193614-yy7unahs
wandb: Run `wandb offline` to turn off syncing.
wandb: Syncing run dyn_L4_H8/rssmv2/atari100k_private_eye/dyn/1/20250511T193451
wandb: ⭐️ View project at https://wandb.ai/dreamerz/rssmv2
wandb: 🚀 View run at https://wandb.ai/dreamerz/rssmv2/runs/yy7unahs
---  ___                           __   ______ ---
--- |   \ _ _ ___ __ _ _ __  ___ _ \ \ / /__ / ---
--- | |) | '_/ -_) _` | '  \/ -_) '/\ V / |_ \ ---
--- |___/|_| \___\__,_|_|_|_\___|_|  \_/ |___/ ---
Replica: 0 / 1
Logdir: /home/scur2667/logdir/rssmv2/atari100k_private_eye/dyn/1/20250511T193451
Run script: train
Observations
  image            Space(uint8, shape=(64, 64, 3), low=0, high=255)
  reward           Space(float32, shape=(), low=-inf, high=inf)
  is_first         Space(bool, shape=(), low=False, high=True)
  is_last          Space(bool, shape=(), low=False, high=True)
  is_terminal      Space(bool, shape=(), low=False, high=True)
Actions
  action           Space(int32, shape=(), low=0, high=18)
Extras
  consec           Space(int32, shape=(), low=-2147483648, high=2147483647)
  stepid           Space(uint8, shape=(20,), low=0, high=255)
  dyn/deter        Space(float32, shape=(8192,), low=-inf, high=inf)
  dyn/stoch        Space(float32, shape=(32, 64), low=-inf, high=inf)
JAX devices (1): [cuda:0]
Policy devices: cuda:0
Train devices:  cuda:0
Initializing parameters...
Optimizer opt has 165,854,740 params:
    95,383,808 dyn
    20,282,115 dec
    12,850,431 val
    12,607,506 pol
    10,749,183 rew
    10,488,833 con
     3,492,864 enc
Done initializing!
Compiling 1 checkpoint groups...
Largest checkpoint group: 2 GB
Compiling train and report...
Train cost analysis:
  FLOPS:            4.6e+11
  Memory (temp):    6.5e+09
  Memory (inputs):  2.1e+09
  Memory (outputs): 2.1e+09
  Memory (code):    4.8e+06

Report cost analysis:
  FLOPS:            1.0e+10
  Memory (temp):    6.7e+08
  Memory (inputs):  5.1e+08
  Memory (outputs): 1.0e+07
  Memory (code):    8.3e+06

Done compiling!
Did not find any checkpoint.
Saving checkpoint: /home/scur2667/logdir/rssmv2/atari100k_private_eye/dyn/1/20250511T193451/ckpt/20250511T193615F268315
Saved checkpoint.
Start training loop

--------------------[Agent Step 8_160]--------------------
Metrics filtered by: 'score|length|fps|ratio|train/loss/|train/rand/'
train/loss/con 0.12 / train/loss/dyn 3.29 / train/loss/image 275.41 / train/loss/policy 9.1e-3 / train/loss/rep 3.29 / train/loss/repval 9.06 / train/loss/rew 4.49 / train/loss/value 7.14 / train/rand/action 1 / replay/replay_ratio 126.32 / fps/policy 16.19 / fps/train 1942.24

Writing metrics: /home/scur2667/logdir/rssmv2/atari100k_private_eye/dyn/1/20250511T193451/metrics.jsonl
Writing metrics: /home/scur2667/logdir/rssmv2/atari100k_private_eye/dyn/1/20250511T193451/scores.jsonl

--------------------[Agent Step 12_200]--------------------
Metrics filtered by: 'score|length|fps|ratio|train/loss/|train/rand/'
episode/score 100 / episode/length 2697 / train/loss/con 0.02 / train/loss/dyn 1 / train/loss/image 59.04 / train/loss/policy 0.27 / train/loss/rep 1 / train/loss/repval 3.53 / train/loss/rew 0.56 / train/loss/value 2.9 / train/rand/action 0.99 / replay/replay_ratio 259.49 / fps/policy 8.35 / fps/train 2134.5

Writing metrics: /home/scur2667/logdir/rssmv2/atari100k_private_eye/dyn/1/20250511T193451/metrics.jsonlWriting metrics: /home/scur2667/logdir/rssmv2/atari100k_private_eye/dyn/1/20250511T193451/scores.jsonl


--------------------[Agent Step 15_560]--------------------
Metrics filtered by: 'score|length|fps|ratio|train/loss/|train/rand/'
train/loss/con 0.02 / train/loss/dyn 1.01 / train/loss/image 49.37 / train/loss/policy 0.38 / train/loss/rep 1.01 / train/loss/repval 2.86 / train/loss/rew 7e-3 / train/loss/value 2.41 / train/rand/action 0.99 / replay/replay_ratio 260 / fps/policy 6.96 / fps/train 1780.68

Writing metrics: /home/scur2667/logdir/rssmv2/atari100k_private_eye/dyn/1/20250511T193451/metrics.jsonlWriting metrics: /home/scur2667/logdir/rssmv2/atari100k_private_eye/dyn/1/20250511T193451/scores.jsonl


--------------------[Agent Step 19_520]--------------------
Metrics filtered by: 'score|length|fps|ratio|train/loss/|train/rand/'
train/loss/con 0.02 / train/loss/dyn 1.01 / train/loss/image 57.46 / train/loss/policy 0.5 / train/loss/rep 1.01 / train/loss/repval 2.41 / train/loss/rew 5.1e-3 / train/loss/value 2.13 / train/rand/action 0.97 / replay/replay_ratio 260.53 / fps/policy 8.19 / fps/train 2100.23

Writing metrics: /home/scur2667/logdir/rssmv2/atari100k_private_eye/dyn/1/20250511T193451/metrics.jsonl
Writing metrics: /home/scur2667/logdir/rssmv2/atari100k_private_eye/dyn/1/20250511T193451/scores.jsonl

--------------------[Agent Step 23_560]--------------------
Metrics filtered by: 'score|length|fps|ratio|train/loss/|train/rand/'
episode/score 100 / episode/length 2692 / train/loss/con 0.02 / train/loss/dyn 1.01 / train/loss/image 62.42 / train/loss/policy 0.39 / train/loss/rep 1.01 / train/loss/repval 1.85 / train/loss/rew 3.8e-3 / train/loss/value 1.75 / train/rand/action 0.98 / replay/replay_ratio 259.49 / fps/policy 8.34 / fps/train 2131.28

Writing metrics: /home/scur2667/logdir/rssmv2/atari100k_private_eye/dyn/1/20250511T193451/scores.jsonlWriting metrics: /home/scur2667/logdir/rssmv2/atari100k_private_eye/dyn/1/20250511T193451/metrics.jsonl


--------------------[Agent Step 26_920]--------------------
Metrics filtered by: 'score|length|fps|ratio|train/loss/|train/rand/'
train/loss/con 0.02 / train/loss/dyn 1.02 / train/loss/image 70.11 / train/loss/policy 0.44 / train/loss/rep 1.02 / train/loss/repval 1.66 / train/loss/rew 9.2e-3 / train/loss/value 1.46 / train/rand/action 0.99 / replay/replay_ratio 260 / fps/policy 6.98 / fps/train 1786.81

Writing metrics: /home/scur2667/logdir/rssmv2/atari100k_private_eye/dyn/1/20250511T193451/metrics.jsonlWriting metrics: /home/scur2667/logdir/rssmv2/atari100k_private_eye/dyn/1/20250511T193451/scores.jsonl


--------------------[Agent Step 30_960]--------------------
Metrics filtered by: 'score|length|fps|ratio|train/loss/|train/rand/'
train/loss/con 0.02 / train/loss/dyn 1.07 / train/loss/image 67.23 / train/loss/policy 0.88 / train/loss/rep 1.07 / train/loss/repval 3.55 / train/loss/rew 0.04 / train/loss/value 3.12 / train/rand/action 0.9 / replay/replay_ratio 260.51 / fps/policy 8.38 / fps/train 2149.16

Writing metrics: /home/scur2667/logdir/rssmv2/atari100k_private_eye/dyn/1/20250511T193451/scores.jsonlWriting metrics: /home/scur2667/logdir/rssmv2/atari100k_private_eye/dyn/1/20250511T193451/metrics.jsonl

Saving checkpoint: /home/scur2667/logdir/rssmv2/atari100k_private_eye/dyn/1/20250511T193451/ckpt/20250511T195121F904823
Saved checkpoint.

--------------------[Agent Step 34_920]--------------------
Metrics filtered by: 'score|length|fps|ratio|train/loss/|train/rand/'
episode/score 1.5e4 / episode/length 2696 / train/loss/con 0.02 / train/loss/dyn 1.4 / train/loss/image 61.49 / train/loss/policy 0.48 / train/loss/rep 1.4 / train/loss/repval 3.57 / train/loss/rew 0.04 / train/loss/value 3.06 / train/rand/action 0.25 / replay/replay_ratio 259.47 / fps/policy 8.17 / fps/train 2086.02

Writing metrics: /home/scur2667/logdir/rssmv2/atari100k_private_eye/dyn/1/20250511T193451/metrics.jsonlWriting metrics: /home/scur2667/logdir/rssmv2/atari100k_private_eye/dyn/1/20250511T193451/scores.jsonl


--------------------[Agent Step 38_280]--------------------
Metrics filtered by: 'score|length|fps|ratio|train/loss/|train/rand/'
train/loss/con 0.02 / train/loss/dyn 2.49 / train/loss/image 57.59 / train/loss/policy 0.14 / train/loss/rep 2.49 / train/loss/repval 3.2 / train/loss/rew 0.05 / train/loss/value 2.91 / train/rand/action 0.17 / replay/replay_ratio 260 / fps/policy 6.98 / fps/train 1785.92

Writing metrics: /home/scur2667/logdir/rssmv2/atari100k_private_eye/dyn/1/20250511T193451/scores.jsonlWriting metrics: /home/scur2667/logdir/rssmv2/atari100k_private_eye/dyn/1/20250511T193451/metrics.jsonl


--------------------[Agent Step 42_320]--------------------
Metrics filtered by: 'score|length|fps|ratio|train/loss/|train/rand/'
train/loss/con 0.02 / train/loss/dyn 3 / train/loss/image 40.49 / train/loss/policy 0.05 / train/loss/rep 3 / train/loss/repval 2.22 / train/loss/rew 0.04 / train/loss/value 2 / train/rand/action 0.16 / replay/replay_ratio 260.51 / fps/policy 8.38 / fps/train 2148.92

Writing metrics: /home/scur2667/logdir/rssmv2/atari100k_private_eye/dyn/1/20250511T193451/metrics.jsonl
Writing metrics: /home/scur2667/logdir/rssmv2/atari100k_private_eye/dyn/1/20250511T193451/scores.jsonl

--------------------[Agent Step 46_320]--------------------
Metrics filtered by: 'score|length|fps|ratio|train/loss/|train/rand/'
episode/score 4632 / episode/length 2696 / train/loss/con 0.02 / train/loss/dyn 2.4 / train/loss/image 25.97 / train/loss/policy 0.02 / train/loss/rep 2.4 / train/loss/repval 2.34 / train/loss/rew 0.04 / train/loss/value 1.96 / train/rand/action 0.15 / replay/replay_ratio 260 / fps/policy 8.27 / fps/train 2117.22

Writing metrics: /home/scur2667/logdir/rssmv2/atari100k_private_eye/dyn/1/20250511T193451/scores.jsonlWriting metrics: /home/scur2667/logdir/rssmv2/atari100k_private_eye/dyn/1/20250511T193451/metrics.jsonl


--------------------[Agent Step 49_760]--------------------
Metrics filtered by: 'score|length|fps|ratio|train/loss/|train/rand/'
train/loss/con 0.02 / train/loss/dyn 2.02 / train/loss/image 20.02 / train/loss/policy 0.01 / train/loss/rep 2.02 / train/loss/repval 2.03 / train/loss/rew 0.03 / train/loss/value 1.52 / train/rand/action 0.14 / replay/replay_ratio 260 / fps/policy 7.13 / fps/train 1824.21

Writing metrics: /home/scur2667/logdir/rssmv2/atari100k_private_eye/dyn/1/20250511T193451/metrics.jsonl
Writing metrics: /home/scur2667/logdir/rssmv2/atari100k_private_eye/dyn/1/20250511T193451/scores.jsonl

--------------------[Agent Step 53_800]--------------------
Metrics filtered by: 'score|length|fps|ratio|train/loss/|train/rand/'
train/loss/con 0.02 / train/loss/dyn 1.89 / train/loss/image 18.17 / train/loss/policy 7.4e-3 / train/loss/rep 1.89 / train/loss/repval 2.03 / train/loss/rew 0.03 / train/loss/value 1.55 / train/rand/action 0.11 / replay/replay_ratio 259.49 / fps/policy 8.35 / fps/train 2134.13

Writing metrics: /home/scur2667/logdir/rssmv2/atari100k_private_eye/dyn/1/20250511T193451/scores.jsonlWriting metrics: /home/scur2667/logdir/rssmv2/atari100k_private_eye/dyn/1/20250511T193451/metrics.jsonl


--------------------[Agent Step 57_760]--------------------
Metrics filtered by: 'score|length|fps|ratio|train/loss/|train/rand/'
episode/score -536 / episode/length 2699 / train/loss/con 0.02 / train/loss/dyn 1.8 / train/loss/image 17.71 / train/loss/policy 3.7e-3 / train/loss/rep 1.8 / train/loss/repval 2.08 / train/loss/rew 0.03 / train/loss/value 1.44 / train/rand/action 0.11 / replay/replay_ratio 260.53 / fps/policy 8.22 / fps/train 2107.44

Writing metrics: /home/scur2667/logdir/rssmv2/atari100k_private_eye/dyn/1/20250511T193451/scores.jsonlWriting metrics: /home/scur2667/logdir/rssmv2/atari100k_private_eye/dyn/1/20250511T193451/metrics.jsonl

Saving checkpoint: /home/scur2667/logdir/rssmv2/atari100k_private_eye/dyn/1/20250511T193451/ckpt/20250511T200623F019199
Saved checkpoint.

--------------------[Agent Step 61_120]--------------------
Metrics filtered by: 'score|length|fps|ratio|train/loss/|train/rand/'
train/loss/con 0.02 / train/loss/dyn 1.76 / train/loss/image 15.92 / train/loss/policy 0.01 / train/loss/rep 1.76 / train/loss/repval 2.03 / train/loss/rew 0.03 / train/loss/value 1.4 / train/rand/action 0.33 / replay/replay_ratio 260 / fps/policy 6.98 / fps/train 1787.05

Writing metrics: /home/scur2667/logdir/rssmv2/atari100k_private_eye/dyn/1/20250511T193451/metrics.jsonl
Writing metrics: /home/scur2667/logdir/rssmv2/atari100k_private_eye/dyn/1/20250511T193451/scores.jsonl

--------------------[Agent Step 65_120]--------------------
Metrics filtered by: 'score|length|fps|ratio|train/loss/|train/rand/'
episode/score -1000 / episode/length 2692 / train/loss/con 0.02 / train/loss/dyn 1.69 / train/loss/image 14.79 / train/loss/policy 0.01 / train/loss/rep 1.69 / train/loss/repval 2.02 / train/loss/rew 0.03 / train/loss/value 1.48 / train/rand/action 0.43 / replay/replay_ratio 260 / fps/policy 8.29 / fps/train 2121.98

Writing metrics: /home/scur2667/logdir/rssmv2/atari100k_private_eye/dyn/1/20250511T193451/metrics.jsonlWriting metrics: /home/scur2667/logdir/rssmv2/atari100k_private_eye/dyn/1/20250511T193451/scores.jsonl


--------------------[Agent Step 68_560]--------------------
Metrics filtered by: 'score|length|fps|ratio|train/loss/|train/rand/'
train/loss/con 0.02 / train/loss/dyn 1.55 / train/loss/image 14.09 / train/loss/policy 5.4e-3 / train/loss/rep 1.55 / train/loss/repval 2.1 / train/loss/rew 0.04 / train/loss/value 1.53 / train/rand/action 0.22 / replay/replay_ratio 260 / fps/policy 7.14 / fps/train 1827.09

Writing metrics: /home/scur2667/logdir/rssmv2/atari100k_private_eye/dyn/1/20250511T193451/metrics.jsonlWriting metrics: /home/scur2667/logdir/rssmv2/atari100k_private_eye/dyn/1/20250511T193451/scores.jsonl


--------------------[Agent Step 72_600]--------------------
Metrics filtered by: 'score|length|fps|ratio|train/loss/|train/rand/'
train/loss/con 0.02 / train/loss/dyn 1.56 / train/loss/image 14.59 / train/loss/policy 2.1e-3 / train/loss/rep 1.56 / train/loss/repval 2.29 / train/loss/rew 0.04 / train/loss/value 1.7 / train/rand/action 0.21 / replay/replay_ratio 259.49 / fps/policy 8.35 / fps/train 2132.18

Writing metrics: /home/scur2667/logdir/rssmv2/atari100k_private_eye/dyn/1/20250511T193451/scores.jsonlWriting metrics: /home/scur2667/logdir/rssmv2/atari100k_private_eye/dyn/1/20250511T193451/metrics.jsonl


--------------------[Agent Step 76_600]--------------------
Metrics filtered by: 'score|length|fps|ratio|train/loss/|train/rand/'
episode/score -951 / episode/length 2697 / train/loss/con 0.02 / train/loss/dyn 1.45 / train/loss/image 13.31 / train/loss/policy 6.9e-4 / train/loss/rep 1.45 / train/loss/repval 2.1 / train/loss/rew 0.04 / train/loss/value 1.48 / train/rand/action 0.21 / replay/replay_ratio 260 / fps/policy 8.27 / fps/train 2117.94

Writing metrics: /home/scur2667/logdir/rssmv2/atari100k_private_eye/dyn/1/20250511T193451/scores.jsonlWriting metrics: /home/scur2667/logdir/rssmv2/atari100k_private_eye/dyn/1/20250511T193451/metrics.jsonl


--------------------[Agent Step 80_040]--------------------
Metrics filtered by: 'score|length|fps|ratio|train/loss/|train/rand/'
train/loss/con 0.02 / train/loss/dyn 1.54 / train/loss/image 14.25 / train/loss/policy -2.9e-4 / train/loss/rep 1.54 / train/loss/repval 2.32 / train/loss/rew 0.04 / train/loss/value 1.66 / train/rand/action 0.32 / replay/replay_ratio 260 / fps/policy 7.11 / fps/train 1820.3

Writing metrics: /home/scur2667/logdir/rssmv2/atari100k_private_eye/dyn/1/20250511T193451/metrics.jsonlWriting metrics: /home/scur2667/logdir/rssmv2/atari100k_private_eye/dyn/1/20250511T193451/scores.jsonl


--------------------[Agent Step 84_040]--------------------
Metrics filtered by: 'score|length|fps|ratio|train/loss/|train/rand/'
train/loss/con 0.02 / train/loss/dyn 1.56 / train/loss/image 14.92 / train/loss/policy -4.9e-4 / train/loss/rep 1.56 / train/loss/repval 2.18 / train/loss/rew 0.04 / train/loss/value 1.51 / train/rand/action 0.41 / replay/replay_ratio 260 / fps/policy 8.3 / fps/train 2123.55

Writing metrics: /home/scur2667/logdir/rssmv2/atari100k_private_eye/dyn/1/20250511T193451/metrics.jsonl
Writing metrics: /home/scur2667/logdir/rssmv2/atari100k_private_eye/dyn/1/20250511T193451/scores.jsonl

--------------------[Agent Step 88_080]--------------------
Metrics filtered by: 'score|length|fps|ratio|train/loss/|train/rand/'
episode/score 3972 / episode/length 2699 / train/loss/con 0.02 / train/loss/dyn 1.6 / train/loss/image 15.55 / train/loss/policy -2.9e-4 / train/loss/rep 1.6 / train/loss/repval 2.13 / train/loss/rew 0.04 / train/loss/value 1.42 / train/rand/action 0.44 / replay/replay_ratio 260.51 / fps/policy 8.38 / fps/train 2149.64

Writing metrics: /home/scur2667/logdir/rssmv2/atari100k_private_eye/dyn/1/20250511T193451/metrics.jsonlWriting metrics: /home/scur2667/logdir/rssmv2/atari100k_private_eye/dyn/1/20250511T193451/scores.jsonl

Saving checkpoint: /home/scur2667/logdir/rssmv2/atari100k_private_eye/dyn/1/20250511T193451/ckpt/20250511T202123F674045
Saved checkpoint.

--------------------[Agent Step 91_440]--------------------
Metrics filtered by: 'score|length|fps|ratio|train/loss/|train/rand/'
train/loss/con 0.02 / train/loss/dyn 1.51 / train/loss/image 13.88 / train/loss/policy 6.3e-3 / train/loss/rep 1.51 / train/loss/repval 2.24 / train/loss/rew 0.04 / train/loss/value 1.58 / train/rand/action 0.62 / replay/replay_ratio 260 / fps/policy 6.99 / fps/train 1789.81

Writing metrics: /home/scur2667/logdir/rssmv2/atari100k_private_eye/dyn/1/20250511T193451/metrics.jsonlWriting metrics: /home/scur2667/logdir/rssmv2/atari100k_private_eye/dyn/1/20250511T193451/scores.jsonl


--------------------[Agent Step 95_440]--------------------
Metrics filtered by: 'score|length|fps|ratio|train/loss/|train/rand/'
train/loss/con 0.02 / train/loss/dyn 1.51 / train/loss/image 14.08 / train/loss/policy 9.1e-3 / train/loss/rep 1.51 / train/loss/repval 2.42 / train/loss/rew 0.04 / train/loss/value 1.81 / train/rand/action 0.45 / replay/replay_ratio 260 / fps/policy 8.28 / fps/train 2118.5

Writing metrics: /home/scur2667/logdir/rssmv2/atari100k_private_eye/dyn/1/20250511T193451/metrics.jsonlWriting metrics: /home/scur2667/logdir/rssmv2/atari100k_private_eye/dyn/1/20250511T193451/scores.jsonl


--------------------[Agent Step 99_480]--------------------
Metrics filtered by: 'score|length|fps|ratio|train/loss/|train/rand/'
episode/score 3078 / episode/length 2694 / train/loss/con 0.02 / train/loss/dyn 1.48 / train/loss/image 14.35 / train/loss/policy 0.01 / train/loss/rep 1.48 / train/loss/repval 2.43 / train/loss/rew 0.05 / train/loss/value 1.66 / train/rand/action 0.43 / replay/replay_ratio 259.49 / fps/policy 8.35 / fps/train 2132.88

Writing metrics: /home/scur2667/logdir/rssmv2/atari100k_private_eye/dyn/1/20250511T193451/scores.jsonlWriting metrics: /home/scur2667/logdir/rssmv2/atari100k_private_eye/dyn/1/20250511T193451/metrics.jsonl


--------------------[Agent Step 102_880]--------------------
Metrics filtered by: 'score|length|fps|ratio|train/loss/|train/rand/'
train/loss/con 0.02 / train/loss/dyn 1.42 / train/loss/image 14 / train/loss/policy 7e-3 / train/loss/rep 1.42 / train/loss/repval 2.73 / train/loss/rew 0.05 / train/loss/value 2.02 / train/rand/action 0.45 / replay/replay_ratio 260.61 / fps/policy 7.04 / fps/train 1807.62

Writing metrics: /home/scur2667/logdir/rssmv2/atari100k_private_eye/dyn/1/20250511T193451/metrics.jsonl
Writing metrics: /home/scur2667/logdir/rssmv2/atari100k_private_eye/dyn/1/20250511T193451/scores.jsonl

--------------------[Agent Step 106_920]--------------------
Metrics filtered by: 'score|length|fps|ratio|train/loss/|train/rand/'
train/loss/con 0.02 / train/loss/dyn 1.56 / train/loss/image 15.12 / train/loss/policy 0.01 / train/loss/rep 1.56 / train/loss/repval 2.44 / train/loss/rew 0.04 / train/loss/value 1.73 / train/rand/action 0.54 / replay/replay_ratio 259.49 / fps/policy 8.35 / fps/train 2133.44

Writing metrics: /home/scur2667/logdir/rssmv2/atari100k_private_eye/dyn/1/20250511T193451/scores.jsonlWriting metrics: /home/scur2667/logdir/rssmv2/atari100k_private_eye/dyn/1/20250511T193451/metrics.jsonl


--------------------[Agent Step 110_960]--------------------
Metrics filtered by: 'score|length|fps|ratio|train/loss/|train/rand/'
episode/score -1000 / episode/length 2692 / train/loss/con 0.02 / train/loss/dyn 1.54 / train/loss/image 15.11 / train/loss/policy 4.1e-3 / train/loss/rep 1.54 / train/loss/repval 2.38 / train/loss/rew 0.04 / train/loss/value 1.66 / train/rand/action 0.56 / replay/replay_ratio 260.51 / fps/policy 8.36 / fps/train 2145.59

Writing metrics: /home/scur2667/logdir/rssmv2/atari100k_private_eye/dyn/1/20250511T193451/scores.jsonlWriting metrics: /home/scur2667/logdir/rssmv2/atari100k_private_eye/dyn/1/20250511T193451/metrics.jsonl


--------------------[Agent Step 114_360]--------------------
Metrics filtered by: 'score|length|fps|ratio|train/loss/|train/rand/'
train/loss/con 0.02 / train/loss/dyn 1.71 / train/loss/image 15.75 / train/loss/policy 6.1e-3 / train/loss/rep 1.71 / train/loss/repval 2.3 / train/loss/rew 0.04 / train/loss/value 1.62 / train/rand/action 0.6 / replay/replay_ratio 259.39 / fps/policy 7.04 / fps/train 1798.29

Writing metrics: /home/scur2667/logdir/rssmv2/atari100k_private_eye/dyn/1/20250511T193451/metrics.jsonlWriting metrics: /home/scur2667/logdir/rssmv2/atari100k_private_eye/dyn/1/20250511T193451/scores.jsonl

Saving checkpoint: /home/scur2667/logdir/rssmv2/atari100k_private_eye/dyn/1/20250511T193451/ckpt/20250511T203624F016824
Saved checkpoint.

--------------------[Agent Step 118_320]--------------------
Metrics filtered by: 'score|length|fps|ratio|train/loss/|train/rand/'
train/loss/con 0.02 / train/loss/dyn 1.62 / train/loss/image 16.96 / train/loss/policy 4.7e-3 / train/loss/rep 1.62 / train/loss/repval 2.35 / train/loss/rew 0.04 / train/loss/value 1.63 / train/rand/action 0.71 / replay/replay_ratio 260.53 / fps/policy 8.22 / fps/train 2108.08

Writing metrics: /home/scur2667/logdir/rssmv2/atari100k_private_eye/dyn/1/20250511T193451/metrics.jsonlWriting metrics: /home/scur2667/logdir/rssmv2/atari100k_private_eye/dyn/1/20250511T193451/scores.jsonl


--------------------[Agent Step 122_320]--------------------
Metrics filtered by: 'score|length|fps|ratio|train/loss/|train/rand/'
episode/score 4083 / episode/length 2692 / train/loss/con 0.02 / train/loss/dyn 1.75 / train/loss/image 16.47 / train/loss/policy 6.3e-3 / train/loss/rep 1.75 / train/loss/repval 2.56 / train/loss/rew 0.04 / train/loss/value 1.77 / train/rand/action 0.69 / replay/replay_ratio 260 / fps/policy 8.3 / fps/train 2125.04

Writing metrics: /home/scur2667/logdir/rssmv2/atari100k_private_eye/dyn/1/20250511T193451/metrics.jsonlWriting metrics: /home/scur2667/logdir/rssmv2/atari100k_private_eye/dyn/1/20250511T193451/scores.jsonl


--------------------[Agent Step 125_760]--------------------
Metrics filtered by: 'score|length|fps|ratio|train/loss/|train/rand/'
train/loss/con 0.02 / train/loss/dyn 1.63 / train/loss/image 14.75 / train/loss/policy 4.3e-3 / train/loss/rep 1.63 / train/loss/repval 2.56 / train/loss/rew 0.04 / train/loss/value 1.75 / train/rand/action 0.7 / replay/replay_ratio 260 / fps/policy 7.12 / fps/train 1821.66

Writing metrics: /home/scur2667/logdir/rssmv2/atari100k_private_eye/dyn/1/20250511T193451/metrics.jsonl
Writing metrics: /home/scur2667/logdir/rssmv2/atari100k_private_eye/dyn/1/20250511T193451/scores.jsonl

--------------------[Agent Step 129_800]--------------------
Metrics filtered by: 'score|length|fps|ratio|train/loss/|train/rand/'
episode/score 100 / episode/length 2694 / train/loss/con 0.02 / train/loss/dyn 1.57 / train/loss/image 14.46 / train/loss/policy 7e-3 / train/loss/rep 1.57 / train/loss/repval 2.63 / train/loss/rew 0.04 / train/loss/value 1.85 / train/rand/action 0.71 / replay/replay_ratio 259.49 / fps/policy 8.34 / fps/train 2131.42

Writing metrics: /home/scur2667/logdir/rssmv2/atari100k_private_eye/dyn/1/20250511T193451/scores.jsonl
Writing metrics: /home/scur2667/logdir/rssmv2/atari100k_private_eye/dyn/1/20250511T193451/metrics.jsonl

--------------------[Agent Step 133_160]--------------------
Metrics filtered by: 'score|length|fps|ratio|train/loss/|train/rand/'
train/loss/con 0.02 / train/loss/dyn 1.56 / train/loss/image 13.96 / train/loss/policy 0.01 / train/loss/rep 1.56 / train/loss/repval 2.75 / train/loss/rew 0.04 / train/loss/value 2.06 / train/rand/action 0.69 / replay/replay_ratio 260 / fps/policy 6.97 / fps/train 1784.46

Writing metrics: /home/scur2667/logdir/rssmv2/atari100k_private_eye/dyn/1/20250511T193451/metrics.jsonl
Writing metrics: /home/scur2667/logdir/rssmv2/atari100k_private_eye/dyn/1/20250511T193451/scores.jsonl

--------------------[Agent Step 137_200]--------------------
Metrics filtered by: 'score|length|fps|ratio|train/loss/|train/rand/'
train/loss/con 0.02 / train/loss/dyn 1.52 / train/loss/image 13.62 / train/loss/policy 0.01 / train/loss/rep 1.52 / train/loss/repval 2.64 / train/loss/rew 0.03 / train/loss/value 1.84 / train/rand/action 0.75 / replay/replay_ratio 260.51 / fps/policy 8.37 / fps/train 2145.97

Writing metrics: /home/scur2667/logdir/rssmv2/atari100k_private_eye/dyn/1/20250511T193451/metrics.jsonlWriting metrics: /home/scur2667/logdir/rssmv2/atari100k_private_eye/dyn/1/20250511T193451/scores.jsonl


--------------------[Agent Step 141_160]--------------------
Metrics filtered by: 'score|length|fps|ratio|train/loss/|train/rand/'
episode/score 100 / episode/length 2692 / train/loss/con 0.02 / train/loss/dyn 1.59 / train/loss/image 13.69 / train/loss/policy 8.2e-3 / train/loss/rep 1.59 / train/loss/repval 2.57 / train/loss/rew 0.03 / train/loss/value 1.76 / train/rand/action 0.77 / replay/replay_ratio 259.47 / fps/policy 8.2 / fps/train 2094.48

Writing metrics: /home/scur2667/logdir/rssmv2/atari100k_private_eye/dyn/1/20250511T193451/scores.jsonlWriting metrics: /home/scur2667/logdir/rssmv2/atari100k_private_eye/dyn/1/20250511T193451/metrics.jsonl


--------------------[Agent Step 144_600]--------------------
Metrics filtered by: 'score|length|fps|ratio|train/loss/|train/rand/'
train/loss/con 0.02 / train/loss/dyn 1.71 / train/loss/image 14.73 / train/loss/policy 0.01 / train/loss/rep 1.71 / train/loss/repval 2.65 / train/loss/rew 0.04 / train/loss/value 1.86 / train/rand/action 0.72 / replay/replay_ratio 260 / fps/policy 7.1 / fps/train 1816.56

Writing metrics: /home/scur2667/logdir/rssmv2/atari100k_private_eye/dyn/1/20250511T193451/scores.jsonlWriting metrics: /home/scur2667/logdir/rssmv2/atari100k_private_eye/dyn/1/20250511T193451/metrics.jsonl

Saving checkpoint: /home/scur2667/logdir/rssmv2/atari100k_private_eye/dyn/1/20250511T193451/ckpt/20250511T205124F193615
Saved checkpoint.

--------------------[Agent Step 148_560]--------------------
Metrics filtered by: 'score|length|fps|ratio|train/loss/|train/rand/'
train/loss/con 0.02 / train/loss/dyn 1.58 / train/loss/image 13.75 / train/loss/policy 3.6e-3 / train/loss/rep 1.58 / train/loss/repval 2.92 / train/loss/rew 0.04 / train/loss/value 1.96 / train/rand/action 0.71 / replay/replay_ratio 260.53 / fps/policy 8.21 / fps/train 2105.99

Writing metrics: /home/scur2667/logdir/rssmv2/atari100k_private_eye/dyn/1/20250511T193451/metrics.jsonlWriting metrics: /home/scur2667/logdir/rssmv2/atari100k_private_eye/dyn/1/20250511T193451/scores.jsonl


--------------------[Agent Step 152_520]--------------------
Metrics filtered by: 'score|length|fps|ratio|train/loss/|train/rand/'
episode/score -1000 / episode/length 2692 / train/loss/con 0.02 / train/loss/dyn 1.66 / train/loss/image 14.11 / train/loss/policy 8.6e-3 / train/loss/rep 1.66 / train/loss/repval 2.84 / train/loss/rew 0.04 / train/loss/value 1.95 / train/rand/action 0.78 / replay/replay_ratio 259.47 / fps/policy 8.23 / fps/train 2102.54

Writing metrics: /home/scur2667/logdir/rssmv2/atari100k_private_eye/dyn/1/20250511T193451/scores.jsonlWriting metrics: /home/scur2667/logdir/rssmv2/atari100k_private_eye/dyn/1/20250511T193451/metrics.jsonl


--------------------[Agent Step 155_960]--------------------
Metrics filtered by: 'score|length|fps|ratio|train/loss/|train/rand/'
train/loss/con 0.02 / train/loss/dyn 1.56 / train/loss/image 13.55 / train/loss/policy 7.4e-3 / train/loss/rep 1.56 / train/loss/repval 2.79 / train/loss/rew 0.04 / train/loss/value 1.93 / train/rand/action 0.81 / replay/replay_ratio 260 / fps/policy 7.12 / fps/train 1823.29

Writing metrics: /home/scur2667/logdir/rssmv2/atari100k_private_eye/dyn/1/20250511T193451/scores.jsonl
Writing metrics: /home/scur2667/logdir/rssmv2/atari100k_private_eye/dyn/1/20250511T193451/metrics.jsonl

--------------------[Agent Step 159_960]--------------------
Metrics filtered by: 'score|length|fps|ratio|train/loss/|train/rand/'
train/loss/con 0.02 / train/loss/dyn 1.49 / train/loss/image 13.16 / train/loss/policy 0.01 / train/loss/rep 1.49 / train/loss/repval 2.86 / train/loss/rew 0.03 / train/loss/value 2.03 / train/rand/action 0.78 / replay/replay_ratio 260 / fps/policy 8.28 / fps/train 2119.96

Writing metrics: /home/scur2667/logdir/rssmv2/atari100k_private_eye/dyn/1/20250511T193451/metrics.jsonlWriting metrics: /home/scur2667/logdir/rssmv2/atari100k_private_eye/dyn/1/20250511T193451/scores.jsonl


--------------------[Agent Step 164_000]--------------------
Metrics filtered by: 'score|length|fps|ratio|train/loss/|train/rand/'
episode/score 100 / episode/length 2693 / train/loss/con 0.02 / train/loss/dyn 1.52 / train/loss/image 13.42 / train/loss/policy 0.01 / train/loss/rep 1.52 / train/loss/repval 2.85 / train/loss/rew 0.03 / train/loss/value 2.02 / train/rand/action 0.72 / replay/replay_ratio 260.51 / fps/policy 8.38 / fps/train 2149.67

Writing metrics: /home/scur2667/logdir/rssmv2/atari100k_private_eye/dyn/1/20250511T193451/scores.jsonlWriting metrics: /home/scur2667/logdir/rssmv2/atari100k_private_eye/dyn/1/20250511T193451/metrics.jsonl


--------------------[Agent Step 167_440]--------------------
Metrics filtered by: 'score|length|fps|ratio|train/loss/|train/rand/'
train/loss/con 0.02 / train/loss/dyn 1.44 / train/loss/image 13.36 / train/loss/policy 2.5e-3 / train/loss/rep 1.44 / train/loss/repval 2.72 / train/loss/rew 0.03 / train/loss/value 1.9 / train/rand/action 0.78 / replay/replay_ratio 260 / fps/policy 7.12 / fps/train 1822.53

Writing metrics: /home/scur2667/logdir/rssmv2/atari100k_private_eye/dyn/1/20250511T193451/scores.jsonlWriting metrics: /home/scur2667/logdir/rssmv2/atari100k_private_eye/dyn/1/20250511T193451/metrics.jsonl


--------------------[Agent Step 171_440]--------------------
Metrics filtered by: 'score|length|fps|ratio|train/loss/|train/rand/'
train/loss/con 0.02 / train/loss/dyn 1.51 / train/loss/image 13.74 / train/loss/policy -3.7e-3 / train/loss/rep 1.51 / train/loss/repval 3.14 / train/loss/rew 0.03 / train/loss/value 2.13 / train/rand/action 0.83 / replay/replay_ratio 260 / fps/policy 8.32 / fps/train 2129.91

Writing metrics: /home/scur2667/logdir/rssmv2/atari100k_private_eye/dyn/1/20250511T193451/metrics.jsonlWriting metrics: /home/scur2667/logdir/rssmv2/atari100k_private_eye/dyn/1/20250511T193451/scores.jsonl

Saving checkpoint: /home/scur2667/logdir/rssmv2/atari100k_private_eye/dyn/1/20250511T193451/ckpt/20250511T210624F467739
Saved checkpoint.

--------------------[Agent Step 175_400]--------------------
Metrics filtered by: 'score|length|fps|ratio|train/loss/|train/rand/'
episode/score -1000 / episode/length 2696 / train/loss/con 0.02 / train/loss/dyn 1.54 / train/loss/image 13.64 / train/loss/policy 8e-3 / train/loss/rep 1.54 / train/loss/repval 2.95 / train/loss/rew 0.03 / train/loss/value 2.13 / train/rand/action 0.75 / replay/replay_ratio 259.47 / fps/policy 8.19 / fps/train 2091.17

Writing metrics: /home/scur2667/logdir/rssmv2/atari100k_private_eye/dyn/1/20250511T193451/metrics.jsonlWriting metrics: /home/scur2667/logdir/rssmv2/atari100k_private_eye/dyn/1/20250511T193451/scores.jsonl


--------------------[Agent Step 178_800]--------------------
Metrics filtered by: 'score|length|fps|ratio|train/loss/|train/rand/'
train/loss/con 0.02 / train/loss/dyn 1.47 / train/loss/image 13.34 / train/loss/policy 4.5e-3 / train/loss/rep 1.47 / train/loss/repval 2.83 / train/loss/rew 0.03 / train/loss/value 2.13 / train/rand/action 0.79 / replay/replay_ratio 260.61 / fps/policy 7.05 / fps/train 1807.83

Writing metrics: /home/scur2667/logdir/rssmv2/atari100k_private_eye/dyn/1/20250511T193451/metrics.jsonlWriting metrics: /home/scur2667/logdir/rssmv2/atari100k_private_eye/dyn/1/20250511T193451/scores.jsonl


--------------------[Agent Step 182_840]--------------------
Metrics filtered by: 'score|length|fps|ratio|train/loss/|train/rand/'
train/loss/con 0.02 / train/loss/dyn 1.54 / train/loss/image 13.39 / train/loss/policy 0.01 / train/loss/rep 1.54 / train/loss/repval 2.93 / train/loss/rew 0.03 / train/loss/value 2.08 / train/rand/action 0.71 / replay/replay_ratio 259.49 / fps/policy 8.35 / fps/train 2133.76

Writing metrics: /home/scur2667/logdir/rssmv2/atari100k_private_eye/dyn/1/20250511T193451/metrics.jsonl
Writing metrics: /home/scur2667/logdir/rssmv2/atari100k_private_eye/dyn/1/20250511T193451/scores.jsonl

--------------------[Agent Step 186_880]--------------------
Metrics filtered by: 'score|length|fps|ratio|train/loss/|train/rand/'
episode/score 100 / episode/length 2698 / train/loss/con 0.02 / train/loss/dyn 1.62 / train/loss/image 13.29 / train/loss/policy 2e-3 / train/loss/rep 1.62 / train/loss/repval 2.93 / train/loss/rew 0.03 / train/loss/value 2.08 / train/rand/action 0.68 / replay/replay_ratio 260.51 / fps/policy 8.37 / fps/train 2146.79

Writing metrics: /home/scur2667/logdir/rssmv2/atari100k_private_eye/dyn/1/20250511T193451/metrics.jsonl
Writing metrics: /home/scur2667/logdir/rssmv2/atari100k_private_eye/dyn/1/20250511T193451/scores.jsonl

--------------------[Agent Step 190_280]--------------------
Metrics filtered by: 'score|length|fps|ratio|train/loss/|train/rand/'
train/loss/con 0.02 / train/loss/dyn 1.8 / train/loss/image 14.03 / train/loss/policy 2.3e-4 / train/loss/rep 1.8 / train/loss/repval 3.08 / train/loss/rew 0.03 / train/loss/value 2.11 / train/rand/action 0.77 / replay/replay_ratio 259.39 / fps/policy 7.01 / fps/train 1789.6

Writing metrics: /home/scur2667/logdir/rssmv2/atari100k_private_eye/dyn/1/20250511T193451/metrics.jsonlWriting metrics: /home/scur2667/logdir/rssmv2/atari100k_private_eye/dyn/1/20250511T193451/scores.jsonl


--------------------[Agent Step 194_320]--------------------
Metrics filtered by: 'score|length|fps|ratio|train/loss/|train/rand/'
episode/score 4167 / episode/length 2699 / train/loss/con 0.02 / train/loss/dyn 1.67 / train/loss/image 14.19 / train/loss/policy 2.5e-3 / train/loss/rep 1.67 / train/loss/repval 2.98 / train/loss/rew 0.03 / train/loss/value 2.13 / train/rand/action 0.8 / replay/replay_ratio 260.51 / fps/policy 8.37 / fps/train 2146.78

Writing metrics: /home/scur2667/logdir/rssmv2/atari100k_private_eye/dyn/1/20250511T193451/metrics.jsonlWriting metrics: /home/scur2667/logdir/rssmv2/atari100k_private_eye/dyn/1/20250511T193451/scores.jsonl


--------------------[Agent Step 197_720]--------------------
Metrics filtered by: 'score|length|fps|ratio|train/loss/|train/rand/'
train/loss/con 0.02 / train/loss/dyn 1.73 / train/loss/image 14.11 / train/loss/policy 6.7e-3 / train/loss/rep 1.73 / train/loss/repval 3.1 / train/loss/rew 0.04 / train/loss/value 2.24 / train/rand/action 0.8 / replay/replay_ratio 259.39 / fps/policy 7.01 / fps/train 1791.22

Writing metrics: /home/scur2667/logdir/rssmv2/atari100k_private_eye/dyn/1/20250511T193451/metrics.jsonlWriting metrics: /home/scur2667/logdir/rssmv2/atari100k_private_eye/dyn/1/20250511T193451/scores.jsonl


--------------------[Agent Step 201_760]--------------------
Metrics filtered by: 'score|length|fps|ratio|train/loss/|train/rand/'
train/loss/con 0.02 / train/loss/dyn 1.81 / train/loss/image 13.19 / train/loss/policy 1e-2 / train/loss/rep 1.81 / train/loss/repval 2.87 / train/loss/rew 0.03 / train/loss/value 2.13 / train/rand/action 0.8 / replay/replay_ratio 260.51 / fps/policy 8.37 / fps/train 2148.15

Writing metrics: /home/scur2667/logdir/rssmv2/atari100k_private_eye/dyn/1/20250511T193451/scores.jsonlWriting metrics: /home/scur2667/logdir/rssmv2/atari100k_private_eye/dyn/1/20250511T193451/metrics.jsonl

Saving checkpoint: /home/scur2667/logdir/rssmv2/atari100k_private_eye/dyn/1/20250511T193451/ckpt/20250511T212125F800767
Saved checkpoint.

--------------------[Agent Step 205_720]--------------------
Metrics filtered by: 'score|length|fps|ratio|train/loss/|train/rand/'
episode/score 4342 / episode/length 2696 / train/loss/con 0.02 / train/loss/dyn 1.91 / train/loss/image 12.47 / train/loss/policy 4.5e-3 / train/loss/rep 1.91 / train/loss/repval 2.63 / train/loss/rew 0.03 / train/loss/value 1.83 / train/rand/action 0.86 / replay/replay_ratio 259.47 / fps/policy 8.19 / fps/train 2093.53

Writing metrics: /home/scur2667/logdir/rssmv2/atari100k_private_eye/dyn/1/20250511T193451/metrics.jsonlWriting metrics: /home/scur2667/logdir/rssmv2/atari100k_private_eye/dyn/1/20250511T193451/scores.jsonl


--------------------[Agent Step 209_080]--------------------
Metrics filtered by: 'score|length|fps|ratio|train/loss/|train/rand/'
train/loss/con 0.02 / train/loss/dyn 2.01 / train/loss/image 12.99 / train/loss/policy 6.9e-3 / train/loss/rep 2.01 / train/loss/repval 2.79 / train/loss/rew 0.03 / train/loss/value 2.02 / train/rand/action 0.84 / replay/replay_ratio 260 / fps/policy 6.99 / fps/train 1788.94

Writing metrics: /home/scur2667/logdir/rssmv2/atari100k_private_eye/dyn/1/20250511T193451/metrics.jsonl
Writing metrics: /home/scur2667/logdir/rssmv2/atari100k_private_eye/dyn/1/20250511T193451/scores.jsonl

--------------------[Agent Step 213_120]--------------------
Metrics filtered by: 'score|length|fps|ratio|train/loss/|train/rand/'
train/loss/con 0.02 / train/loss/dyn 2.03 / train/loss/image 12.68 / train/loss/policy 5e-3 / train/loss/rep 2.03 / train/loss/repval 2.82 / train/loss/rew 0.03 / train/loss/value 2.15 / train/rand/action 0.79 / replay/replay_ratio 260.51 / fps/policy 8.37 / fps/train 2148.01

Writing metrics: /home/scur2667/logdir/rssmv2/atari100k_private_eye/dyn/1/20250511T193451/scores.jsonl
Writing metrics: /home/scur2667/logdir/rssmv2/atari100k_private_eye/dyn/1/20250511T193451/metrics.jsonl

--------------------[Agent Step 217_120]--------------------
Metrics filtered by: 'score|length|fps|ratio|train/loss/|train/rand/'
episode/score -1000 / episode/length 2691 / train/loss/con 0.02 / train/loss/dyn 2.05 / train/loss/image 12.35 / train/loss/policy 5.4e-3 / train/loss/rep 2.05 / train/loss/repval 2.73 / train/loss/rew 0.03 / train/loss/value 2.09 / train/rand/action 0.76 / replay/replay_ratio 260 / fps/policy 8.27 / fps/train 2116.74

Writing metrics: /home/scur2667/logdir/rssmv2/atari100k_private_eye/dyn/1/20250511T193451/scores.jsonlWriting metrics: /home/scur2667/logdir/rssmv2/atari100k_private_eye/dyn/1/20250511T193451/metrics.jsonl


--------------------[Agent Step 220_560]--------------------
Metrics filtered by: 'score|length|fps|ratio|train/loss/|train/rand/'
train/loss/con 0.02 / train/loss/dyn 2.08 / train/loss/image 11.9 / train/loss/policy 8.1e-3 / train/loss/rep 2.08 / train/loss/repval 2.44 / train/loss/rew 0.03 / train/loss/value 1.83 / train/rand/action 0.76 / replay/replay_ratio 260 / fps/policy 7.11 / fps/train 1819.58

Writing metrics: /home/scur2667/logdir/rssmv2/atari100k_private_eye/dyn/1/20250511T193451/metrics.jsonlWriting metrics: /home/scur2667/logdir/rssmv2/atari100k_private_eye/dyn/1/20250511T193451/scores.jsonl


--------------------[Agent Step 224_600]--------------------
Metrics filtered by: 'score|length|fps|ratio|train/loss/|train/rand/'
train/loss/con 0.02 / train/loss/dyn 2.15 / train/loss/image 11.51 / train/loss/policy 3.1e-3 / train/loss/rep 2.15 / train/loss/repval 2.49 / train/loss/rew 0.03 / train/loss/value 1.82 / train/rand/action 0.74 / replay/replay_ratio 259.49 / fps/policy 8.34 / fps/train 2130.35

Writing metrics: /home/scur2667/logdir/rssmv2/atari100k_private_eye/dyn/1/20250511T193451/scores.jsonlWriting metrics: /home/scur2667/logdir/rssmv2/atari100k_private_eye/dyn/1/20250511T193451/metrics.jsonl


--------------------[Agent Step 228_560]--------------------
Metrics filtered by: 'score|length|fps|ratio|train/loss/|train/rand/'
episode/score -300 / episode/length 2699 / train/loss/con 0.02 / train/loss/dyn 2.26 / train/loss/image 11.66 / train/loss/policy -4.9e-3 / train/loss/rep 2.26 / train/loss/repval 3.33 / train/loss/rew 0.03 / train/loss/value 2.27 / train/rand/action 0.82 / replay/replay_ratio 260.53 / fps/policy 8.25 / fps/train 2115.28

Writing metrics: /home/scur2667/logdir/rssmv2/atari100k_private_eye/dyn/1/20250511T193451/metrics.jsonlWriting metrics: /home/scur2667/logdir/rssmv2/atari100k_private_eye/dyn/1/20250511T193451/scores.jsonl

Saving checkpoint: /home/scur2667/logdir/rssmv2/atari100k_private_eye/dyn/1/20250511T193451/ckpt/20250511T213626F672985
Saved checkpoint.

--------------------[Agent Step 231_920]--------------------
Metrics filtered by: 'score|length|fps|ratio|train/loss/|train/rand/'
train/loss/con 0.02 / train/loss/dyn 2.28 / train/loss/image 11.53 / train/loss/policy -4.3e-3 / train/loss/rep 2.28 / train/loss/repval 3.2 / train/loss/rew 0.03 / train/loss/value 2.41 / train/rand/action 0.9 / replay/replay_ratio 260 / fps/policy 6.97 / fps/train 1783.95

Writing metrics: /home/scur2667/logdir/rssmv2/atari100k_private_eye/dyn/1/20250511T193451/metrics.jsonlWriting metrics: /home/scur2667/logdir/rssmv2/atari100k_private_eye/dyn/1/20250511T193451/scores.jsonl


--------------------[Agent Step 235_920]--------------------
Metrics filtered by: 'score|length|fps|ratio|train/loss/|train/rand/'
train/loss/con 0.02 / train/loss/dyn 2.31 / train/loss/image 11.68 / train/loss/policy -2.4e-3 / train/loss/rep 2.31 / train/loss/repval 2.83 / train/loss/rew 0.02 / train/loss/value 1.97 / train/rand/action 0.92 / replay/replay_ratio 260 / fps/policy 8.31 / fps/train 2127.46

Writing metrics: /home/scur2667/logdir/rssmv2/atari100k_private_eye/dyn/1/20250511T193451/metrics.jsonlWriting metrics: /home/scur2667/logdir/rssmv2/atari100k_private_eye/dyn/1/20250511T193451/scores.jsonl


--------------------[Agent Step 239_960]--------------------
Metrics filtered by: 'score|length|fps|ratio|train/loss/|train/rand/'
episode/score -390 / episode/length 2695 / train/loss/con 0.02 / train/loss/dyn 2.41 / train/loss/image 12.22 / train/loss/policy 7.1e-3 / train/loss/rep 2.41 / train/loss/repval 2.74 / train/loss/rew 0.03 / train/loss/value 1.95 / train/rand/action 0.88 / replay/replay_ratio 259.49 / fps/policy 8.35 / fps/train 2132.26

Writing metrics: /home/scur2667/logdir/rssmv2/atari100k_private_eye/dyn/1/20250511T193451/metrics.jsonlWriting metrics: /home/scur2667/logdir/rssmv2/atari100k_private_eye/dyn/1/20250511T193451/scores.jsonl


--------------------[Agent Step 243_360]--------------------
Metrics filtered by: 'score|length|fps|ratio|train/loss/|train/rand/'
train/loss/con 0.02 / train/loss/dyn 2.47 / train/loss/image 12.94 / train/loss/policy 0.01 / train/loss/rep 2.47 / train/loss/repval 3.06 / train/loss/rew 0.03 / train/loss/value 2.42 / train/rand/action 0.83 / replay/replay_ratio 260.61 / fps/policy 7.04 / fps/train 1807.28

Writing metrics: /home/scur2667/logdir/rssmv2/atari100k_private_eye/dyn/1/20250511T193451/scores.jsonlWriting metrics: /home/scur2667/logdir/rssmv2/atari100k_private_eye/dyn/1/20250511T193451/metrics.jsonl


--------------------[Agent Step 247_320]--------------------
Metrics filtered by: 'score|length|fps|ratio|train/loss/|train/rand/'
train/loss/con 0.02 / train/loss/dyn 2.44 / train/loss/image 12.27 / train/loss/policy 0.02 / train/loss/rep 2.44 / train/loss/repval 3.61 / train/loss/rew 0.03 / train/loss/value 2.68 / train/rand/action 0.76 / replay/replay_ratio 259.47 / fps/policy 8.18 / fps/train 2090.61

Writing metrics: /home/scur2667/logdir/rssmv2/atari100k_private_eye/dyn/1/20250511T193451/metrics.jsonlWriting metrics: /home/scur2667/logdir/rssmv2/atari100k_private_eye/dyn/1/20250511T193451/scores.jsonl


--------------------[Agent Step 251_360]--------------------
Metrics filtered by: 'score|length|fps|ratio|train/loss/|train/rand/'
episode/score 4039 / episode/length 2699 / train/loss/con 0.02 / train/loss/dyn 2.41 / train/loss/image 11.55 / train/loss/policy 0.01 / train/loss/rep 2.41 / train/loss/repval 3.19 / train/loss/rew 0.04 / train/loss/value 2.26 / train/rand/action 0.65 / replay/replay_ratio 260.51 / fps/policy 8.37 / fps/train 2146.53

Writing metrics: /home/scur2667/logdir/rssmv2/atari100k_private_eye/dyn/1/20250511T193451/metrics.jsonlWriting metrics: /home/scur2667/logdir/rssmv2/atari100k_private_eye/dyn/1/20250511T193451/scores.jsonl


--------------------[Agent Step 254_720]--------------------
Metrics filtered by: 'score|length|fps|ratio|train/loss/|train/rand/'
train/loss/con 0.02 / train/loss/dyn 2.51 / train/loss/image 11.9 / train/loss/policy -0.02 / train/loss/rep 2.51 / train/loss/repval 3.74 / train/loss/rew 0.03 / train/loss/value 2.34 / train/rand/action 0.74 / replay/replay_ratio 260 / fps/policy 7 / fps/train 1791.49

Writing metrics: /home/scur2667/logdir/rssmv2/atari100k_private_eye/dyn/1/20250511T193451/metrics.jsonlWriting metrics: /home/scur2667/logdir/rssmv2/atari100k_private_eye/dyn/1/20250511T193451/scores.jsonl


--------------------[Agent Step 258_760]--------------------
Metrics filtered by: 'score|length|fps|ratio|train/loss/|train/rand/'
episode/score 4100 / episode/length 2696 / train/loss/con 0.02 / train/loss/dyn 2.52 / train/loss/image 11.21 / train/loss/policy -5.8e-3 / train/loss/rep 2.52 / train/loss/repval 3.41 / train/loss/rew 0.03 / train/loss/value 2.28 / train/rand/action 0.81 / replay/replay_ratio 259.49 / fps/policy 8.36 / fps/train 2135.68

Writing metrics: /home/scur2667/logdir/rssmv2/atari100k_private_eye/dyn/1/20250511T193451/scores.jsonlWriting metrics: /home/scur2667/logdir/rssmv2/atari100k_private_eye/dyn/1/20250511T193451/metrics.jsonl

Saving checkpoint: /home/scur2667/logdir/rssmv2/atari100k_private_eye/dyn/1/20250511T193451/ckpt/20250511T215127F649309
Saved checkpoint.

--------------------[Agent Step 262_120]--------------------
Metrics filtered by: 'score|length|fps|ratio|train/loss/|train/rand/'
train/loss/con 0.02 / train/loss/dyn 2.57 / train/loss/image 11.13 / train/loss/policy 0.01 / train/loss/rep 2.57 / train/loss/repval 3.2 / train/loss/rew 0.03 / train/loss/value 2.33 / train/rand/action 0.83 / replay/replay_ratio 260 / fps/policy 6.93 / fps/train 1773.14

Writing metrics: /home/scur2667/logdir/rssmv2/atari100k_private_eye/dyn/1/20250511T193451/scores.jsonlWriting metrics: /home/scur2667/logdir/rssmv2/atari100k_private_eye/dyn/1/20250511T193451/metrics.jsonl


--------------------[Agent Step 266_120]--------------------
Metrics filtered by: 'score|length|fps|ratio|train/loss/|train/rand/'
train/loss/con 0.02 / train/loss/dyn 2.49 / train/loss/image 10.78 / train/loss/policy 0.01 / train/loss/rep 2.49 / train/loss/repval 2.73 / train/loss/rew 0.03 / train/loss/value 2 / train/rand/action 0.83 / replay/replay_ratio 260 / fps/policy 8.3 / fps/train 2125.46

Writing metrics: /home/scur2667/logdir/rssmv2/atari100k_private_eye/dyn/1/20250511T193451/metrics.jsonlWriting metrics: /home/scur2667/logdir/rssmv2/atari100k_private_eye/dyn/1/20250511T193451/scores.jsonl


--------------------[Agent Step 270_160]--------------------
Metrics filtered by: 'score|length|fps|ratio|train/loss/|train/rand/'
episode/score -115 / episode/length 2698 / train/loss/con 0.02 / train/loss/dyn 2.59 / train/loss/image 10.58 / train/loss/policy 0.01 / train/loss/rep 2.59 / train/loss/repval 2.66 / train/loss/rew 0.03 / train/loss/value 1.93 / train/rand/action 0.83 / replay/replay_ratio 260.51 / fps/policy 8.38 / fps/train 2149.67

Writing metrics: /home/scur2667/logdir/rssmv2/atari100k_private_eye/dyn/1/20250511T193451/metrics.jsonlWriting metrics: /home/scur2667/logdir/rssmv2/atari100k_private_eye/dyn/1/20250511T193451/scores.jsonl


--------------------[Agent Step 273_560]--------------------
Metrics filtered by: 'score|length|fps|ratio|train/loss/|train/rand/'
train/loss/con 0.02 / train/loss/dyn 2.55 / train/loss/image 10.35 / train/loss/policy 0.01 / train/loss/rep 2.55 / train/loss/repval 2.65 / train/loss/rew 0.03 / train/loss/value 1.95 / train/rand/action 0.78 / replay/replay_ratio 259.39 / fps/policy 7.06 / fps/train 1804.29

Writing metrics: /home/scur2667/logdir/rssmv2/atari100k_private_eye/dyn/1/20250511T193451/scores.jsonlWriting metrics: /home/scur2667/logdir/rssmv2/atari100k_private_eye/dyn/1/20250511T193451/metrics.jsonl


--------------------[Agent Step 277_600]--------------------
Metrics filtered by: 'score|length|fps|ratio|train/loss/|train/rand/'
train/loss/con 0.02 / train/loss/dyn 2.62 / train/loss/image 10.25 / train/loss/policy 3.1e-3 / train/loss/rep 2.62 / train/loss/repval 2.64 / train/loss/rew 0.03 / train/loss/value 1.84 / train/rand/action 0.81 / replay/replay_ratio 260.51 / fps/policy 8.39 / fps/train 2151.89

Writing metrics: /home/scur2667/logdir/rssmv2/atari100k_private_eye/dyn/1/20250511T193451/metrics.jsonlWriting metrics: /home/scur2667/logdir/rssmv2/atari100k_private_eye/dyn/1/20250511T193451/scores.jsonl


--------------------[Agent Step 281_640]--------------------
Metrics filtered by: 'score|length|fps|ratio|train/loss/|train/rand/'
episode/score 4196 / episode/length 2694 / train/loss/con 0.02 / train/loss/dyn 2.69 / train/loss/image 10.34 / train/loss/policy 7.5e-3 / train/loss/rep 2.69 / train/loss/repval 3.13 / train/loss/rew 0.03 / train/loss/value 2.36 / train/rand/action 0.85 / replay/replay_ratio 259.49 / fps/policy 8.36 / fps/train 2135.88

Writing metrics: /home/scur2667/logdir/rssmv2/atari100k_private_eye/dyn/1/20250511T193451/scores.jsonlWriting metrics: /home/scur2667/logdir/rssmv2/atari100k_private_eye/dyn/1/20250511T193451/metrics.jsonl


--------------------[Agent Step 285_000]--------------------
Metrics filtered by: 'score|length|fps|ratio|train/loss/|train/rand/'
train/loss/con 0.02 / train/loss/dyn 2.61 / train/loss/image 10.19 / train/loss/policy 8.3e-3 / train/loss/rep 2.61 / train/loss/repval 3.15 / train/loss/rew 0.03 / train/loss/value 2.4 / train/rand/action 0.85 / replay/replay_ratio 260 / fps/policy 6.98 / fps/train 1787.24

Writing metrics: /home/scur2667/logdir/rssmv2/atari100k_private_eye/dyn/1/20250511T193451/metrics.jsonl
Writing metrics: /home/scur2667/logdir/rssmv2/atari100k_private_eye/dyn/1/20250511T193451/scores.jsonl
Saving checkpoint: /home/scur2667/logdir/rssmv2/atari100k_private_eye/dyn/1/20250511T193451/ckpt/20250511T220628F475497
Saved checkpoint.

--------------------[Agent Step 288_960]--------------------
Metrics filtered by: 'score|length|fps|ratio|train/loss/|train/rand/'
train/loss/con 0.02 / train/loss/dyn 2.7 / train/loss/image 10.35 / train/loss/policy 0.01 / train/loss/rep 2.7 / train/loss/repval 3.21 / train/loss/rew 0.03 / train/loss/value 2.39 / train/rand/action 0.8 / replay/replay_ratio 260.53 / fps/policy 8.23 / fps/train 2111.98

Writing metrics: /home/scur2667/logdir/rssmv2/atari100k_private_eye/dyn/1/20250511T193451/metrics.jsonl
Writing metrics: /home/scur2667/logdir/rssmv2/atari100k_private_eye/dyn/1/20250511T193451/scores.jsonl

--------------------[Agent Step 292_960]--------------------
Metrics filtered by: 'score|length|fps|ratio|train/loss/|train/rand/'
episode/score 4066 / episode/length 2695 / train/loss/con 0.02 / train/loss/dyn 2.69 / train/loss/image 10.04 / train/loss/policy 0.03 / train/loss/rep 2.69 / train/loss/repval 3.47 / train/loss/rew 0.03 / train/loss/value 2.67 / train/rand/action 0.64 / replay/replay_ratio 260 / fps/policy 8.33 / fps/train 2132.45

Writing metrics: /home/scur2667/logdir/rssmv2/atari100k_private_eye/dyn/1/20250511T193451/scores.jsonl
Writing metrics: /home/scur2667/logdir/rssmv2/atari100k_private_eye/dyn/1/20250511T193451/metrics.jsonl

--------------------[Agent Step 296_400]--------------------
Metrics filtered by: 'score|length|fps|ratio|train/loss/|train/rand/'
train/loss/con 0.02 / train/loss/dyn 2.76 / train/loss/image 9.84 / train/loss/policy -5.5e-3 / train/loss/rep 2.76 / train/loss/repval 2.76 / train/loss/rew 0.03 / train/loss/value 1.9 / train/rand/action 0.63 / replay/replay_ratio 260 / fps/policy 7.15 / fps/train 1829.74

Writing metrics: /home/scur2667/logdir/rssmv2/atari100k_private_eye/dyn/1/20250511T193451/metrics.jsonlWriting metrics: /home/scur2667/logdir/rssmv2/atari100k_private_eye/dyn/1/20250511T193451/scores.jsonl


--------------------[Agent Step 300_440]--------------------
Metrics filtered by: 'score|length|fps|ratio|train/loss/|train/rand/'
train/loss/con 0.02 / train/loss/dyn 2.77 / train/loss/image 9.97 / train/loss/policy -0.01 / train/loss/rep 2.77 / train/loss/repval 3.41 / train/loss/rew 0.03 / train/loss/value 1.97 / train/rand/action 0.7 / replay/replay_ratio 259.49 / fps/policy 8.36 / fps/train 2136.87

Writing metrics: /home/scur2667/logdir/rssmv2/atari100k_private_eye/dyn/1/20250511T193451/scores.jsonlWriting metrics: /home/scur2667/logdir/rssmv2/atari100k_private_eye/dyn/1/20250511T193451/metrics.jsonl


--------------------[Agent Step 304_360]--------------------
Metrics filtered by: 'score|length|fps|ratio|train/loss/|train/rand/'
episode/score 4000 / episode/length 2693 / train/loss/con 0.02 / train/loss/dyn 2.71 / train/loss/image 9.53 / train/loss/policy 1.3e-3 / train/loss/rep 2.71 / train/loss/repval 2.9 / train/loss/rew 0.03 / train/loss/value 1.94 / train/rand/action 0.81 / replay/replay_ratio 260 / fps/policy 8.16 / fps/train 2089.3

Writing metrics: /home/scur2667/logdir/rssmv2/atari100k_private_eye/dyn/1/20250511T193451/scores.jsonlWriting metrics: /home/scur2667/logdir/rssmv2/atari100k_private_eye/dyn/1/20250511T193451/metrics.jsonl


--------------------[Agent Step 307_800]--------------------
Metrics filtered by: 'score|length|fps|ratio|train/loss/|train/rand/'
train/loss/con 0.02 / train/loss/dyn 2.76 / train/loss/image 9.45 / train/loss/policy 1e-2 / train/loss/rep 2.76 / train/loss/repval 2.9 / train/loss/rew 0.03 / train/loss/value 2.08 / train/rand/action 0.79 / replay/replay_ratio 260 / fps/policy 7.12 / fps/train 1823.47

Writing metrics: /home/scur2667/logdir/rssmv2/atari100k_private_eye/dyn/1/20250511T193451/metrics.jsonlWriting metrics: /home/scur2667/logdir/rssmv2/atari100k_private_eye/dyn/1/20250511T193451/scores.jsonl


--------------------[Agent Step 311_800]--------------------
Metrics filtered by: 'score|length|fps|ratio|train/loss/|train/rand/'
train/loss/con 0.02 / train/loss/dyn 2.74 / train/loss/image 9.27 / train/loss/policy 7.7e-3 / train/loss/rep 2.74 / train/loss/repval 2.86 / train/loss/rew 0.03 / train/loss/value 2.05 / train/rand/action 0.75 / replay/replay_ratio 260 / fps/policy 8.3 / fps/train 2125.95

Writing metrics: /home/scur2667/logdir/rssmv2/atari100k_private_eye/dyn/1/20250511T193451/metrics.jsonl
Writing metrics: /home/scur2667/logdir/rssmv2/atari100k_private_eye/dyn/1/20250511T193451/scores.jsonl

--------------------[Agent Step 315_840]--------------------
Metrics filtered by: 'score|length|fps|ratio|train/loss/|train/rand/'
episode/score 3927 / episode/length 2693 / train/loss/con 0.02 / train/loss/dyn 2.91 / train/loss/image 9.53 / train/loss/policy 6.7e-3 / train/loss/rep 2.91 / train/loss/repval 3.21 / train/loss/rew 0.03 / train/loss/value 2.3 / train/rand/action 0.81 / replay/replay_ratio 260.51 / fps/policy 8.39 / fps/train 2151.03

Writing metrics: /home/scur2667/logdir/rssmv2/atari100k_private_eye/dyn/1/20250511T193451/scores.jsonlWriting metrics: /home/scur2667/logdir/rssmv2/atari100k_private_eye/dyn/1/20250511T193451/metrics.jsonl

Saving checkpoint: /home/scur2667/logdir/rssmv2/atari100k_private_eye/dyn/1/20250511T193451/ckpt/20250511T222133F557641
Saved checkpoint.

--------------------[Agent Step 319_200]--------------------
Metrics filtered by: 'score|length|fps|ratio|train/loss/|train/rand/'
train/loss/con 0.02 / train/loss/dyn 2.81 / train/loss/image 9.27 / train/loss/policy 0.05 / train/loss/rep 2.81 / train/loss/repval 4.02 / train/loss/rew 0.03 / train/loss/value 2.96 / train/rand/action 0.67 / replay/replay_ratio 260 / fps/policy 6.97 / fps/train 1783.95

Writing metrics: /home/scur2667/logdir/rssmv2/atari100k_private_eye/dyn/1/20250511T193451/metrics.jsonlWriting metrics: /home/scur2667/logdir/rssmv2/atari100k_private_eye/dyn/1/20250511T193451/scores.jsonl


--------------------[Agent Step 323_240]--------------------
Metrics filtered by: 'score|length|fps|ratio|train/loss/|train/rand/'
train/loss/con 0.02 / train/loss/dyn 2.96 / train/loss/image 9.41 / train/loss/policy 7.7e-3 / train/loss/rep 2.96 / train/loss/repval 2.18 / train/loss/rew 0.03 / train/loss/value 1.55 / train/rand/action 0.64 / replay/replay_ratio 259.49 / fps/policy 8.32 / fps/train 2126.31

Writing metrics: /home/scur2667/logdir/rssmv2/atari100k_private_eye/dyn/1/20250511T193451/metrics.jsonlWriting metrics: /home/scur2667/logdir/rssmv2/atari100k_private_eye/dyn/1/20250511T193451/scores.jsonl


--------------------[Agent Step 327_280]--------------------
Metrics filtered by: 'score|length|fps|ratio|train/loss/|train/rand/'
episode/score 5000 / episode/length 2693 / train/loss/con 0.02 / train/loss/dyn 2.94 / train/loss/image 9.38 / train/loss/policy -0.02 / train/loss/rep 2.94 / train/loss/repval 2.87 / train/loss/rew 0.03 / train/loss/value 1.61 / train/rand/action 0.57 / replay/replay_ratio 260.51 / fps/policy 8.39 / fps/train 2150.98

Writing metrics: /home/scur2667/logdir/rssmv2/atari100k_private_eye/dyn/1/20250511T193451/metrics.jsonlWriting metrics: /home/scur2667/logdir/rssmv2/atari100k_private_eye/dyn/1/20250511T193451/scores.jsonl


--------------------[Agent Step 330_680]--------------------
Metrics filtered by: 'score|length|fps|ratio|train/loss/|train/rand/'
train/loss/con 0.02 / train/loss/dyn 3.12 / train/loss/image 10.08 / train/loss/policy -0.01 / train/loss/rep 3.12 / train/loss/repval 3.25 / train/loss/rew 0.03 / train/loss/value 1.9 / train/rand/action 0.62 / replay/replay_ratio 259.39 / fps/policy 7.02 / fps/train 1791.97

Writing metrics: /home/scur2667/logdir/rssmv2/atari100k_private_eye/dyn/1/20250511T193451/metrics.jsonl
Writing metrics: /home/scur2667/logdir/rssmv2/atari100k_private_eye/dyn/1/20250511T193451/scores.jsonl

--------------------[Agent Step 334_720]--------------------
Metrics filtered by: 'score|length|fps|ratio|train/loss/|train/rand/'
episode/score 4000 / episode/length 2693 / train/loss/con 0.02 / train/loss/dyn 3.1 / train/loss/image 9.6 / train/loss/policy -4.8e-4 / train/loss/rep 3.1 / train/loss/repval 2.74 / train/loss/rew 0.03 / train/loss/value 1.68 / train/rand/action 0.71 / replay/replay_ratio 260.51 / fps/policy 8.39 / fps/train 2151.81

Writing metrics: /home/scur2667/logdir/rssmv2/atari100k_private_eye/dyn/1/20250511T193451/metrics.jsonlWriting metrics: /home/scur2667/logdir/rssmv2/atari100k_private_eye/dyn/1/20250511T193451/scores.jsonl


--------------------[Agent Step 338_160]--------------------
Metrics filtered by: 'score|length|fps|ratio|train/loss/|train/rand/'
train/loss/con 0.02 / train/loss/dyn 3.08 / train/loss/image 8.89 / train/loss/policy 3.9e-3 / train/loss/rep 3.08 / train/loss/repval 2.69 / train/loss/rew 0.03 / train/loss/value 1.73 / train/rand/action 0.8 / replay/replay_ratio 260 / fps/policy 7.16 / fps/train 1831.82

Writing metrics: /home/scur2667/logdir/rssmv2/atari100k_private_eye/dyn/1/20250511T193451/scores.jsonl
Writing metrics: /home/scur2667/logdir/rssmv2/atari100k_private_eye/dyn/1/20250511T193451/metrics.jsonl

--------------------[Agent Step 342_160]--------------------
Metrics filtered by: 'score|length|fps|ratio|train/loss/|train/rand/'
train/loss/con 0.02 / train/loss/dyn 3.04 / train/loss/image 9 / train/loss/policy 0.02 / train/loss/rep 3.04 / train/loss/repval 2.95 / train/loss/rew 0.03 / train/loss/value 2.14 / train/rand/action 0.75 / replay/replay_ratio 260 / fps/policy 8.29 / fps/train 2122.86

Writing metrics: /home/scur2667/logdir/rssmv2/atari100k_private_eye/dyn/1/20250511T193451/metrics.jsonlWriting metrics: /home/scur2667/logdir/rssmv2/atari100k_private_eye/dyn/1/20250511T193451/scores.jsonl

Saving checkpoint: /home/scur2667/logdir/rssmv2/atari100k_private_eye/dyn/1/20250511T193451/ckpt/20250511T223633F771823
Saved checkpoint.

--------------------[Agent Step 346_120]--------------------
Metrics filtered by: 'score|length|fps|ratio|train/loss/|train/rand/'
episode/score 4000 / episode/length 2695 / train/loss/con 0.02 / train/loss/dyn 3.07 / train/loss/image 9.37 / train/loss/policy 0.02 / train/loss/rep 3.07 / train/loss/repval 2.73 / train/loss/rew 0.03 / train/loss/value 2.02 / train/rand/action 0.72 / replay/replay_ratio 259.47 / fps/policy 8.21 / fps/train 2096.6

Writing metrics: /home/scur2667/logdir/rssmv2/atari100k_private_eye/dyn/1/20250511T193451/metrics.jsonl
Writing metrics: /home/scur2667/logdir/rssmv2/atari100k_private_eye/dyn/1/20250511T193451/scores.jsonl

--------------------[Agent Step 349_560]--------------------
Metrics filtered by: 'score|length|fps|ratio|train/loss/|train/rand/'
train/loss/con 0.02 / train/loss/dyn 3.07 / train/loss/image 8.66 / train/loss/policy 9.8e-3 / train/loss/rep 3.07 / train/loss/repval 2.43 / train/loss/rew 0.03 / train/loss/value 1.76 / train/rand/action 0.73 / replay/replay_ratio 260 / fps/policy 7.1 / fps/train 1817.33

Writing metrics: /home/scur2667/logdir/rssmv2/atari100k_private_eye/dyn/1/20250511T193451/metrics.jsonl
Writing metrics: /home/scur2667/logdir/rssmv2/atari100k_private_eye/dyn/1/20250511T193451/scores.jsonl

--------------------[Agent Step 353_600]--------------------
Metrics filtered by: 'score|length|fps|ratio|train/loss/|train/rand/'
train/loss/con 0.02 / train/loss/dyn 3.01 / train/loss/image 8.7 / train/loss/policy -7.9e-3 / train/loss/rep 3.01 / train/loss/repval 2.88 / train/loss/rew 0.02 / train/loss/value 1.94 / train/rand/action 0.68 / replay/replay_ratio 260.51 / fps/policy 8.38 / fps/train 2150.66

Writing metrics: /home/scur2667/logdir/rssmv2/atari100k_private_eye/dyn/1/20250511T193451/metrics.jsonlWriting metrics: /home/scur2667/logdir/rssmv2/atari100k_private_eye/dyn/1/20250511T193451/scores.jsonl


--------------------[Agent Step 357_640]--------------------
Metrics filtered by: 'score|length|fps|ratio|train/loss/|train/rand/'
episode/score -1000 / episode/length 2693 / train/loss/con 0.02 / train/loss/dyn 3.19 / train/loss/image 8.88 / train/loss/policy -7.8e-3 / train/loss/rep 3.19 / train/loss/repval 3.44 / train/loss/rew 0.03 / train/loss/value 2 / train/rand/action 0.72 / replay/replay_ratio 259.49 / fps/policy 8.36 / fps/train 2136.64

Writing metrics: /home/scur2667/logdir/rssmv2/atari100k_private_eye/dyn/1/20250511T193451/scores.jsonlWriting metrics: /home/scur2667/logdir/rssmv2/atari100k_private_eye/dyn/1/20250511T193451/metrics.jsonl


--------------------[Agent Step 361_080]--------------------
Metrics filtered by: 'score|length|fps|ratio|train/loss/|train/rand/'
train/loss/con 0.02 / train/loss/dyn 3.01 / train/loss/image 8.45 / train/loss/policy 3.5e-4 / train/loss/rep 3.01 / train/loss/repval 3.05 / train/loss/rew 0.02 / train/loss/value 2.12 / train/rand/action 0.76 / replay/replay_ratio 260 / fps/policy 7.1 / fps/train 1817.18

Writing metrics: /home/scur2667/logdir/rssmv2/atari100k_private_eye/dyn/1/20250511T193451/metrics.jsonlWriting metrics: /home/scur2667/logdir/rssmv2/atari100k_private_eye/dyn/1/20250511T193451/scores.jsonl


--------------------[Agent Step 365_120]--------------------
Metrics filtered by: 'score|length|fps|ratio|train/loss/|train/rand/'
train/loss/con 0.02 / train/loss/dyn 3.09 / train/loss/image 8.28 / train/loss/policy 5.7e-3 / train/loss/rep 3.09 / train/loss/repval 3.04 / train/loss/rew 0.03 / train/loss/value 2.05 / train/rand/action 0.81 / replay/replay_ratio 260.51 / fps/policy 8.39 / fps/train 2150.99

Writing metrics: /home/scur2667/logdir/rssmv2/atari100k_private_eye/dyn/1/20250511T193451/metrics.jsonlWriting metrics: /home/scur2667/logdir/rssmv2/atari100k_private_eye/dyn/1/20250511T193451/scores.jsonl


--------------------[Agent Step 369_120]--------------------
Metrics filtered by: 'score|length|fps|ratio|train/loss/|train/rand/'
episode/score 0 / episode/length 2698 / train/loss/con 0.02 / train/loss/dyn 3.18 / train/loss/image 8.18 / train/loss/policy 0.03 / train/loss/rep 3.18 / train/loss/repval 3.4 / train/loss/rew 0.03 / train/loss/value 2.45 / train/rand/action 0.79 / replay/replay_ratio 260 / fps/policy 8.32 / fps/train 2129.79

Writing metrics: /home/scur2667/logdir/rssmv2/atari100k_private_eye/dyn/1/20250511T193451/scores.jsonlWriting metrics: /home/scur2667/logdir/rssmv2/atari100k_private_eye/dyn/1/20250511T193451/metrics.jsonl


--------------------[Agent Step 372_560]--------------------
Metrics filtered by: 'score|length|fps|ratio|train/loss/|train/rand/'
train/loss/con 0.02 / train/loss/dyn 3.17 / train/loss/image 8.15 / train/loss/policy 0.04 / train/loss/rep 3.17 / train/loss/repval 3.24 / train/loss/rew 0.02 / train/loss/value 2.42 / train/rand/action 0.64 / replay/replay_ratio 260 / fps/policy 7.14 / fps/train 1828.42

Writing metrics: /home/scur2667/logdir/rssmv2/atari100k_private_eye/dyn/1/20250511T193451/metrics.jsonlWriting metrics: /home/scur2667/logdir/rssmv2/atari100k_private_eye/dyn/1/20250511T193451/scores.jsonl

Saving checkpoint: /home/scur2667/logdir/rssmv2/atari100k_private_eye/dyn/1/20250511T193451/ckpt/20250511T225134F579621
Saved checkpoint.

--------------------[Agent Step 376_520]--------------------
Metrics filtered by: 'score|length|fps|ratio|train/loss/|train/rand/'
train/loss/con 0.02 / train/loss/dyn 3.23 / train/loss/image 7.97 / train/loss/policy 3.1e-4 / train/loss/rep 3.23 / train/loss/repval 2.37 / train/loss/rew 0.03 / train/loss/value 1.62 / train/rand/action 0.59 / replay/replay_ratio 259.47 / fps/policy 8.21 / fps/train 2096.27

Writing metrics: /home/scur2667/logdir/rssmv2/atari100k_private_eye/dyn/1/20250511T193451/scores.jsonl
Writing metrics: /home/scur2667/logdir/rssmv2/atari100k_private_eye/dyn/1/20250511T193451/metrics.jsonl

--------------------[Agent Step 380_520]--------------------
Metrics filtered by: 'score|length|fps|ratio|train/loss/|train/rand/'
episode/score -842 / episode/length 2697 / train/loss/con 0.02 / train/loss/dyn 3.24 / train/loss/image 7.9 / train/loss/policy -0.01 / train/loss/rep 3.24 / train/loss/repval 3.99 / train/loss/rew 0.03 / train/loss/value 2.39 / train/rand/action 0.66 / replay/replay_ratio 260 / fps/policy 8.27 / fps/train 2116.23

Writing metrics: /home/scur2667/logdir/rssmv2/atari100k_private_eye/dyn/1/20250511T193451/metrics.jsonlWriting metrics: /home/scur2667/logdir/rssmv2/atari100k_private_eye/dyn/1/20250511T193451/scores.jsonl


--------------------[Agent Step 383_960]--------------------
Metrics filtered by: 'score|length|fps|ratio|train/loss/|train/rand/'
train/loss/con 0.02 / train/loss/dyn 3.19 / train/loss/image 7.9 / train/loss/policy 7.5e-3 / train/loss/rep 3.19 / train/loss/repval 3.2 / train/loss/rew 0.02 / train/loss/value 2.2 / train/rand/action 0.72 / replay/replay_ratio 260 / fps/policy 7.11 / fps/train 1820.82

Writing metrics: /home/scur2667/logdir/rssmv2/atari100k_private_eye/dyn/1/20250511T193451/metrics.jsonlWriting metrics: /home/scur2667/logdir/rssmv2/atari100k_private_eye/dyn/1/20250511T193451/scores.jsonl


--------------------[Agent Step 387_960]--------------------
Metrics filtered by: 'score|length|fps|ratio|train/loss/|train/rand/'
train/loss/con 0.02 / train/loss/dyn 3.19 / train/loss/image 7.64 / train/loss/policy 1e-2 / train/loss/rep 3.19 / train/loss/repval 2.91 / train/loss/rew 0.02 / train/loss/value 2.07 / train/rand/action 0.78 / replay/replay_ratio 260 / fps/policy 8.31 / fps/train 2127.14

Writing metrics: /home/scur2667/logdir/rssmv2/atari100k_private_eye/dyn/1/20250511T193451/metrics.jsonl
Writing metrics: /home/scur2667/logdir/rssmv2/atari100k_private_eye/dyn/1/20250511T193451/scores.jsonl

--------------------[Agent Step 392_000]--------------------
Metrics filtered by: 'score|length|fps|ratio|train/loss/|train/rand/'
episode/score 100 / episode/length 2697 / train/loss/con 0.02 / train/loss/dyn 3.36 / train/loss/image 7.62 / train/loss/policy 0.01 / train/loss/rep 3.36 / train/loss/repval 3.13 / train/loss/rew 0.03 / train/loss/value 2.36 / train/rand/action 0.71 / replay/replay_ratio 260.51 / fps/policy 8.39 / fps/train 2151.43

Writing metrics: /home/scur2667/logdir/rssmv2/atari100k_private_eye/dyn/1/20250511T193451/metrics.jsonlWriting metrics: /home/scur2667/logdir/rssmv2/atari100k_private_eye/dyn/1/20250511T193451/scores.jsonl


--------------------[Agent Step 395_480]--------------------
Metrics filtered by: 'score|length|fps|ratio|train/loss/|train/rand/'
train/loss/con 0.02 / train/loss/dyn 3.34 / train/loss/image 8.13 / train/loss/policy 0.02 / train/loss/rep 3.34 / train/loss/repval 2.96 / train/loss/rew 0.02 / train/loss/value 2.31 / train/rand/action 0.66 / replay/replay_ratio 259.4 / fps/policy 7.18 / fps/train 1835.01

Writing metrics: /home/scur2667/logdir/rssmv2/atari100k_private_eye/dyn/1/20250511T193451/metrics.jsonl
Writing metrics: /home/scur2667/logdir/rssmv2/atari100k_private_eye/dyn/1/20250511T193451/scores.jsonl

--------------------[Agent Step 399_480]--------------------
Metrics filtered by: 'score|length|fps|ratio|train/loss/|train/rand/'
episode/score 4095 / episode/length 2695 / train/loss/con 0.02 / train/loss/dyn 3.32 / train/loss/image 6.87 / train/loss/policy 9.1e-3 / train/loss/rep 3.32 / train/loss/repval 2.8 / train/loss/rew 0.02 / train/loss/value 2.08 / train/rand/action 0.66 / replay/replay_ratio 260 / fps/policy 8.31 / fps/train 2126.65

Writing metrics: /home/scur2667/logdir/rssmv2/atari100k_private_eye/dyn/1/20250511T193451/metrics.jsonl
Writing metrics: /home/scur2667/logdir/rssmv2/atari100k_private_eye/dyn/1/20250511T193451/scores.jsonl
Saving checkpoint: /home/scur2667/logdir/rssmv2/atari100k_private_eye/dyn/1/20250511T193451/ckpt/20250511T230635F696355
Saved checkpoint.

--------------------[Agent Step 402_840]--------------------
Metrics filtered by: 'score|length|fps|ratio|train/loss/|train/rand/'
train/loss/con 0.02 / train/loss/dyn 3.37 / train/loss/image 6.9 / train/loss/policy 8e-4 / train/loss/rep 3.37 / train/loss/repval 3.87 / train/loss/rew 0.02 / train/loss/value 2.5 / train/rand/action 0.78 / replay/replay_ratio 260 / fps/policy 6.96 / fps/train 1782.01

Writing metrics: /home/scur2667/logdir/rssmv2/atari100k_private_eye/dyn/1/20250511T193451/metrics.jsonlWriting metrics: /home/scur2667/logdir/rssmv2/atari100k_private_eye/dyn/1/20250511T193451/scores.jsonl


--------------------[Agent Step 406_840]--------------------
Metrics filtered by: 'score|length|fps|ratio|train/loss/|train/rand/'
train/loss/con 0.02 / train/loss/dyn 3.35 / train/loss/image 6.64 / train/loss/policy 4.4e-3 / train/loss/rep 3.35 / train/loss/repval 3.23 / train/loss/rew 0.03 / train/loss/value 2.27 / train/rand/action 0.73 / replay/replay_ratio 260 / fps/policy 8.3 / fps/train 2124.02

Writing metrics: /home/scur2667/logdir/rssmv2/atari100k_private_eye/dyn/1/20250511T193451/metrics.jsonl
Writing metrics: /home/scur2667/logdir/rssmv2/atari100k_private_eye/dyn/1/20250511T193451/scores.jsonl

--------------------[Agent Step 410_880]--------------------
Metrics filtered by: 'score|length|fps|ratio|train/loss/|train/rand/'
episode/score -203 / episode/length 2696 / train/loss/con 0.02 / train/loss/dyn 3.3 / train/loss/image 6.45 / train/loss/policy 0.01 / train/loss/rep 3.3 / train/loss/repval 3.03 / train/loss/rew 0.03 / train/loss/value 2.17 / train/rand/action 0.79 / replay/replay_ratio 260.51 / fps/policy 8.39 / fps/train 2151.99

Writing metrics: /home/scur2667/logdir/rssmv2/atari100k_private_eye/dyn/1/20250511T193451/scores.jsonlWriting metrics: /home/scur2667/logdir/rssmv2/atari100k_private_eye/dyn/1/20250511T193451/metrics.jsonl


--------------------[Agent Step 414_320]--------------------
Metrics filtered by: 'score|length|fps|ratio|train/loss/|train/rand/'
train/loss/con 0.02 / train/loss/dyn 3.63 / train/loss/image 7.18 / train/loss/policy 0.05 / train/loss/rep 3.63 / train/loss/repval 4.08 / train/loss/rew 0.02 / train/loss/value 3.19 / train/rand/action 0.73 / replay/replay_ratio 260 / fps/policy 7.14 / fps/train 1828.75

Writing metrics: /home/scur2667/logdir/rssmv2/atari100k_private_eye/dyn/1/20250511T193451/scores.jsonlWriting metrics: /home/scur2667/logdir/rssmv2/atari100k_private_eye/dyn/1/20250511T193451/metrics.jsonl


--------------------[Agent Step 418_360]--------------------
Metrics filtered by: 'score|length|fps|ratio|train/loss/|train/rand/'
train/loss/con 0.02 / train/loss/dyn 3.37 / train/loss/image 6.71 / train/loss/policy 0.04 / train/loss/rep 3.37 / train/loss/repval 2.8 / train/loss/rew 0.02 / train/loss/value 2.08 / train/rand/action 0.65 / replay/replay_ratio 259.49 / fps/policy 8.32 / fps/train 2126.52

Writing metrics: /home/scur2667/logdir/rssmv2/atari100k_private_eye/dyn/1/20250511T193451/metrics.jsonlWriting metrics: /home/scur2667/logdir/rssmv2/atari100k_private_eye/dyn/1/20250511T193451/scores.jsonl


--------------------[Agent Step 422_400]--------------------
Metrics filtered by: 'score|length|fps|ratio|train/loss/|train/rand/'
episode/score 100 / episode/length 2691 / train/loss/con 0.02 / train/loss/dyn 3.44 / train/loss/image 6.69 / train/loss/policy -0.02 / train/loss/rep 3.44 / train/loss/repval 3.02 / train/loss/rew 0.03 / train/loss/value 1.79 / train/rand/action 0.59 / replay/replay_ratio 260.51 / fps/policy 8.38 / fps/train 2150.3

Writing metrics: /home/scur2667/logdir/rssmv2/atari100k_private_eye/dyn/1/20250511T193451/scores.jsonlWriting metrics: /home/scur2667/logdir/rssmv2/atari100k_private_eye/dyn/1/20250511T193451/metrics.jsonl


--------------------[Agent Step 425_760]--------------------
Metrics filtered by: 'score|length|fps|ratio|train/loss/|train/rand/'
train/loss/con 0.02 / train/loss/dyn 3.33 / train/loss/image 6.51 / train/loss/policy -5.7e-3 / train/loss/rep 3.33 / train/loss/repval 2.9 / train/loss/rew 0.02 / train/loss/value 1.67 / train/rand/action 0.61 / replay/replay_ratio 260 / fps/policy 6.96 / fps/train 1782.33

Writing metrics: /home/scur2667/logdir/rssmv2/atari100k_private_eye/dyn/1/20250511T193451/metrics.jsonlWriting metrics: /home/scur2667/logdir/rssmv2/atari100k_private_eye/dyn/1/20250511T193451/scores.jsonl


--------------------[Agent Step 429_800]--------------------
Metrics filtered by: 'score|length|fps|ratio|train/loss/|train/rand/'
train/loss/con 0.02 / train/loss/dyn 3.43 / train/loss/image 6.94 / train/loss/policy 1.9e-3 / train/loss/rep 3.43 / train/loss/repval 2.7 / train/loss/rew 0.02 / train/loss/value 1.6 / train/rand/action 0.7 / replay/replay_ratio 259.49 / fps/policy 8.37 / fps/train 2137.42

Writing metrics: /home/scur2667/logdir/rssmv2/atari100k_private_eye/dyn/1/20250511T193451/metrics.jsonlWriting metrics: /home/scur2667/logdir/rssmv2/atari100k_private_eye/dyn/1/20250511T193451/scores.jsonl

Saving checkpoint: /home/scur2667/logdir/rssmv2/atari100k_private_eye/dyn/1/20250511T193451/ckpt/20250511T232136F039423
Saved checkpoint.

--------------------[Agent Step 433_760]--------------------
Metrics filtered by: 'score|length|fps|ratio|train/loss/|train/rand/'
episode/score 100 / episode/length 2699 / train/loss/con 0.02 / train/loss/dyn 3.38 / train/loss/image 6.74 / train/loss/policy 7.6e-3 / train/loss/rep 3.38 / train/loss/repval 2.45 / train/loss/rew 0.02 / train/loss/value 1.57 / train/rand/action 0.74 / replay/replay_ratio 260.53 / fps/policy 8.22 / fps/train 2108.07

Writing metrics: /home/scur2667/logdir/rssmv2/atari100k_private_eye/dyn/1/20250511T193451/scores.jsonlWriting metrics: /home/scur2667/logdir/rssmv2/atari100k_private_eye/dyn/1/20250511T193451/metrics.jsonl


--------------------[Agent Step 437_160]--------------------
Metrics filtered by: 'score|length|fps|ratio|train/loss/|train/rand/'
train/loss/con 0.02 / train/loss/dyn 3.35 / train/loss/image 6.18 / train/loss/policy 3.2e-3 / train/loss/rep 3.35 / train/loss/repval 2.51 / train/loss/rew 0.02 / train/loss/value 1.6 / train/rand/action 0.8 / replay/replay_ratio 259.39 / fps/policy 7.06 / fps/train 1803.06

Writing metrics: /home/scur2667/logdir/rssmv2/atari100k_private_eye/dyn/1/20250511T193451/metrics.jsonlWriting metrics: /home/scur2667/logdir/rssmv2/atari100k_private_eye/dyn/1/20250511T193451/scores.jsonl


--------------------[Agent Step 439_720]--------------------
Metrics filtered by: 'score|length|fps|ratio|train/loss/|train/rand/'
No metrics.

Writing metrics: /home/scur2667/logdir/rssmv2/atari100k_private_eye/dyn/1/20250511T193451/metrics.jsonlWriting metrics: /home/scur2667/logdir/rssmv2/atari100k_private_eye/dyn/1/20250511T193451/scores.jsonl

[1;34mwandb[0m: 
[1;34mwandb[0m: 🚀 View run [33mdyn_L4_H8/rssmv2/atari100k_private_eye/dyn/1/20250511T193451[0m at: [34mhttps://wandb.ai/dreamerz/rssmv2/runs/yy7unahs[0m
[1;34mwandb[0m: Find logs at: [1;35mwandb/run-20250511_193614-yy7unahs/logs[0m

JOB STATISTICS
==============
Job ID: 11764065
Cluster: snellius
User/Group: scur2667/scur2667
State: RUNNING
Nodes: 1
Cores per node: 18
CPU Utilized: 00:00:00
CPU Efficiency: 0.00% of 2-21:44:06 core-walltime
Job Wall-clock time: 03:52:27
Memory Utilized: 0.00 MB
Memory Efficiency: 0.00% of 31.25 GB (31.25 GB/node)
WARNING: Efficiency statistics can only be obtained after the job has ended as seff tool is based on the accounting database data.
