============================================================================================== 
Warning! Mixing Conda and module environments may lead to corruption of the
user environment. 
We do not recommend users mixing those two environments unless absolutely
necessary. Note that 
SURF does not provide any support for Conda environment.
For more information, please refer to our software policy page:
https://servicedesk.surf.nl/wiki/display/WIKI/Software+policy+Snellius#SoftwarepolicySnellius-UseofAnacondaandMinicondaenvironmentsonSnellius 

Remember that many packages have already been installed on the system and can
be loaded using 
the 'module load <package__name>' command. If you are uncertain if a package is
already available 
on the system, please use 'module avail' or 'module spider' to search for it.
============================================================================================== 
A.L.E: Arcade Learning Environment (version 0.9.0+750d7f9)
[Powered by Stella]
wandb: Using wandb-core as the SDK backend.  Please refer to https://wandb.me/wandb-core for more information.
wandb: Currently logged in as: 2t2c (dreamerz) to https://api.wandb.ai. Use `wandb login --relogin` to force relogin
wandb: Tracking run with wandb version 0.19.9
wandb: Run data is saved locally in /gpfs/home4/scur2667/re-dreamerv3/wandb/run-20250505_002910-y15xf56q
wandb: Run `wandb offline` to turn off syncing.
wandb: Syncing run repr/reproducibility/atari100k_private_eye/1/20250505T002812
wandb: ⭐️ View project at https://wandb.ai/dreamerz/reproducibility
wandb: 🚀 View run at https://wandb.ai/dreamerz/reproducibility/runs/y15xf56q
---  ___                           __   ______ ---
--- |   \ _ _ ___ __ _ _ __  ___ _ \ \ / /__ / ---
--- | |) | '_/ -_) _` | '  \/ -_) '/\ V / |_ \ ---
--- |___/|_| \___\__,_|_|_|_\___|_|  \_/ |___/ ---
Replica: 0 / 1
Logdir: /home/scur2667/logdir/reproducibility/atari100k_private_eye/1/20250505T002812
Run script: train
Observations
  image            Space(uint8, shape=(64, 64, 3), low=0, high=255)
  reward           Space(float32, shape=(), low=-inf, high=inf)
  is_first         Space(bool, shape=(), low=False, high=True)
  is_last          Space(bool, shape=(), low=False, high=True)
  is_terminal      Space(bool, shape=(), low=False, high=True)
Actions
  action           Space(int32, shape=(), low=0, high=18)
Extras
  consec           Space(int32, shape=(), low=-2147483648, high=2147483647)
  stepid           Space(uint8, shape=(20,), low=0, high=255)
  dyn/deter        Space(float32, shape=(8192,), low=-inf, high=inf)
  dyn/stoch        Space(float32, shape=(32, 64), low=-inf, high=inf)
JAX devices (1): [cuda:0]
Policy devices: cuda:0
Train devices:  cuda:0
Initializing parameters...
Optimizer opt has 165,967,124 params:
    95,496,192 dyn
    20,282,115 dec
    12,850,431 val
    12,607,506 pol
    10,749,183 rew
    10,488,833 con
     3,492,864 enc
Done initializing!
Compiling 1 checkpoint groups...
Largest checkpoint group: 2 GB
Compiling train and report...
Train cost analysis:
  FLOPS:            4.3e+11
  Memory (temp):    5.8e+09
  Memory (inputs):  2.1e+09
  Memory (outputs): 2.1e+09
  Memory (code):    4.0e+06

Report cost analysis:
  FLOPS:            9.6e+09
  Memory (temp):    6.7e+08
  Memory (inputs):  5.1e+08
  Memory (outputs): 1.0e+07
  Memory (code):    8.1e+06

Done compiling!
Did not find any checkpoint.
Saving checkpoint: /home/scur2667/logdir/reproducibility/atari100k_private_eye/1/20250505T002812/ckpt/20250505T002911F885173
Saved checkpoint.
Start training loop

--------------------[Agent Step 11_480]--------------------
Metrics filtered by: 'score|length|fps|ratio|train/loss/|train/rand/'
episode/score 100 / episode/length 2695 / train/loss/con 0.06 / train/loss/dyn 7.94 / train/loss/image 203.56 / train/loss/policy 0.09 / train/loss/rep 7.94 / train/loss/repval 6.39 / train/loss/rew 2.64 / train/loss/value 5 / train/rand/action 1 / replay/replay_ratio 165.67 / fps/policy 22.95 / fps/train 3652.17

Writing metrics: /home/scur2667/logdir/reproducibility/atari100k_private_eye/1/20250505T002812/metrics.jsonl
Writing metrics: /home/scur2667/logdir/reproducibility/atari100k_private_eye/1/20250505T002812/scores.jsonl

--------------------[Agent Step 17_680]--------------------
Metrics filtered by: 'score|length|fps|ratio|train/loss/|train/rand/'
train/loss/con 0.02 / train/loss/dyn 2.59 / train/loss/image 21.3 / train/loss/policy 0.55 / train/loss/rep 2.59 / train/loss/repval 3.21 / train/loss/rew 7.3e-3 / train/loss/value 2.68 / train/rand/action 0.99 / replay/replay_ratio 260.34 / fps/policy 12.92 / fps/train 3310.55

Writing metrics: /home/scur2667/logdir/reproducibility/atari100k_private_eye/1/20250505T002812/metrics.jsonlWriting metrics: /home/scur2667/logdir/reproducibility/atari100k_private_eye/1/20250505T002812/scores.jsonl


--------------------[Agent Step 25_120]--------------------
Metrics filtered by: 'score|length|fps|ratio|train/loss/|train/rand/'
episode/score -1000 / episode/length 2698 / train/loss/con 0.02 / train/loss/dyn 3.56 / train/loss/image 12.75 / train/loss/policy -0.02 / train/loss/rep 3.56 / train/loss/repval 3.92 / train/loss/rew 0.02 / train/loss/value 3.21 / train/rand/action 0.62 / replay/replay_ratio 260 / fps/policy 15.46 / fps/train 3958.56

Writing metrics: /home/scur2667/logdir/reproducibility/atari100k_private_eye/1/20250505T002812/metrics.jsonlWriting metrics: /home/scur2667/logdir/reproducibility/atari100k_private_eye/1/20250505T002812/scores.jsonl


--------------------[Agent Step 31_400]--------------------
Metrics filtered by: 'score|length|fps|ratio|train/loss/|train/rand/'
train/loss/con 0.02 / train/loss/dyn 2.56 / train/loss/image 6.54 / train/loss/policy 0.13 / train/loss/rep 2.56 / train/loss/repval 4.33 / train/loss/rew 9.9e-3 / train/loss/value 3.62 / train/rand/action 0.29 / replay/replay_ratio 259.67 / fps/policy 13.01 / fps/train 3326.33

Writing metrics: /home/scur2667/logdir/reproducibility/atari100k_private_eye/1/20250505T002812/metrics.jsonl
Writing metrics: /home/scur2667/logdir/reproducibility/atari100k_private_eye/1/20250505T002812/scores.jsonl

--------------------[Agent Step 38_840]--------------------
Metrics filtered by: 'score|length|fps|ratio|train/loss/|train/rand/'
episode/score 0 / episode/length 2693 / train/loss/con 0.02 / train/loss/dyn 2.44 / train/loss/image 5.03 / train/loss/policy 0.04 / train/loss/rep 2.44 / train/loss/repval 4.04 / train/loss/rew 5.3e-3 / train/loss/value 3.44 / train/rand/action 0.22 / replay/replay_ratio 260 / fps/policy 15.47 / fps/train 3959.71

Writing metrics: /home/scur2667/logdir/reproducibility/atari100k_private_eye/1/20250505T002812/metrics.jsonl
Writing metrics: /home/scur2667/logdir/reproducibility/atari100k_private_eye/1/20250505T002812/scores.jsonl

--------------------[Agent Step 45_160]--------------------
Metrics filtered by: 'score|length|fps|ratio|train/loss/|train/rand/'
episode/score 100 / episode/length 2693 / train/loss/con 0.02 / train/loss/dyn 2.14 / train/loss/image 4.23 / train/loss/policy 0.03 / train/loss/rep 2.14 / train/loss/repval 2.15 / train/loss/rew 3.2e-3 / train/loss/value 1.63 / train/rand/action 0.19 / replay/replay_ratio 260 / fps/policy 13.17 / fps/train 3370.37

Writing metrics: /home/scur2667/logdir/reproducibility/atari100k_private_eye/1/20250505T002812/metrics.jsonl
Writing metrics: /home/scur2667/logdir/reproducibility/atari100k_private_eye/1/20250505T002812/scores.jsonl

--------------------[Agent Step 51_520]--------------------
Metrics filtered by: 'score|length|fps|ratio|train/loss/|train/rand/'
train/loss/con 0.02 / train/loss/dyn 2.17 / train/loss/image 3.82 / train/loss/policy 0.02 / train/loss/rep 2.17 / train/loss/repval 1.93 / train/loss/rew 2.5e-3 / train/loss/value 1.49 / train/rand/action 0.11 / replay/replay_ratio 260.33 / fps/policy 13.19 / fps/train 3381.46

Writing metrics: /home/scur2667/logdir/reproducibility/atari100k_private_eye/1/20250505T002812/metrics.jsonlWriting metrics: /home/scur2667/logdir/reproducibility/atari100k_private_eye/1/20250505T002812/scores.jsonl

Saving checkpoint: /home/scur2667/logdir/reproducibility/atari100k_private_eye/1/20250505T002812/ckpt/20250505T004416F581620
Saved checkpoint.

--------------------[Agent Step 58_760]--------------------
Metrics filtered by: 'score|length|fps|ratio|train/loss/|train/rand/'
episode/score 100 / episode/length 2695 / train/loss/con 0.02 / train/loss/dyn 2.13 / train/loss/image 3.47 / train/loss/policy 0.04 / train/loss/rep 2.13 / train/loss/repval 1.98 / train/loss/rew 2.4e-3 / train/loss/value 1.64 / train/rand/action 0.15 / replay/replay_ratio 259.71 / fps/policy 15.03 / fps/train 3843.53

Writing metrics: /home/scur2667/logdir/reproducibility/atari100k_private_eye/1/20250505T002812/scores.jsonlWriting metrics: /home/scur2667/logdir/reproducibility/atari100k_private_eye/1/20250505T002812/metrics.jsonl


--------------------[Agent Step 65_040]--------------------
Metrics filtered by: 'score|length|fps|ratio|train/loss/|train/rand/'
episode/score 100 / episode/length 2696 / train/loss/con 0.02 / train/loss/dyn 1.95 / train/loss/image 3.19 / train/loss/policy 9.7e-3 / train/loss/rep 1.95 / train/loss/repval 1.7 / train/loss/rew 1.6e-3 / train/loss/value 1.22 / train/rand/action 0.1 / replay/replay_ratio 260.33 / fps/policy 13.07 / fps/train 3350.79

Writing metrics: /home/scur2667/logdir/reproducibility/atari100k_private_eye/1/20250505T002812/scores.jsonlWriting metrics: /home/scur2667/logdir/reproducibility/atari100k_private_eye/1/20250505T002812/metrics.jsonl


--------------------[Agent Step 71_400]--------------------
Metrics filtered by: 'score|length|fps|ratio|train/loss/|train/rand/'
train/loss/con 0.02 / train/loss/dyn 1.91 / train/loss/image 2.97 / train/loss/policy 1.2e-3 / train/loss/rep 1.91 / train/loss/repval 2.29 / train/loss/rew 1.3e-3 / train/loss/value 1.71 / train/rand/action 0.06 / replay/replay_ratio 259.67 / fps/policy 13.18 / fps/train 3370.95

Writing metrics: /home/scur2667/logdir/reproducibility/atari100k_private_eye/1/20250505T002812/scores.jsonl
Writing metrics: /home/scur2667/logdir/reproducibility/atari100k_private_eye/1/20250505T002812/metrics.jsonl

--------------------[Agent Step 78_840]--------------------
Metrics filtered by: 'score|length|fps|ratio|train/loss/|train/rand/'
episode/score 100 / episode/length 2693 / train/loss/con 0.02 / train/loss/dyn 1.85 / train/loss/image 2.75 / train/loss/policy 4.4e-4 / train/loss/rep 1.85 / train/loss/repval 2.35 / train/loss/rew 1.2e-3 / train/loss/value 1.71 / train/rand/action 0.1 / replay/replay_ratio 260 / fps/policy 15.47 / fps/train 3959.11

Writing metrics: /home/scur2667/logdir/reproducibility/atari100k_private_eye/1/20250505T002812/scores.jsonlWriting metrics: /home/scur2667/logdir/reproducibility/atari100k_private_eye/1/20250505T002812/metrics.jsonl


--------------------[Agent Step 85_080]--------------------
Metrics filtered by: 'score|length|fps|ratio|train/loss/|train/rand/'
train/loss/con 0.02 / train/loss/dyn 1.83 / train/loss/image 2.51 / train/loss/policy 0.05 / train/loss/rep 1.83 / train/loss/repval 2.49 / train/loss/rew 1e-3 / train/loss/value 1.89 / train/rand/action 0.08 / replay/replay_ratio 260 / fps/policy 12.99 / fps/train 3324.59

Writing metrics: /home/scur2667/logdir/reproducibility/atari100k_private_eye/1/20250505T002812/metrics.jsonl
Writing metrics: /home/scur2667/logdir/reproducibility/atari100k_private_eye/1/20250505T002812/scores.jsonl

--------------------[Agent Step 92_520]--------------------
Metrics filtered by: 'score|length|fps|ratio|train/loss/|train/rand/'
episode/score 100 / episode/length 2694 / train/loss/con 0.02 / train/loss/dyn 1.91 / train/loss/image 3.1 / train/loss/policy 6.7e-3 / train/loss/rep 1.91 / train/loss/repval 2.23 / train/loss/rew 1.5e-3 / train/loss/value 1.66 / train/rand/action 0.06 / replay/replay_ratio 260 / fps/policy 15.46 / fps/train 3958.17

Writing metrics: /home/scur2667/logdir/reproducibility/atari100k_private_eye/1/20250505T002812/metrics.jsonl
Writing metrics: /home/scur2667/logdir/reproducibility/atari100k_private_eye/1/20250505T002812/scores.jsonl

--------------------[Agent Step 98_800]--------------------
Metrics filtered by: 'score|length|fps|ratio|train/loss/|train/rand/'
episode/score -17 / episode/length 2699 / train/loss/con 0.02 / train/loss/dyn 1.89 / train/loss/image 2.68 / train/loss/policy 3.6e-3 / train/loss/rep 1.89 / train/loss/repval 2.2 / train/loss/rew 1.6e-3 / train/loss/value 1.71 / train/rand/action 0.07 / replay/replay_ratio 260.33 / fps/policy 13.06 / fps/train 3346.57

Writing metrics: /home/scur2667/logdir/reproducibility/atari100k_private_eye/1/20250505T002812/scores.jsonlWriting metrics: /home/scur2667/logdir/reproducibility/atari100k_private_eye/1/20250505T002812/metrics.jsonl

Saving checkpoint: /home/scur2667/logdir/reproducibility/atari100k_private_eye/1/20250505T002812/ckpt/20250505T005916F878267
Saved checkpoint.

--------------------[Agent Step 104_960]--------------------
Metrics filtered by: 'score|length|fps|ratio|train/loss/|train/rand/'
train/loss/con 0.02 / train/loss/dyn 1.83 / train/loss/image 2.29 / train/loss/policy 1.9e-3 / train/loss/rep 1.83 / train/loss/repval 2.2 / train/loss/rew 9.2e-4 / train/loss/value 1.81 / train/rand/action 0.1 / replay/replay_ratio 260 / fps/policy 12.82 / fps/train 3282.73

Writing metrics: /home/scur2667/logdir/reproducibility/atari100k_private_eye/1/20250505T002812/scores.jsonl
Writing metrics: /home/scur2667/logdir/reproducibility/atari100k_private_eye/1/20250505T002812/metrics.jsonl

--------------------[Agent Step 112_360]--------------------
Metrics filtered by: 'score|length|fps|ratio|train/loss/|train/rand/'
episode/score 100 / episode/length 2698 / train/loss/con 0.02 / train/loss/dyn 1.82 / train/loss/image 2.16 / train/loss/policy 1.6e-3 / train/loss/rep 1.82 / train/loss/repval 2.42 / train/loss/rew 1.5e-3 / train/loss/value 1.95 / train/rand/action 0.1 / replay/replay_ratio 259.72 / fps/policy 15.4 / fps/train 3938.28

Writing metrics: /home/scur2667/logdir/reproducibility/atari100k_private_eye/1/20250505T002812/scores.jsonl
Writing metrics: /home/scur2667/logdir/reproducibility/atari100k_private_eye/1/20250505T002812/metrics.jsonl

--------------------[Agent Step 118_640]--------------------
Metrics filtered by: 'score|length|fps|ratio|train/loss/|train/rand/'
episode/score 100 / episode/length 2696 / train/loss/con 0.02 / train/loss/dyn 1.69 / train/loss/image 1.99 / train/loss/policy 0.01 / train/loss/rep 1.69 / train/loss/repval 2.37 / train/loss/rew 7.5e-4 / train/loss/value 1.98 / train/rand/action 0.2 / replay/replay_ratio 260.33 / fps/policy 13.06 / fps/train 3346.34

Writing metrics: /home/scur2667/logdir/reproducibility/atari100k_private_eye/1/20250505T002812/scores.jsonlWriting metrics: /home/scur2667/logdir/reproducibility/atari100k_private_eye/1/20250505T002812/metrics.jsonl


--------------------[Agent Step 124_960]--------------------
Metrics filtered by: 'score|length|fps|ratio|train/loss/|train/rand/'
train/loss/con 0.02 / train/loss/dyn 1.65 / train/loss/image 1.88 / train/loss/policy 8.5e-3 / train/loss/rep 1.65 / train/loss/repval 2.08 / train/loss/rew 9.2e-4 / train/loss/value 1.75 / train/rand/action 0.15 / replay/replay_ratio 260 / fps/policy 13.15 / fps/train 3366.4

Writing metrics: /home/scur2667/logdir/reproducibility/atari100k_private_eye/1/20250505T002812/metrics.jsonlWriting metrics: /home/scur2667/logdir/reproducibility/atari100k_private_eye/1/20250505T002812/scores.jsonl


--------------------[Agent Step 132_360]--------------------
Metrics filtered by: 'score|length|fps|ratio|train/loss/|train/rand/'
episode/score 100 / episode/length 2697 / train/loss/con 0.02 / train/loss/dyn 1.74 / train/loss/image 1.85 / train/loss/policy 2.5e-3 / train/loss/rep 1.74 / train/loss/repval 2.23 / train/loss/rew 8.4e-4 / train/loss/value 1.76 / train/rand/action 0.17 / replay/replay_ratio 259.72 / fps/policy 15.36 / fps/train 3926.74

Writing metrics: /home/scur2667/logdir/reproducibility/atari100k_private_eye/1/20250505T002812/metrics.jsonlWriting metrics: /home/scur2667/logdir/reproducibility/atari100k_private_eye/1/20250505T002812/scores.jsonl


--------------------[Agent Step 138_680]--------------------
Metrics filtered by: 'score|length|fps|ratio|train/loss/|train/rand/'
train/loss/con 0.02 / train/loss/dyn 1.56 / train/loss/image 1.67 / train/loss/policy 0.01 / train/loss/rep 1.56 / train/loss/repval 2.21 / train/loss/rew 7.3e-4 / train/loss/value 1.77 / train/rand/action 0.16 / replay/replay_ratio 260 / fps/policy 13.14 / fps/train 3364.91

Writing metrics: /home/scur2667/logdir/reproducibility/atari100k_private_eye/1/20250505T002812/metrics.jsonlWriting metrics: /home/scur2667/logdir/reproducibility/atari100k_private_eye/1/20250505T002812/scores.jsonl


--------------------[Agent Step 146_080]--------------------
Metrics filtered by: 'score|length|fps|ratio|train/loss/|train/rand/'
episode/score 100 / episode/length 2699 / train/loss/con 0.02 / train/loss/dyn 1.67 / train/loss/image 1.64 / train/loss/policy 4.4e-3 / train/loss/rep 1.67 / train/loss/repval 2.3 / train/loss/rew 7.5e-4 / train/loss/value 1.79 / train/rand/action 0.16 / replay/replay_ratio 260.28 / fps/policy 15.35 / fps/train 3934.25

Writing metrics: /home/scur2667/logdir/reproducibility/atari100k_private_eye/1/20250505T002812/scores.jsonlWriting metrics: /home/scur2667/logdir/reproducibility/atari100k_private_eye/1/20250505T002812/metrics.jsonl


--------------------[Agent Step 152_400]--------------------
Metrics filtered by: 'score|length|fps|ratio|train/loss/|train/rand/'
episode/score 100 / episode/length 2696 / train/loss/con 0.02 / train/loss/dyn 1.59 / train/loss/image 1.52 / train/loss/policy 0.03 / train/loss/rep 1.59 / train/loss/repval 2.58 / train/loss/rew 9.1e-4 / train/loss/value 2.06 / train/rand/action 0.21 / replay/replay_ratio 260 / fps/policy 13.16 / fps/train 3368.54

Writing metrics: /home/scur2667/logdir/reproducibility/atari100k_private_eye/1/20250505T002812/metrics.jsonl
Writing metrics: /home/scur2667/logdir/reproducibility/atari100k_private_eye/1/20250505T002812/scores.jsonl
Saving checkpoint: /home/scur2667/logdir/reproducibility/atari100k_private_eye/1/20250505T002812/ckpt/20250505T011417F192529
Saved checkpoint.

--------------------[Agent Step 158_520]--------------------
Metrics filtered by: 'score|length|fps|ratio|train/loss/|train/rand/'
train/loss/con 0.02 / train/loss/dyn 1.57 / train/loss/image 1.45 / train/loss/policy 0.02 / train/loss/rep 1.57 / train/loss/repval 2.37 / train/loss/rew 8.4e-4 / train/loss/value 1.94 / train/rand/action 0.22 / replay/replay_ratio 259.66 / fps/policy 12.74 / fps/train 3257.61

Writing metrics: /home/scur2667/logdir/reproducibility/atari100k_private_eye/1/20250505T002812/metrics.jsonlWriting metrics: /home/scur2667/logdir/reproducibility/atari100k_private_eye/1/20250505T002812/scores.jsonl


--------------------[Agent Step 165_880]--------------------
Metrics filtered by: 'score|length|fps|ratio|train/loss/|train/rand/'
episode/score 100 / episode/length 2691 / train/loss/con 0.02 / train/loss/dyn 1.61 / train/loss/image 1.37 / train/loss/policy 0.01 / train/loss/rep 1.61 / train/loss/repval 2.46 / train/loss/rew 1.5e-3 / train/loss/value 2.03 / train/rand/action 0.17 / replay/replay_ratio 260 / fps/policy 15.32 / fps/train 3922.74

Writing metrics: /home/scur2667/logdir/reproducibility/atari100k_private_eye/1/20250505T002812/metrics.jsonlWriting metrics: /home/scur2667/logdir/reproducibility/atari100k_private_eye/1/20250505T002812/scores.jsonl


--------------------[Agent Step 172_200]--------------------
Metrics filtered by: 'score|length|fps|ratio|train/loss/|train/rand/'
train/loss/con 0.02 / train/loss/dyn 1.5 / train/loss/image 1.33 / train/loss/policy 4.2e-3 / train/loss/rep 1.5 / train/loss/repval 2.42 / train/loss/rew 1.5e-3 / train/loss/value 1.82 / train/rand/action 0.09 / replay/replay_ratio 260 / fps/policy 13.16 / fps/train 3368.14

Writing metrics: /home/scur2667/logdir/reproducibility/atari100k_private_eye/1/20250505T002812/metrics.jsonlWriting metrics: /home/scur2667/logdir/reproducibility/atari100k_private_eye/1/20250505T002812/scores.jsonl


--------------------[Agent Step 179_600]--------------------
Metrics filtered by: 'score|length|fps|ratio|train/loss/|train/rand/'
episode/score -396 / episode/length 2692 / train/loss/con 0.02 / train/loss/dyn 1.61 / train/loss/image 1.31 / train/loss/policy 2.4e-4 / train/loss/rep 1.61 / train/loss/repval 2.38 / train/loss/rew 1.7e-3 / train/loss/value 1.92 / train/rand/action 0.2 / replay/replay_ratio 260.28 / fps/policy 15.36 / fps/train 3935.52

Writing metrics: /home/scur2667/logdir/reproducibility/atari100k_private_eye/1/20250505T002812/scores.jsonl
Writing metrics: /home/scur2667/logdir/reproducibility/atari100k_private_eye/1/20250505T002812/metrics.jsonl

--------------------[Agent Step 185_960]--------------------
Metrics filtered by: 'score|length|fps|ratio|train/loss/|train/rand/'
episode/score 100 / episode/length 2698 / train/loss/con 0.02 / train/loss/dyn 1.6 / train/loss/image 1.23 / train/loss/policy 5.1e-3 / train/loss/rep 1.6 / train/loss/repval 2.36 / train/loss/rew 2.6e-3 / train/loss/value 1.92 / train/rand/action 0.17 / replay/replay_ratio 259.67 / fps/policy 13.21 / fps/train 3377.81

Writing metrics: /home/scur2667/logdir/reproducibility/atari100k_private_eye/1/20250505T002812/scores.jsonl
Writing metrics: /home/scur2667/logdir/reproducibility/atari100k_private_eye/1/20250505T002812/metrics.jsonl

--------------------[Agent Step 192_280]--------------------
Metrics filtered by: 'score|length|fps|ratio|train/loss/|train/rand/'
train/loss/con 0.02 / train/loss/dyn 1.57 / train/loss/image 1.19 / train/loss/policy 8.3e-3 / train/loss/rep 1.57 / train/loss/repval 2.94 / train/loss/rew 1.8e-3 / train/loss/value 2.51 / train/rand/action 0.22 / replay/replay_ratio 260 / fps/policy 13.15 / fps/train 3365.4

Writing metrics: /home/scur2667/logdir/reproducibility/atari100k_private_eye/1/20250505T002812/metrics.jsonl
Writing metrics: /home/scur2667/logdir/reproducibility/atari100k_private_eye/1/20250505T002812/scores.jsonl

--------------------[Agent Step 199_680]--------------------
Metrics filtered by: 'score|length|fps|ratio|train/loss/|train/rand/'
episode/score 100 / episode/length 2695 / train/loss/con 0.02 / train/loss/dyn 1.55 / train/loss/image 1.11 / train/loss/policy 0.01 / train/loss/rep 1.55 / train/loss/repval 2.54 / train/loss/rew 1e-3 / train/loss/value 2.06 / train/rand/action 0.24 / replay/replay_ratio 260.28 / fps/policy 15.36 / fps/train 3936.21

Writing metrics: /home/scur2667/logdir/reproducibility/atari100k_private_eye/1/20250505T002812/metrics.jsonl
Writing metrics: /home/scur2667/logdir/reproducibility/atari100k_private_eye/1/20250505T002812/scores.jsonl
Saving checkpoint: /home/scur2667/logdir/reproducibility/atari100k_private_eye/1/20250505T002812/ckpt/20250505T012917F649179
Saved checkpoint.

--------------------[Agent Step 205_840]--------------------
Metrics filtered by: 'score|length|fps|ratio|train/loss/|train/rand/'
episode/score 100 / episode/length 2695 / train/loss/con 0.02 / train/loss/dyn 1.48 / train/loss/image 1.07 / train/loss/policy 7.3e-3 / train/loss/rep 1.48 / train/loss/repval 2.85 / train/loss/rew 1.2e-3 / train/loss/value 2.26 / train/rand/action 0.2 / replay/replay_ratio 260 / fps/policy 12.82 / fps/train 3282.16

Writing metrics: /home/scur2667/logdir/reproducibility/atari100k_private_eye/1/20250505T002812/scores.jsonl
Writing metrics: /home/scur2667/logdir/reproducibility/atari100k_private_eye/1/20250505T002812/metrics.jsonl

--------------------[Agent Step 211_880]--------------------
Metrics filtered by: 'score|length|fps|ratio|train/loss/|train/rand/'
train/loss/con 0.02 / train/loss/dyn 1.53 / train/loss/image 1.03 / train/loss/policy 0.02 / train/loss/rep 1.53 / train/loss/repval 3.2 / train/loss/rew 9.5e-4 / train/loss/value 2.68 / train/rand/action 0.2 / replay/replay_ratio 259.66 / fps/policy 12.57 / fps/train 3213.31

Writing metrics: /home/scur2667/logdir/reproducibility/atari100k_private_eye/1/20250505T002812/metrics.jsonlWriting metrics: /home/scur2667/logdir/reproducibility/atari100k_private_eye/1/20250505T002812/scores.jsonl


--------------------[Agent Step 219_320]--------------------
Metrics filtered by: 'score|length|fps|ratio|train/loss/|train/rand/'
episode/score 100 / episode/length 2696 / train/loss/con 0.02 / train/loss/dyn 1.54 / train/loss/image 1 / train/loss/policy 9e-4 / train/loss/rep 1.54 / train/loss/repval 2.48 / train/loss/rew 1.5e-3 / train/loss/value 2.08 / train/rand/action 0.21 / replay/replay_ratio 260 / fps/policy 15.45 / fps/train 3954.07

Writing metrics: /home/scur2667/logdir/reproducibility/atari100k_private_eye/1/20250505T002812/metrics.jsonlWriting metrics: /home/scur2667/logdir/reproducibility/atari100k_private_eye/1/20250505T002812/scores.jsonl


--------------------[Agent Step 225_640]--------------------
Metrics filtered by: 'score|length|fps|ratio|train/loss/|train/rand/'
train/loss/con 0.02 / train/loss/dyn 1.62 / train/loss/image 0.96 / train/loss/policy 0.01 / train/loss/rep 1.62 / train/loss/repval 2.57 / train/loss/rew 1e-3 / train/loss/value 2.13 / train/rand/action 0.26 / replay/replay_ratio 260 / fps/policy 13.14 / fps/train 3364.49

Writing metrics: /home/scur2667/logdir/reproducibility/atari100k_private_eye/1/20250505T002812/metrics.jsonl
Writing metrics: /home/scur2667/logdir/reproducibility/atari100k_private_eye/1/20250505T002812/scores.jsonl

--------------------[Agent Step 233_040]--------------------
Metrics filtered by: 'score|length|fps|ratio|train/loss/|train/rand/'
episode/score 100 / episode/length 2694 / train/loss/con 0.02 / train/loss/dyn 1.56 / train/loss/image 0.95 / train/loss/policy 0.01 / train/loss/rep 1.56 / train/loss/repval 2.76 / train/loss/rew 8.8e-4 / train/loss/value 2.21 / train/rand/action 0.27 / replay/replay_ratio 260.28 / fps/policy 15.35 / fps/train 3935.08

Writing metrics: /home/scur2667/logdir/reproducibility/atari100k_private_eye/1/20250505T002812/scores.jsonlWriting metrics: /home/scur2667/logdir/reproducibility/atari100k_private_eye/1/20250505T002812/metrics.jsonl


--------------------[Agent Step 239_360]--------------------
Metrics filtered by: 'score|length|fps|ratio|train/loss/|train/rand/'
episode/score 100 / episode/length 2694 / train/loss/con 0.02 / train/loss/dyn 1.54 / train/loss/image 0.91 / train/loss/policy 0.02 / train/loss/rep 1.54 / train/loss/repval 2.87 / train/loss/rew 1.2e-3 / train/loss/value 2.38 / train/rand/action 0.29 / replay/replay_ratio 260 / fps/policy 13.15 / fps/train 3365.93

Writing metrics: /home/scur2667/logdir/reproducibility/atari100k_private_eye/1/20250505T002812/metrics.jsonlWriting metrics: /home/scur2667/logdir/reproducibility/atari100k_private_eye/1/20250505T002812/scores.jsonl


--------------------[Agent Step 245_640]--------------------
Metrics filtered by: 'score|length|fps|ratio|train/loss/|train/rand/'
train/loss/con 0.02 / train/loss/dyn 1.55 / train/loss/image 0.88 / train/loss/policy 7.2e-3 / train/loss/rep 1.55 / train/loss/repval 2.7 / train/loss/rew 9e-4 / train/loss/value 2.1 / train/rand/action 0.21 / replay/replay_ratio 259.67 / fps/policy 13.06 / fps/train 3338.15

Writing metrics: /home/scur2667/logdir/reproducibility/atari100k_private_eye/1/20250505T002812/metrics.jsonlWriting metrics: /home/scur2667/logdir/reproducibility/atari100k_private_eye/1/20250505T002812/scores.jsonl


--------------------[Agent Step 253_080]--------------------
Metrics filtered by: 'score|length|fps|ratio|train/loss/|train/rand/'
episode/score 100 / episode/length 2695 / train/loss/con 0.02 / train/loss/dyn 1.5 / train/loss/image 0.84 / train/loss/policy 9.7e-3 / train/loss/rep 1.5 / train/loss/repval 2.78 / train/loss/rew 8.3e-4 / train/loss/value 2.27 / train/rand/action 0.23 / replay/replay_ratio 260 / fps/policy 15.47 / fps/train 3960.58

Writing metrics: /home/scur2667/logdir/reproducibility/atari100k_private_eye/1/20250505T002812/metrics.jsonl
Writing metrics: /home/scur2667/logdir/reproducibility/atari100k_private_eye/1/20250505T002812/scores.jsonl
Saving checkpoint: /home/scur2667/logdir/reproducibility/atari100k_private_eye/1/20250505T002812/ckpt/20250505T014417F732936
Saved checkpoint.

--------------------[Agent Step 259_240]--------------------
Metrics filtered by: 'score|length|fps|ratio|train/loss/|train/rand/'
episode/score 100 / episode/length 2694 / train/loss/con 0.02 / train/loss/dyn 1.54 / train/loss/image 0.84 / train/loss/policy 0.01 / train/loss/rep 1.54 / train/loss/repval 2.87 / train/loss/rew 1.2e-3 / train/loss/value 2.39 / train/rand/action 0.26 / replay/replay_ratio 260 / fps/policy 12.79 / fps/train 3274.2

Writing metrics: /home/scur2667/logdir/reproducibility/atari100k_private_eye/1/20250505T002812/metrics.jsonlWriting metrics: /home/scur2667/logdir/reproducibility/atari100k_private_eye/1/20250505T002812/scores.jsonl


--------------------[Agent Step 265_520]--------------------
Metrics filtered by: 'score|length|fps|ratio|train/loss/|train/rand/'
train/loss/con 0.02 / train/loss/dyn 1.55 / train/loss/image 0.84 / train/loss/policy 0.01 / train/loss/rep 1.55 / train/loss/repval 2.75 / train/loss/rew 8.7e-4 / train/loss/value 2.12 / train/rand/action 0.2 / replay/replay_ratio 260.33 / fps/policy 13.07 / fps/train 3350.38

Writing metrics: /home/scur2667/logdir/reproducibility/atari100k_private_eye/1/20250505T002812/scores.jsonlWriting metrics: /home/scur2667/logdir/reproducibility/atari100k_private_eye/1/20250505T002812/metrics.jsonl


--------------------[Agent Step 272_960]--------------------
Metrics filtered by: 'score|length|fps|ratio|train/loss/|train/rand/'
episode/score 100 / episode/length 2693 / train/loss/con 0.02 / train/loss/dyn 1.5 / train/loss/image 0.79 / train/loss/policy 5.2e-3 / train/loss/rep 1.5 / train/loss/repval 2.85 / train/loss/rew 8.2e-4 / train/loss/value 2.42 / train/rand/action 0.2 / replay/replay_ratio 260 / fps/policy 15.49 / fps/train 3965.83

Writing metrics: /home/scur2667/logdir/reproducibility/atari100k_private_eye/1/20250505T002812/metrics.jsonlWriting metrics: /home/scur2667/logdir/reproducibility/atari100k_private_eye/1/20250505T002812/scores.jsonl


--------------------[Agent Step 279_280]--------------------
Metrics filtered by: 'score|length|fps|ratio|train/loss/|train/rand/'
train/loss/con 0.02 / train/loss/dyn 1.56 / train/loss/image 0.79 / train/loss/policy 5.4e-3 / train/loss/rep 1.56 / train/loss/repval 2.64 / train/loss/rew 7.6e-4 / train/loss/value 2.12 / train/rand/action 0.22 / replay/replay_ratio 260 / fps/policy 13.11 / fps/train 3357.08

Writing metrics: /home/scur2667/logdir/reproducibility/atari100k_private_eye/1/20250505T002812/metrics.jsonlWriting metrics: /home/scur2667/logdir/reproducibility/atari100k_private_eye/1/20250505T002812/scores.jsonl


--------------------[Agent Step 286_760]--------------------
Metrics filtered by: 'score|length|fps|ratio|train/loss/|train/rand/'
episode/score 100 / episode/length 2693 / train/loss/con 0.02 / train/loss/dyn 1.5 / train/loss/image 0.75 / train/loss/policy 0.01 / train/loss/rep 1.5 / train/loss/repval 2.92 / train/loss/rew 6.5e-4 / train/loss/value 2.47 / train/rand/action 0.21 / replay/replay_ratio 259.72 / fps/policy 15.5 / fps/train 3963.98

Writing metrics: /home/scur2667/logdir/reproducibility/atari100k_private_eye/1/20250505T002812/scores.jsonl
Writing metrics: /home/scur2667/logdir/reproducibility/atari100k_private_eye/1/20250505T002812/metrics.jsonl

--------------------[Agent Step 293_080]--------------------
Metrics filtered by: 'score|length|fps|ratio|train/loss/|train/rand/'
episode/score 100 / episode/length 2696 / train/loss/con 0.02 / train/loss/dyn 1.43 / train/loss/image 0.72 / train/loss/policy 0.02 / train/loss/rep 1.43 / train/loss/repval 3.18 / train/loss/rew 1.1e-3 / train/loss/value 2.6 / train/rand/action 0.16 / replay/replay_ratio 260 / fps/policy 13.15 / fps/train 3366.18

Writing metrics: /home/scur2667/logdir/reproducibility/atari100k_private_eye/1/20250505T002812/metrics.jsonlWriting metrics: /home/scur2667/logdir/reproducibility/atari100k_private_eye/1/20250505T002812/scores.jsonl


--------------------[Agent Step 299_360]--------------------
Metrics filtered by: 'score|length|fps|ratio|train/loss/|train/rand/'
train/loss/con 0.02 / train/loss/dyn 1.44 / train/loss/image 0.71 / train/loss/policy 0.02 / train/loss/rep 1.44 / train/loss/repval 2.82 / train/loss/rew 6.6e-4 / train/loss/value 2.23 / train/rand/action 0.18 / replay/replay_ratio 260.33 / fps/policy 13.05 / fps/train 3345.99

Writing metrics: /home/scur2667/logdir/reproducibility/atari100k_private_eye/1/20250505T002812/metrics.jsonlWriting metrics: /home/scur2667/logdir/reproducibility/atari100k_private_eye/1/20250505T002812/scores.jsonl

Saving checkpoint: /home/scur2667/logdir/reproducibility/atari100k_private_eye/1/20250505T002812/ckpt/20250505T015918F060412
Saved checkpoint.

--------------------[Agent Step 306_640]--------------------
Metrics filtered by: 'score|length|fps|ratio|train/loss/|train/rand/'
episode/score 100 / episode/length 2698 / train/loss/con 0.02 / train/loss/dyn 1.49 / train/loss/image 0.8 / train/loss/policy 6.5e-3 / train/loss/rep 1.49 / train/loss/repval 2.8 / train/loss/rew 2.5e-3 / train/loss/value 2.21 / train/rand/action 0.14 / replay/replay_ratio 260 / fps/policy 15.13 / fps/train 3872.92

Writing metrics: /home/scur2667/logdir/reproducibility/atari100k_private_eye/1/20250505T002812/scores.jsonl
Writing metrics: /home/scur2667/logdir/reproducibility/atari100k_private_eye/1/20250505T002812/metrics.jsonl

--------------------[Agent Step 312_840]--------------------
Metrics filtered by: 'score|length|fps|ratio|train/loss/|train/rand/'
episode/score 4129 / episode/length 2691 / train/loss/con 0.02 / train/loss/dyn 1.4 / train/loss/image 0.9 / train/loss/policy 0.02 / train/loss/rep 1.4 / train/loss/repval 3.18 / train/loss/rew 2.5e-3 / train/loss/value 2.74 / train/rand/action 0.15 / replay/replay_ratio 259.66 / fps/policy 12.86 / fps/train 3288.84

Writing metrics: /home/scur2667/logdir/reproducibility/atari100k_private_eye/1/20250505T002812/scores.jsonlWriting metrics: /home/scur2667/logdir/reproducibility/atari100k_private_eye/1/20250505T002812/metrics.jsonl


--------------------[Agent Step 319_160]--------------------
Metrics filtered by: 'score|length|fps|ratio|train/loss/|train/rand/'
train/loss/con 0.02 / train/loss/dyn 1.4 / train/loss/image 0.86 / train/loss/policy 9.9e-3 / train/loss/rep 1.4 / train/loss/repval 2.6 / train/loss/rew 1.9e-3 / train/loss/value 2.18 / train/rand/action 0.16 / replay/replay_ratio 260 / fps/policy 13.15 / fps/train 3365.71

Writing metrics: /home/scur2667/logdir/reproducibility/atari100k_private_eye/1/20250505T002812/metrics.jsonlWriting metrics: /home/scur2667/logdir/reproducibility/atari100k_private_eye/1/20250505T002812/scores.jsonl


--------------------[Agent Step 326_600]--------------------
Metrics filtered by: 'score|length|fps|ratio|train/loss/|train/rand/'
episode/score 100 / episode/length 2692 / train/loss/con 0.02 / train/loss/dyn 1.39 / train/loss/image 0.82 / train/loss/policy 4.1e-3 / train/loss/rep 1.39 / train/loss/repval 2.45 / train/loss/rew 1.2e-3 / train/loss/value 2.03 / train/rand/action 0.15 / replay/replay_ratio 260 / fps/policy 15.48 / fps/train 3962.2

Writing metrics: /home/scur2667/logdir/reproducibility/atari100k_private_eye/1/20250505T002812/metrics.jsonlWriting metrics: /home/scur2667/logdir/reproducibility/atari100k_private_eye/1/20250505T002812/scores.jsonl


--------------------[Agent Step 332_880]--------------------
Metrics filtered by: 'score|length|fps|ratio|train/loss/|train/rand/'
train/loss/con 0.02 / train/loss/dyn 1.43 / train/loss/image 0.8 / train/loss/policy 8.3e-3 / train/loss/rep 1.43 / train/loss/repval 2.76 / train/loss/rew 1.4e-3 / train/loss/value 2.17 / train/rand/action 0.17 / replay/replay_ratio 260.33 / fps/policy 13.08 / fps/train 3353.49

Writing metrics: /home/scur2667/logdir/reproducibility/atari100k_private_eye/1/20250505T002812/metrics.jsonlWriting metrics: /home/scur2667/logdir/reproducibility/atari100k_private_eye/1/20250505T002812/scores.jsonl


--------------------[Agent Step 340_320]--------------------
Metrics filtered by: 'score|length|fps|ratio|train/loss/|train/rand/'
episode/score 100 / episode/length 2697 / train/loss/con 0.02 / train/loss/dyn 1.4 / train/loss/image 0.73 / train/loss/policy 0.02 / train/loss/rep 1.4 / train/loss/repval 2.81 / train/loss/rew 1.7e-3 / train/loss/value 2.25 / train/rand/action 0.15 / replay/replay_ratio 260 / fps/policy 15.48 / fps/train 3963.88

Writing metrics: /home/scur2667/logdir/reproducibility/atari100k_private_eye/1/20250505T002812/scores.jsonl
Writing metrics: /home/scur2667/logdir/reproducibility/atari100k_private_eye/1/20250505T002812/metrics.jsonl

--------------------[Agent Step 346_600]--------------------
Metrics filtered by: 'score|length|fps|ratio|train/loss/|train/rand/'
episode/score 100 / episode/length 2696 / train/loss/con 0.02 / train/loss/dyn 1.35 / train/loss/image 0.72 / train/loss/policy 5.2e-3 / train/loss/rep 1.35 / train/loss/repval 2.11 / train/loss/rew 7.4e-4 / train/loss/value 1.63 / train/rand/action 0.18 / replay/replay_ratio 259.67 / fps/policy 13.08 / fps/train 3343.77

Writing metrics: /home/scur2667/logdir/reproducibility/atari100k_private_eye/1/20250505T002812/scores.jsonlWriting metrics: /home/scur2667/logdir/reproducibility/atari100k_private_eye/1/20250505T002812/metrics.jsonl


--------------------[Agent Step 352_920]--------------------
Metrics filtered by: 'score|length|fps|ratio|train/loss/|train/rand/'
train/loss/con 0.02 / train/loss/dyn 1.34 / train/loss/image 0.67 / train/loss/policy 7e-3 / train/loss/rep 1.34 / train/loss/repval 2.28 / train/loss/rew 8.3e-4 / train/loss/value 1.9 / train/rand/action 0.19 / replay/replay_ratio 260 / fps/policy 13.12 / fps/train 3357.92

Writing metrics: /home/scur2667/logdir/reproducibility/atari100k_private_eye/1/20250505T002812/metrics.jsonlWriting metrics: /home/scur2667/logdir/reproducibility/atari100k_private_eye/1/20250505T002812/scores.jsonl

Saving checkpoint: /home/scur2667/logdir/reproducibility/atari100k_private_eye/1/20250505T002812/ckpt/20250505T021418F434182
Saved checkpoint.

--------------------[Agent Step 360_200]--------------------
Metrics filtered by: 'score|length|fps|ratio|train/loss/|train/rand/'
episode/score 100 / episode/length 2692 / train/loss/con 0.02 / train/loss/dyn 1.37 / train/loss/image 0.67 / train/loss/policy 1e-2 / train/loss/rep 1.37 / train/loss/repval 2.69 / train/loss/rew 1.2e-3 / train/loss/value 2.14 / train/rand/action 0.15 / replay/replay_ratio 260 / fps/policy 15.08 / fps/train 3861.58

Writing metrics: /home/scur2667/logdir/reproducibility/atari100k_private_eye/1/20250505T002812/scores.jsonlWriting metrics: /home/scur2667/logdir/reproducibility/atari100k_private_eye/1/20250505T002812/metrics.jsonl


--------------------[Agent Step 366_440]--------------------
Metrics filtered by: 'score|length|fps|ratio|train/loss/|train/rand/'
train/loss/con 0.02 / train/loss/dyn 1.33 / train/loss/image 0.64 / train/loss/policy 1.8e-3 / train/loss/rep 1.33 / train/loss/repval 2 / train/loss/rew 9.4e-4 / train/loss/value 1.54 / train/rand/action 0.15 / replay/replay_ratio 260 / fps/policy 12.97 / fps/train 3321.34

Writing metrics: /home/scur2667/logdir/reproducibility/atari100k_private_eye/1/20250505T002812/scores.jsonlWriting metrics: /home/scur2667/logdir/reproducibility/atari100k_private_eye/1/20250505T002812/metrics.jsonl


--------------------[Agent Step 373_880]--------------------
Metrics filtered by: 'score|length|fps|ratio|train/loss/|train/rand/'
episode/score 100 / episode/length 2693 / train/loss/con 0.02 / train/loss/dyn 1.44 / train/loss/image 0.71 / train/loss/policy 4.8e-3 / train/loss/rep 1.44 / train/loss/repval 2.4 / train/loss/rew 1.8e-3 / train/loss/value 1.87 / train/rand/action 0.17 / replay/replay_ratio 260 / fps/policy 15.47 / fps/train 3961.34

Writing metrics: /home/scur2667/logdir/reproducibility/atari100k_private_eye/1/20250505T002812/metrics.jsonlWriting metrics: /home/scur2667/logdir/reproducibility/atari100k_private_eye/1/20250505T002812/scores.jsonl


--------------------[Agent Step 380_160]--------------------
Metrics filtered by: 'score|length|fps|ratio|train/loss/|train/rand/'
episode/score 3109 / episode/length 2696 / train/loss/con 0.02 / train/loss/dyn 1.34 / train/loss/image 0.69 / train/loss/policy 7.5e-3 / train/loss/rep 1.34 / train/loss/repval 2.45 / train/loss/rew 2.5e-3 / train/loss/value 1.97 / train/rand/action 0.21 / replay/replay_ratio 260.33 / fps/policy 13.04 / fps/train 3343.22

Writing metrics: /home/scur2667/logdir/reproducibility/atari100k_private_eye/1/20250505T002812/metrics.jsonl
Writing metrics: /home/scur2667/logdir/reproducibility/atari100k_private_eye/1/20250505T002812/scores.jsonl

--------------------[Agent Step 386_480]--------------------
Metrics filtered by: 'score|length|fps|ratio|train/loss/|train/rand/'
train/loss/con 0.02 / train/loss/dyn 1.34 / train/loss/image 0.65 / train/loss/policy 7.5e-4 / train/loss/rep 1.34 / train/loss/repval 1.98 / train/loss/rew 1.8e-3 / train/loss/value 1.46 / train/rand/action 0.21 / replay/replay_ratio 260 / fps/policy 13.15 / fps/train 3367.28

Writing metrics: /home/scur2667/logdir/reproducibility/atari100k_private_eye/1/20250505T002812/metrics.jsonlWriting metrics: /home/scur2667/logdir/reproducibility/atari100k_private_eye/1/20250505T002812/scores.jsonl


--------------------[Agent Step 393_920]--------------------
Metrics filtered by: 'score|length|fps|ratio|train/loss/|train/rand/'
episode/score -200 / episode/length 2699 / train/loss/con 0.02 / train/loss/dyn 1.32 / train/loss/image 0.65 / train/loss/policy 7.5e-3 / train/loss/rep 1.32 / train/loss/repval 2.86 / train/loss/rew 2e-3 / train/loss/value 2.34 / train/rand/action 0.11 / replay/replay_ratio 260 / fps/policy 15.49 / fps/train 3964.75

Writing metrics: /home/scur2667/logdir/reproducibility/atari100k_private_eye/1/20250505T002812/scores.jsonlWriting metrics: /home/scur2667/logdir/reproducibility/atari100k_private_eye/1/20250505T002812/metrics.jsonl


--------------------[Agent Step 400_200]--------------------
Metrics filtered by: 'score|length|fps|ratio|train/loss/|train/rand/'
episode/score 4249 / episode/length 2697 / train/loss/con 0.02 / train/loss/dyn 1.31 / train/loss/image 0.64 / train/loss/policy 2.1e-3 / train/loss/rep 1.31 / train/loss/repval 2.49 / train/loss/rew 1.9e-3 / train/loss/value 1.77 / train/rand/action 0.07 / replay/replay_ratio 259.67 / fps/policy 13.01 / fps/train 3325.91

Writing metrics: /home/scur2667/logdir/reproducibility/atari100k_private_eye/1/20250505T002812/scores.jsonl
Writing metrics: /home/scur2667/logdir/reproducibility/atari100k_private_eye/1/20250505T002812/metrics.jsonl
Saving checkpoint: /home/scur2667/logdir/reproducibility/atari100k_private_eye/1/20250505T002812/ckpt/20250505T022918F602970
Saved checkpoint.

--------------------[Agent Step 406_320]--------------------
Metrics filtered by: 'score|length|fps|ratio|train/loss/|train/rand/'
train/loss/con 0.02 / train/loss/dyn 1.41 / train/loss/image 0.66 / train/loss/policy -4.6e-4 / train/loss/rep 1.41 / train/loss/repval 1.85 / train/loss/rew 1.4e-3 / train/loss/value 1.26 / train/rand/action 0.04 / replay/replay_ratio 260.34 / fps/policy 12.75 / fps/train 3268.54

Writing metrics: /home/scur2667/logdir/reproducibility/atari100k_private_eye/1/20250505T002812/scores.jsonlWriting metrics: /home/scur2667/logdir/reproducibility/atari100k_private_eye/1/20250505T002812/metrics.jsonl


--------------------[Agent Step 413_720]--------------------
Metrics filtered by: 'score|length|fps|ratio|train/loss/|train/rand/'
episode/score 100 / episode/length 2693 / train/loss/con 0.02 / train/loss/dyn 1.45 / train/loss/image 0.66 / train/loss/policy 1.2e-3 / train/loss/rep 1.45 / train/loss/repval 2.06 / train/loss/rew 1.6e-3 / train/loss/value 1.52 / train/rand/action 0.07 / replay/replay_ratio 259.72 / fps/policy 15.39 / fps/train 3934.68

Writing metrics: /home/scur2667/logdir/reproducibility/atari100k_private_eye/1/20250505T002812/scores.jsonlWriting metrics: /home/scur2667/logdir/reproducibility/atari100k_private_eye/1/20250505T002812/metrics.jsonl


--------------------[Agent Step 420_040]--------------------
Metrics filtered by: 'score|length|fps|ratio|train/loss/|train/rand/'
train/loss/con 0.02 / train/loss/dyn 1.29 / train/loss/image 0.6 / train/loss/policy 3.9e-3 / train/loss/rep 1.29 / train/loss/repval 2.93 / train/loss/rew 1.7e-3 / train/loss/value 2.34 / train/rand/action 0.13 / replay/replay_ratio 260 / fps/policy 13.12 / fps/train 3359.49

Writing metrics: /home/scur2667/logdir/reproducibility/atari100k_private_eye/1/20250505T002812/metrics.jsonl
Writing metrics: /home/scur2667/logdir/reproducibility/atari100k_private_eye/1/20250505T002812/scores.jsonl

--------------------[Agent Step 427_480]--------------------
Metrics filtered by: 'score|length|fps|ratio|train/loss/|train/rand/'
episode/score 4222 / episode/length 2697 / train/loss/con 0.02 / train/loss/dyn 1.27 / train/loss/image 0.59 / train/loss/policy 5.9e-3 / train/loss/rep 1.27 / train/loss/repval 2.43 / train/loss/rew 1.7e-3 / train/loss/value 1.78 / train/rand/action 0.1 / replay/replay_ratio 260 / fps/policy 15.46 / fps/train 3958.78

Writing metrics: /home/scur2667/logdir/reproducibility/atari100k_private_eye/1/20250505T002812/metrics.jsonl
Writing metrics: /home/scur2667/logdir/reproducibility/atari100k_private_eye/1/20250505T002812/scores.jsonl

--------------------[Agent Step 433_720]--------------------
Metrics filtered by: 'score|length|fps|ratio|train/loss/|train/rand/'
episode/score 100 / episode/length 2693 / train/loss/con 0.02 / train/loss/dyn 1.31 / train/loss/image 0.57 / train/loss/policy 6.2e-3 / train/loss/rep 1.31 / train/loss/repval 2.47 / train/loss/rew 1.5e-3 / train/loss/value 1.93 / train/rand/action 0.11 / replay/replay_ratio 260 / fps/policy 12.99 / fps/train 3324.84

Writing metrics: /home/scur2667/logdir/reproducibility/atari100k_private_eye/1/20250505T002812/scores.jsonlWriting metrics: /home/scur2667/logdir/reproducibility/atari100k_private_eye/1/20250505T002812/metrics.jsonl


--------------------[Agent Step 440_000]--------------------
Metrics filtered by: 'score|length|fps|ratio|train/loss/|train/rand/'
train/loss/con 0.02 / train/loss/dyn 1.25 / train/loss/image 0.56 / train/loss/policy 0.02 / train/loss/rep 1.25 / train/loss/repval 3.48 / train/loss/rew 2e-3 / train/loss/value 2.85 / train/rand/action 0.11 / replay/replay_ratio 260.33 / fps/policy 13.05 / fps/train 3344.38

Writing metrics: /home/scur2667/logdir/reproducibility/atari100k_private_eye/1/20250505T002812/metrics.jsonl
Writing metrics: /home/scur2667/logdir/reproducibility/atari100k_private_eye/1/20250505T002812/scores.jsonl
[1;34mwandb[0m: 
[1;34mwandb[0m: 🚀 View run [33mrepr/reproducibility/atari100k_private_eye/1/20250505T002812[0m at: [34mhttps://wandb.ai/dreamerz/reproducibility/runs/y15xf56q[0m
[1;34mwandb[0m: Find logs at: [1;35mwandb/run-20250505_002910-y15xf56q/logs[0m

JOB STATISTICS
==============
Job ID: 11568007
Cluster: snellius
User/Group: scur2667/scur2667
State: COMPLETED (exit code 0)
Nodes: 1
Cores per node: 18
CPU Utilized: 01:05:23
CPU Efficiency: 2.76% of 1-15:29:24 core-walltime
Job Wall-clock time: 02:11:38
Memory Utilized: 7.85 GB
Memory Efficiency: 25.13% of 31.25 GB (31.25 GB/node)
