============================================================================================== 
Warning! Mixing Conda and module environments may lead to corruption of the
user environment. 
We do not recommend users mixing those two environments unless absolutely
necessary. Note that 
SURF does not provide any support for Conda environment.
For more information, please refer to our software policy page:
https://servicedesk.surf.nl/wiki/display/WIKI/Software+policy+Snellius#SoftwarepolicySnellius-UseofAnacondaandMinicondaenvironmentsonSnellius 

Remember that many packages have already been installed on the system and can
be loaded using 
the 'module load <package__name>' command. If you are uncertain if a package is
already available 
on the system, please use 'module avail' or 'module spider' to search for it.
============================================================================================== 
A.L.E: Arcade Learning Environment (version 0.9.0+750d7f9)
[Powered by Stella]
wandb: Using wandb-core as the SDK backend.  Please refer to https://wandb.me/wandb-core for more information.
wandb: Currently logged in as: 2t2c (dreamerz) to https://api.wandb.ai. Use `wandb login --relogin` to force relogin
wandb: Tracking run with wandb version 0.19.9
wandb: Run data is saved locally in /gpfs/home4/scur2667/re-dreamerv3/wandb/run-20250512_065016-ldx0bq4p
wandb: Run `wandb offline` to turn off syncing.
wandb: Syncing run dyn_L4_H8/rssmv2/atari100k_private_eye/dyn/3/20250512T064848
wandb: ⭐️ View project at https://wandb.ai/dreamerz/rssmv2
wandb: 🚀 View run at https://wandb.ai/dreamerz/rssmv2/runs/ldx0bq4p
---  ___                           __   ______ ---
--- |   \ _ _ ___ __ _ _ __  ___ _ \ \ / /__ / ---
--- | |) | '_/ -_) _` | '  \/ -_) '/\ V / |_ \ ---
--- |___/|_| \___\__,_|_|_|_\___|_|  \_/ |___/ ---
Replica: 0 / 1
Logdir: /home/scur2667/logdir/rssmv2/atari100k_private_eye/dyn/3/20250512T064848
Run script: train
Observations
  image            Space(uint8, shape=(64, 64, 3), low=0, high=255)
  reward           Space(float32, shape=(), low=-inf, high=inf)
  is_first         Space(bool, shape=(), low=False, high=True)
  is_last          Space(bool, shape=(), low=False, high=True)
  is_terminal      Space(bool, shape=(), low=False, high=True)
Actions
  action           Space(int32, shape=(), low=0, high=18)
Extras
  consec           Space(int32, shape=(), low=-2147483648, high=2147483647)
  stepid           Space(uint8, shape=(20,), low=0, high=255)
  dyn/deter        Space(float32, shape=(8192,), low=-inf, high=inf)
  dyn/stoch        Space(float32, shape=(32, 64), low=-inf, high=inf)
JAX devices (1): [cuda:0]
Policy devices: cuda:0
Train devices:  cuda:0
Initializing parameters...
Optimizer opt has 165,854,740 params:
    95,383,808 dyn
    20,282,115 dec
    12,850,431 val
    12,607,506 pol
    10,749,183 rew
    10,488,833 con
     3,492,864 enc
Done initializing!
Compiling 1 checkpoint groups...
Largest checkpoint group: 2 GB
Compiling train and report...
Train cost analysis:
  FLOPS:            4.6e+11
  Memory (temp):    6.5e+09
  Memory (inputs):  2.1e+09
  Memory (outputs): 2.1e+09
  Memory (code):    4.8e+06

Report cost analysis:
  FLOPS:            1.0e+10
  Memory (temp):    6.7e+08
  Memory (inputs):  5.1e+08
  Memory (outputs): 1.0e+07
  Memory (code):    8.3e+06

Done compiling!
Did not find any checkpoint.
Saving checkpoint: /home/scur2667/logdir/rssmv2/atari100k_private_eye/dyn/3/20250512T064848/ckpt/20250512T065017F406307
Saved checkpoint.
Start training loop

--------------------[Agent Step 8_160]--------------------
Metrics filtered by: 'score|length|fps|ratio|train/loss/|train/rand/'
train/loss/con 0.09 / train/loss/dyn 3.13 / train/loss/image 261.05 / train/loss/policy -7.2e-4 / train/loss/rep 3.13 / train/loss/repval 8.94 / train/loss/rew 4.49 / train/loss/value 7.16 / train/rand/action 1 / replay/replay_ratio 126.32 / fps/policy 16.15 / fps/train 1937.23

Writing metrics: /home/scur2667/logdir/rssmv2/atari100k_private_eye/dyn/3/20250512T064848/metrics.jsonl
Writing metrics: /home/scur2667/logdir/rssmv2/atari100k_private_eye/dyn/3/20250512T064848/scores.jsonl

--------------------[Agent Step 12_200]--------------------
Metrics filtered by: 'score|length|fps|ratio|train/loss/|train/rand/'
episode/score 100 / episode/length 2699 / train/loss/con 0.02 / train/loss/dyn 1 / train/loss/image 62 / train/loss/policy 0.13 / train/loss/rep 1 / train/loss/repval 2.95 / train/loss/rew 0.56 / train/loss/value 2.44 / train/rand/action 0.99 / replay/replay_ratio 259.49 / fps/policy 8.33 / fps/train 2129.09

Writing metrics: /home/scur2667/logdir/rssmv2/atari100k_private_eye/dyn/3/20250512T064848/metrics.jsonlWriting metrics: /home/scur2667/logdir/rssmv2/atari100k_private_eye/dyn/3/20250512T064848/scores.jsonl


--------------------[Agent Step 15_520]--------------------
Metrics filtered by: 'score|length|fps|ratio|train/loss/|train/rand/'
train/loss/con 0.02 / train/loss/dyn 1.02 / train/loss/image 65.26 / train/loss/policy -0.93 / train/loss/rep 1.02 / train/loss/repval 4.76 / train/loss/rew 0.08 / train/loss/value 3.92 / train/rand/action 0.98 / replay/replay_ratio 260.63 / fps/policy 6.88 / fps/train 1764.51

Writing metrics: /home/scur2667/logdir/rssmv2/atari100k_private_eye/dyn/3/20250512T064848/metrics.jsonl
Writing metrics: /home/scur2667/logdir/rssmv2/atari100k_private_eye/dyn/3/20250512T064848/scores.jsonl

--------------------[Agent Step 19_480]--------------------
Metrics filtered by: 'score|length|fps|ratio|train/loss/|train/rand/'
train/loss/con 0.02 / train/loss/dyn 1.03 / train/loss/image 55.48 / train/loss/policy -0.66 / train/loss/rep 1.03 / train/loss/repval 3.43 / train/loss/rew 0.06 / train/loss/value 2.85 / train/rand/action 0.96 / replay/replay_ratio 259.47 / fps/policy 8.23 / fps/train 2101.98

Writing metrics: /home/scur2667/logdir/rssmv2/atari100k_private_eye/dyn/3/20250512T064848/metrics.jsonlWriting metrics: /home/scur2667/logdir/rssmv2/atari100k_private_eye/dyn/3/20250512T064848/scores.jsonl


--------------------[Agent Step 23_520]--------------------
Metrics filtered by: 'score|length|fps|ratio|train/loss/|train/rand/'
episode/score -1000 / episode/length 2692 / train/loss/con 0.02 / train/loss/dyn 1.06 / train/loss/image 55.73 / train/loss/policy -0.08 / train/loss/rep 1.06 / train/loss/repval 2.49 / train/loss/rew 0.05 / train/loss/value 1.93 / train/rand/action 0.7 / replay/replay_ratio 260.51 / fps/policy 8.35 / fps/train 2141.81

Writing metrics: /home/scur2667/logdir/rssmv2/atari100k_private_eye/dyn/3/20250512T064848/scores.jsonlWriting metrics: /home/scur2667/logdir/rssmv2/atari100k_private_eye/dyn/3/20250512T064848/metrics.jsonl


--------------------[Agent Step 26_920]--------------------
Metrics filtered by: 'score|length|fps|ratio|train/loss/|train/rand/'
train/loss/con 0.02 / train/loss/dyn 1.07 / train/loss/image 56.36 / train/loss/policy 7.8e-3 / train/loss/rep 1.07 / train/loss/repval 2.6 / train/loss/rew 0.04 / train/loss/value 1.84 / train/rand/action 0.65 / replay/replay_ratio 259.39 / fps/policy 7.03 / fps/train 1795.92

Writing metrics: /home/scur2667/logdir/rssmv2/atari100k_private_eye/dyn/3/20250512T064848/metrics.jsonlWriting metrics: /home/scur2667/logdir/rssmv2/atari100k_private_eye/dyn/3/20250512T064848/scores.jsonl


--------------------[Agent Step 30_960]--------------------
Metrics filtered by: 'score|length|fps|ratio|train/loss/|train/rand/'
train/loss/con 0.02 / train/loss/dyn 1.33 / train/loss/image 56.02 / train/loss/policy -0.02 / train/loss/rep 1.33 / train/loss/repval 2.57 / train/loss/rew 0.03 / train/loss/value 1.86 / train/rand/action 0.73 / replay/replay_ratio 260.51 / fps/policy 8.36 / fps/train 2143.68

Writing metrics: /home/scur2667/logdir/rssmv2/atari100k_private_eye/dyn/3/20250512T064848/metrics.jsonlWriting metrics: /home/scur2667/logdir/rssmv2/atari100k_private_eye/dyn/3/20250512T064848/scores.jsonl

Saving checkpoint: /home/scur2667/logdir/rssmv2/atari100k_private_eye/dyn/3/20250512T064848/ckpt/20250512T070523F510988
Saved checkpoint.

--------------------[Agent Step 34_880]--------------------
Metrics filtered by: 'score|length|fps|ratio|train/loss/|train/rand/'
episode/score 100 / episode/length 2692 / train/loss/con 0.02 / train/loss/dyn 1.88 / train/loss/image 53.94 / train/loss/policy 9.3e-3 / train/loss/rep 1.88 / train/loss/repval 2.49 / train/loss/rew 0.03 / train/loss/value 1.67 / train/rand/action 0.79 / replay/replay_ratio 260 / fps/policy 8.15 / fps/train 2085.95

Writing metrics: /home/scur2667/logdir/rssmv2/atari100k_private_eye/dyn/3/20250512T064848/scores.jsonlWriting metrics: /home/scur2667/logdir/rssmv2/atari100k_private_eye/dyn/3/20250512T064848/metrics.jsonl


--------------------[Agent Step 38_240]--------------------
Metrics filtered by: 'score|length|fps|ratio|train/loss/|train/rand/'
train/loss/con 0.02 / train/loss/dyn 2.65 / train/loss/image 47.99 / train/loss/policy 0.01 / train/loss/rep 2.65 / train/loss/repval 2.61 / train/loss/rew 0.02 / train/loss/value 1.85 / train/rand/action 0.86 / replay/replay_ratio 260 / fps/policy 7 / fps/train 1790.88

Writing metrics: /home/scur2667/logdir/rssmv2/atari100k_private_eye/dyn/3/20250512T064848/metrics.jsonlWriting metrics: /home/scur2667/logdir/rssmv2/atari100k_private_eye/dyn/3/20250512T064848/scores.jsonl


--------------------[Agent Step 42_280]--------------------
Metrics filtered by: 'score|length|fps|ratio|train/loss/|train/rand/'
train/loss/con 0.02 / train/loss/dyn 3.32 / train/loss/image 35.83 / train/loss/policy 0.01 / train/loss/rep 3.32 / train/loss/repval 3.5 / train/loss/rew 0.02 / train/loss/value 2.67 / train/rand/action 0.72 / replay/replay_ratio 259.49 / fps/policy 8.33 / fps/train 2128.46

Writing metrics: /home/scur2667/logdir/rssmv2/atari100k_private_eye/dyn/3/20250512T064848/scores.jsonl
Writing metrics: /home/scur2667/logdir/rssmv2/atari100k_private_eye/dyn/3/20250512T064848/metrics.jsonl

--------------------[Agent Step 46_240]--------------------
Metrics filtered by: 'score|length|fps|ratio|train/loss/|train/rand/'
episode/score 100 / episode/length 2696 / train/loss/con 0.02 / train/loss/dyn 2.79 / train/loss/image 22.68 / train/loss/policy 0.01 / train/loss/rep 2.79 / train/loss/repval 3.54 / train/loss/rew 0.02 / train/loss/value 2.87 / train/rand/action 0.81 / replay/replay_ratio 260.53 / fps/policy 8.22 / fps/train 2109.09

Writing metrics: /home/scur2667/logdir/rssmv2/atari100k_private_eye/dyn/3/20250512T064848/scores.jsonlWriting metrics: /home/scur2667/logdir/rssmv2/atari100k_private_eye/dyn/3/20250512T064848/metrics.jsonl


--------------------[Agent Step 49_640]--------------------
Metrics filtered by: 'score|length|fps|ratio|train/loss/|train/rand/'
train/loss/con 0.02 / train/loss/dyn 2.35 / train/loss/image 20.55 / train/loss/policy 0.02 / train/loss/rep 2.35 / train/loss/repval 3.09 / train/loss/rew 0.02 / train/loss/value 2.53 / train/rand/action 0.89 / replay/replay_ratio 259.39 / fps/policy 7.07 / fps/train 1806.64

Writing metrics: /home/scur2667/logdir/rssmv2/atari100k_private_eye/dyn/3/20250512T064848/metrics.jsonlWriting metrics: /home/scur2667/logdir/rssmv2/atari100k_private_eye/dyn/3/20250512T064848/scores.jsonl


--------------------[Agent Step 53_680]--------------------
Metrics filtered by: 'score|length|fps|ratio|train/loss/|train/rand/'
train/loss/con 0.02 / train/loss/dyn 2.12 / train/loss/image 17.78 / train/loss/policy 0.01 / train/loss/rep 2.12 / train/loss/repval 2.39 / train/loss/rew 0.02 / train/loss/value 1.9 / train/rand/action 0.83 / replay/replay_ratio 260.51 / fps/policy 8.35 / fps/train 2141.71

Writing metrics: /home/scur2667/logdir/rssmv2/atari100k_private_eye/dyn/3/20250512T064848/metrics.jsonlWriting metrics: /home/scur2667/logdir/rssmv2/atari100k_private_eye/dyn/3/20250512T064848/scores.jsonl


--------------------[Agent Step 57_680]--------------------
Metrics filtered by: 'score|length|fps|ratio|train/loss/|train/rand/'
episode/score 100 / episode/length 2694 / train/loss/con 0.02 / train/loss/dyn 1.94 / train/loss/image 16.97 / train/loss/policy 8.5e-3 / train/loss/rep 1.94 / train/loss/repval 2.41 / train/loss/rew 0.02 / train/loss/value 1.93 / train/rand/action 0.89 / replay/replay_ratio 260 / fps/policy 8.28 / fps/train 2118.95

Writing metrics: /home/scur2667/logdir/rssmv2/atari100k_private_eye/dyn/3/20250512T064848/metrics.jsonl
Writing metrics: /home/scur2667/logdir/rssmv2/atari100k_private_eye/dyn/3/20250512T064848/scores.jsonl
Saving checkpoint: /home/scur2667/logdir/rssmv2/atari100k_private_eye/dyn/3/20250512T064848/ckpt/20250512T072023F751184
Saved checkpoint.

--------------------[Agent Step 61_040]--------------------
Metrics filtered by: 'score|length|fps|ratio|train/loss/|train/rand/'
train/loss/con 0.02 / train/loss/dyn 1.75 / train/loss/image 15.94 / train/loss/policy 5e-3 / train/loss/rep 1.75 / train/loss/repval 3.09 / train/loss/rew 0.01 / train/loss/value 2.48 / train/rand/action 0.59 / replay/replay_ratio 260 / fps/policy 6.94 / fps/train 1777.91

Writing metrics: /home/scur2667/logdir/rssmv2/atari100k_private_eye/dyn/3/20250512T064848/metrics.jsonlWriting metrics: /home/scur2667/logdir/rssmv2/atari100k_private_eye/dyn/3/20250512T064848/scores.jsonl


--------------------[Agent Step 65_040]--------------------
Metrics filtered by: 'score|length|fps|ratio|train/loss/|train/rand/'
episode/score 100 / episode/length 2693 / train/loss/con 0.02 / train/loss/dyn 1.84 / train/loss/image 15.43 / train/loss/policy 0.03 / train/loss/rep 1.84 / train/loss/repval 3.38 / train/loss/rew 0.01 / train/loss/value 2.54 / train/rand/action 0.76 / replay/replay_ratio 260 / fps/policy 8.27 / fps/train 2118

Writing metrics: /home/scur2667/logdir/rssmv2/atari100k_private_eye/dyn/3/20250512T064848/metrics.jsonl
Writing metrics: /home/scur2667/logdir/rssmv2/atari100k_private_eye/dyn/3/20250512T064848/scores.jsonl

--------------------[Agent Step 68_440]--------------------
Metrics filtered by: 'score|length|fps|ratio|train/loss/|train/rand/'
train/loss/con 0.02 / train/loss/dyn 1.6 / train/loss/image 14.49 / train/loss/policy 6.3e-3 / train/loss/rep 1.6 / train/loss/repval 2.47 / train/loss/rew 0.01 / train/loss/value 1.98 / train/rand/action 0.83 / replay/replay_ratio 259.39 / fps/policy 7.07 / fps/train 1806.04

Writing metrics: /home/scur2667/logdir/rssmv2/atari100k_private_eye/dyn/3/20250512T064848/metrics.jsonlWriting metrics: /home/scur2667/logdir/rssmv2/atari100k_private_eye/dyn/3/20250512T064848/scores.jsonl


--------------------[Agent Step 72_480]--------------------
Metrics filtered by: 'score|length|fps|ratio|train/loss/|train/rand/'
train/loss/con 0.02 / train/loss/dyn 1.55 / train/loss/image 14.4 / train/loss/policy 0.01 / train/loss/rep 1.55 / train/loss/repval 2.63 / train/loss/rew 0.01 / train/loss/value 2.18 / train/rand/action 0.81 / replay/replay_ratio 260.51 / fps/policy 8.35 / fps/train 2142.43

Writing metrics: /home/scur2667/logdir/rssmv2/atari100k_private_eye/dyn/3/20250512T064848/metrics.jsonl
Writing metrics: /home/scur2667/logdir/rssmv2/atari100k_private_eye/dyn/3/20250512T064848/scores.jsonl

--------------------[Agent Step 76_480]--------------------
Metrics filtered by: 'score|length|fps|ratio|train/loss/|train/rand/'
episode/score 100 / episode/length 2698 / train/loss/con 0.02 / train/loss/dyn 1.59 / train/loss/image 14.15 / train/loss/policy 0.01 / train/loss/rep 1.59 / train/loss/repval 2.49 / train/loss/rew 0.01 / train/loss/value 2.09 / train/rand/action 0.84 / replay/replay_ratio 260 / fps/policy 8.29 / fps/train 2122.35

Writing metrics: /home/scur2667/logdir/rssmv2/atari100k_private_eye/dyn/3/20250512T064848/scores.jsonlWriting metrics: /home/scur2667/logdir/rssmv2/atari100k_private_eye/dyn/3/20250512T064848/metrics.jsonl


--------------------[Agent Step 79_880]--------------------
Metrics filtered by: 'score|length|fps|ratio|train/loss/|train/rand/'
train/loss/con 0.02 / train/loss/dyn 1.52 / train/loss/image 14.16 / train/loss/policy 0.02 / train/loss/rep 1.52 / train/loss/repval 2.08 / train/loss/rew 0.01 / train/loss/value 1.77 / train/rand/action 0.87 / replay/replay_ratio 259.39 / fps/policy 7.05 / fps/train 1801.21

Writing metrics: /home/scur2667/logdir/rssmv2/atari100k_private_eye/dyn/3/20250512T064848/metrics.jsonlWriting metrics: /home/scur2667/logdir/rssmv2/atari100k_private_eye/dyn/3/20250512T064848/scores.jsonl


--------------------[Agent Step 83_880]--------------------
Metrics filtered by: 'score|length|fps|ratio|train/loss/|train/rand/'
train/loss/con 0.02 / train/loss/dyn 1.7 / train/loss/image 13.95 / train/loss/policy 0.01 / train/loss/rep 1.7 / train/loss/repval 2.66 / train/loss/rew 0.01 / train/loss/value 2.16 / train/rand/action 0.74 / replay/replay_ratio 260 / fps/policy 8.27 / fps/train 2117.87

Writing metrics: /home/scur2667/logdir/rssmv2/atari100k_private_eye/dyn/3/20250512T064848/metrics.jsonlWriting metrics: /home/scur2667/logdir/rssmv2/atari100k_private_eye/dyn/3/20250512T064848/scores.jsonl


--------------------[Agent Step 87_920]--------------------
Metrics filtered by: 'score|length|fps|ratio|train/loss/|train/rand/'
episode/score 100 / episode/length 2697 / train/loss/con 0.02 / train/loss/dyn 2.05 / train/loss/image 15.69 / train/loss/policy 3.3e-3 / train/loss/rep 2.05 / train/loss/repval 2.12 / train/loss/rew 0.01 / train/loss/value 1.76 / train/rand/action 0.79 / replay/replay_ratio 260.51 / fps/policy 8.35 / fps/train 2142.18

Writing metrics: /home/scur2667/logdir/rssmv2/atari100k_private_eye/dyn/3/20250512T064848/metrics.jsonl
Writing metrics: /home/scur2667/logdir/rssmv2/atari100k_private_eye/dyn/3/20250512T064848/scores.jsonl
Saving checkpoint: /home/scur2667/logdir/rssmv2/atari100k_private_eye/dyn/3/20250512T064848/ckpt/20250512T073524F364491
Saved checkpoint.

--------------------[Agent Step 91_240]--------------------
Metrics filtered by: 'score|length|fps|ratio|train/loss/|train/rand/'
train/loss/con 0.02 / train/loss/dyn 1.69 / train/loss/image 14.36 / train/loss/policy 6.9e-3 / train/loss/rep 1.69 / train/loss/repval 2.01 / train/loss/rew 9.3e-3 / train/loss/value 1.66 / train/rand/action 0.86 / replay/replay_ratio 259.37 / fps/policy 6.89 / fps/train 1760.14

Writing metrics: /home/scur2667/logdir/rssmv2/atari100k_private_eye/dyn/3/20250512T064848/scores.jsonl
Writing metrics: /home/scur2667/logdir/rssmv2/atari100k_private_eye/dyn/3/20250512T064848/metrics.jsonl

--------------------[Agent Step 95_240]--------------------
Metrics filtered by: 'score|length|fps|ratio|train/loss/|train/rand/'
train/loss/con 0.02 / train/loss/dyn 1.51 / train/loss/image 13.69 / train/loss/policy 7.6e-3 / train/loss/rep 1.51 / train/loss/repval 1.91 / train/loss/rew 9.6e-3 / train/loss/value 1.58 / train/rand/action 0.92 / replay/replay_ratio 260 / fps/policy 8.27 / fps/train 2117.63

Writing metrics: /home/scur2667/logdir/rssmv2/atari100k_private_eye/dyn/3/20250512T064848/metrics.jsonlWriting metrics: /home/scur2667/logdir/rssmv2/atari100k_private_eye/dyn/3/20250512T064848/scores.jsonl


--------------------[Agent Step 99_240]--------------------
Metrics filtered by: 'score|length|fps|ratio|train/loss/|train/rand/'
episode/score 100 / episode/length 2692 / train/loss/con 0.02 / train/loss/dyn 1.46 / train/loss/image 13.58 / train/loss/policy 9.8e-3 / train/loss/rep 1.46 / train/loss/repval 2.06 / train/loss/rew 8.4e-3 / train/loss/value 1.69 / train/rand/action 0.9 / replay/replay_ratio 260 / fps/policy 8.33 / fps/train 2132.12

Writing metrics: /home/scur2667/logdir/rssmv2/atari100k_private_eye/dyn/3/20250512T064848/scores.jsonlWriting metrics: /home/scur2667/logdir/rssmv2/atari100k_private_eye/dyn/3/20250512T064848/metrics.jsonl


--------------------[Agent Step 102_600]--------------------
Metrics filtered by: 'score|length|fps|ratio|train/loss/|train/rand/'
train/loss/con 0.02 / train/loss/dyn 1.44 / train/loss/image 13.28 / train/loss/policy 6.5e-3 / train/loss/rep 1.44 / train/loss/repval 1.73 / train/loss/rew 9.8e-3 / train/loss/value 1.41 / train/rand/action 0.85 / replay/replay_ratio 260 / fps/policy 6.96 / fps/train 1782.7

Writing metrics: /home/scur2667/logdir/rssmv2/atari100k_private_eye/dyn/3/20250512T064848/metrics.jsonlWriting metrics: /home/scur2667/logdir/rssmv2/atari100k_private_eye/dyn/3/20250512T064848/scores.jsonl


--------------------[Agent Step 106_600]--------------------
Metrics filtered by: 'score|length|fps|ratio|train/loss/|train/rand/'
train/loss/con 0.02 / train/loss/dyn 1.49 / train/loss/image 13.56 / train/loss/policy 3.9e-3 / train/loss/rep 1.49 / train/loss/repval 3.25 / train/loss/rew 8.3e-3 / train/loss/value 2.65 / train/rand/action 0.59 / replay/replay_ratio 260 / fps/policy 8.33 / fps/train 2133.32

Writing metrics: /home/scur2667/logdir/rssmv2/atari100k_private_eye/dyn/3/20250512T064848/metrics.jsonlWriting metrics: /home/scur2667/logdir/rssmv2/atari100k_private_eye/dyn/3/20250512T064848/scores.jsonl


--------------------[Agent Step 110_600]--------------------
Metrics filtered by: 'score|length|fps|ratio|train/loss/|train/rand/'
episode/score 100 / episode/length 2696 / train/loss/con 0.02 / train/loss/dyn 1.58 / train/loss/image 14.18 / train/loss/policy 8.3e-3 / train/loss/rep 1.58 / train/loss/repval 3.02 / train/loss/rew 0.01 / train/loss/value 2.32 / train/rand/action 0.76 / replay/replay_ratio 260 / fps/policy 8.32 / fps/train 2131.09

Writing metrics: /home/scur2667/logdir/rssmv2/atari100k_private_eye/dyn/3/20250512T064848/scores.jsonlWriting metrics: /home/scur2667/logdir/rssmv2/atari100k_private_eye/dyn/3/20250512T064848/metrics.jsonl


--------------------[Agent Step 113_960]--------------------
Metrics filtered by: 'score|length|fps|ratio|train/loss/|train/rand/'
train/loss/con 0.02 / train/loss/dyn 1.52 / train/loss/image 14.22 / train/loss/policy 3.6e-3 / train/loss/rep 1.52 / train/loss/repval 2.36 / train/loss/rew 0.02 / train/loss/value 1.88 / train/rand/action 0.85 / replay/replay_ratio 260 / fps/policy 6.99 / fps/train 1789.15

Writing metrics: /home/scur2667/logdir/rssmv2/atari100k_private_eye/dyn/3/20250512T064848/metrics.jsonlWriting metrics: /home/scur2667/logdir/rssmv2/atari100k_private_eye/dyn/3/20250512T064848/scores.jsonl

Saving checkpoint: /home/scur2667/logdir/rssmv2/atari100k_private_eye/dyn/3/20250512T064848/ckpt/20250512T075024F690289
Saved checkpoint.

--------------------[Agent Step 117_920]--------------------
Metrics filtered by: 'score|length|fps|ratio|train/loss/|train/rand/'
train/loss/con 0.02 / train/loss/dyn 1.48 / train/loss/image 13.97 / train/loss/policy 1.8e-3 / train/loss/rep 1.48 / train/loss/repval 2.31 / train/loss/rew 0.02 / train/loss/value 1.83 / train/rand/action 0.81 / replay/replay_ratio 260.53 / fps/policy 8.19 / fps/train 2101.55

Writing metrics: /home/scur2667/logdir/rssmv2/atari100k_private_eye/dyn/3/20250512T064848/metrics.jsonlWriting metrics: /home/scur2667/logdir/rssmv2/atari100k_private_eye/dyn/3/20250512T064848/scores.jsonl


--------------------[Agent Step 121_920]--------------------
Metrics filtered by: 'score|length|fps|ratio|train/loss/|train/rand/'
episode/score -1000 / episode/length 2695 / train/loss/con 0.02 / train/loss/dyn 1.43 / train/loss/image 13.72 / train/loss/policy 3.8e-3 / train/loss/rep 1.43 / train/loss/repval 2.01 / train/loss/rew 0.01 / train/loss/value 1.62 / train/rand/action 0.86 / replay/replay_ratio 260 / fps/policy 8.28 / fps/train 2119.31

Writing metrics: /home/scur2667/logdir/rssmv2/atari100k_private_eye/dyn/3/20250512T064848/scores.jsonlWriting metrics: /home/scur2667/logdir/rssmv2/atari100k_private_eye/dyn/3/20250512T064848/metrics.jsonl


--------------------[Agent Step 125_320]--------------------
Metrics filtered by: 'score|length|fps|ratio|train/loss/|train/rand/'
train/loss/con 0.02 / train/loss/dyn 1.63 / train/loss/image 14.78 / train/loss/policy 7.4e-3 / train/loss/rep 1.63 / train/loss/repval 2.94 / train/loss/rew 0.03 / train/loss/value 2.43 / train/rand/action 0.84 / replay/replay_ratio 259.39 / fps/policy 7.08 / fps/train 1807.67

Writing metrics: /home/scur2667/logdir/rssmv2/atari100k_private_eye/dyn/3/20250512T064848/metrics.jsonl
Writing metrics: /home/scur2667/logdir/rssmv2/atari100k_private_eye/dyn/3/20250512T064848/scores.jsonl

--------------------[Agent Step 129_320]--------------------
Metrics filtered by: 'score|length|fps|ratio|train/loss/|train/rand/'
train/loss/con 0.02 / train/loss/dyn 1.62 / train/loss/image 14.69 / train/loss/policy 3.3e-3 / train/loss/rep 1.62 / train/loss/repval 2.36 / train/loss/rew 0.02 / train/loss/value 1.93 / train/rand/action 0.84 / replay/replay_ratio 260 / fps/policy 8.33 / fps/train 2131.83

Writing metrics: /home/scur2667/logdir/rssmv2/atari100k_private_eye/dyn/3/20250512T064848/scores.jsonlWriting metrics: /home/scur2667/logdir/rssmv2/atari100k_private_eye/dyn/3/20250512T064848/metrics.jsonl


--------------------[Agent Step 133_320]--------------------
Metrics filtered by: 'score|length|fps|ratio|train/loss/|train/rand/'
episode/score -91 / episode/length 2692 / train/loss/con 0.02 / train/loss/dyn 1.53 / train/loss/image 14.33 / train/loss/policy 0.01 / train/loss/rep 1.53 / train/loss/repval 2.82 / train/loss/rew 0.02 / train/loss/value 2.24 / train/rand/action 0.75 / replay/replay_ratio 260 / fps/policy 8.25 / fps/train 2112.73

Writing metrics: /home/scur2667/logdir/rssmv2/atari100k_private_eye/dyn/3/20250512T064848/metrics.jsonl
Writing metrics: /home/scur2667/logdir/rssmv2/atari100k_private_eye/dyn/3/20250512T064848/scores.jsonl

--------------------[Agent Step 136_720]--------------------
Metrics filtered by: 'score|length|fps|ratio|train/loss/|train/rand/'
train/loss/con 0.02 / train/loss/dyn 1.46 / train/loss/image 13.65 / train/loss/policy 3.2e-3 / train/loss/rep 1.46 / train/loss/repval 3.08 / train/loss/rew 0.02 / train/loss/value 2.2 / train/rand/action 0.66 / replay/replay_ratio 260.61 / fps/policy 7.08 / fps/train 1817.25

Writing metrics: /home/scur2667/logdir/rssmv2/atari100k_private_eye/dyn/3/20250512T064848/metrics.jsonl
Writing metrics: /home/scur2667/logdir/rssmv2/atari100k_private_eye/dyn/3/20250512T064848/scores.jsonl

--------------------[Agent Step 140_720]--------------------
Metrics filtered by: 'score|length|fps|ratio|train/loss/|train/rand/'
episode/score 100 / episode/length 2693 / train/loss/con 0.02 / train/loss/dyn 1.58 / train/loss/image 13.69 / train/loss/policy 5e-3 / train/loss/rep 1.58 / train/loss/repval 2.56 / train/loss/rew 0.02 / train/loss/value 1.92 / train/rand/action 0.83 / replay/replay_ratio 260 / fps/policy 8.29 / fps/train 2121.77

Writing metrics: /home/scur2667/logdir/rssmv2/atari100k_private_eye/dyn/3/20250512T064848/scores.jsonl
Writing metrics: /home/scur2667/logdir/rssmv2/atari100k_private_eye/dyn/3/20250512T064848/metrics.jsonl

--------------------[Agent Step 144_120]--------------------
Metrics filtered by: 'score|length|fps|ratio|train/loss/|train/rand/'
train/loss/con 0.02 / train/loss/dyn 1.52 / train/loss/image 13.55 / train/loss/policy 7.9e-3 / train/loss/rep 1.52 / train/loss/repval 3.12 / train/loss/rew 0.02 / train/loss/value 2.28 / train/rand/action 0.57 / replay/replay_ratio 259.39 / fps/policy 7.08 / fps/train 1809.23

Writing metrics: /home/scur2667/logdir/rssmv2/atari100k_private_eye/dyn/3/20250512T064848/metrics.jsonlWriting metrics: /home/scur2667/logdir/rssmv2/atari100k_private_eye/dyn/3/20250512T064848/scores.jsonl

Saving checkpoint: /home/scur2667/logdir/rssmv2/atari100k_private_eye/dyn/3/20250512T064848/ckpt/20250512T080524F990319
Saved checkpoint.

--------------------[Agent Step 148_080]--------------------
Metrics filtered by: 'score|length|fps|ratio|train/loss/|train/rand/'
train/loss/con 0.02 / train/loss/dyn 1.49 / train/loss/image 13.77 / train/loss/policy 2.5e-3 / train/loss/rep 1.49 / train/loss/repval 2.75 / train/loss/rew 0.02 / train/loss/value 2.03 / train/rand/action 0.76 / replay/replay_ratio 260.53 / fps/policy 8.19 / fps/train 2101.43

Writing metrics: /home/scur2667/logdir/rssmv2/atari100k_private_eye/dyn/3/20250512T064848/scores.jsonlWriting metrics: /home/scur2667/logdir/rssmv2/atari100k_private_eye/dyn/3/20250512T064848/metrics.jsonl


--------------------[Agent Step 152_080]--------------------
Metrics filtered by: 'score|length|fps|ratio|train/loss/|train/rand/'
episode/score 100 / episode/length 2698 / train/loss/con 0.02 / train/loss/dyn 1.69 / train/loss/image 14.24 / train/loss/policy 6.5e-3 / train/loss/rep 1.69 / train/loss/repval 2.37 / train/loss/rew 0.02 / train/loss/value 1.86 / train/rand/action 0.85 / replay/replay_ratio 260 / fps/policy 8.3 / fps/train 2124.73

Writing metrics: /home/scur2667/logdir/rssmv2/atari100k_private_eye/dyn/3/20250512T064848/scores.jsonlWriting metrics: /home/scur2667/logdir/rssmv2/atari100k_private_eye/dyn/3/20250512T064848/metrics.jsonl


--------------------[Agent Step 155_480]--------------------
Metrics filtered by: 'score|length|fps|ratio|train/loss/|train/rand/'
train/loss/con 0.02 / train/loss/dyn 1.61 / train/loss/image 13.6 / train/loss/policy 1.4e-3 / train/loss/rep 1.61 / train/loss/repval 3.75 / train/loss/rew 0.02 / train/loss/value 3.01 / train/rand/action 0.66 / replay/replay_ratio 259.39 / fps/policy 7.05 / fps/train 1800.87

Writing metrics: /home/scur2667/logdir/rssmv2/atari100k_private_eye/dyn/3/20250512T064848/scores.jsonlWriting metrics: /home/scur2667/logdir/rssmv2/atari100k_private_eye/dyn/3/20250512T064848/metrics.jsonl


--------------------[Agent Step 159_480]--------------------
Metrics filtered by: 'score|length|fps|ratio|train/loss/|train/rand/'
train/loss/con 0.02 / train/loss/dyn 1.48 / train/loss/image 13.34 / train/loss/policy 9.5e-3 / train/loss/rep 1.48 / train/loss/repval 3.55 / train/loss/rew 0.02 / train/loss/value 2.7 / train/rand/action 0.7 / replay/replay_ratio 260 / fps/policy 8.27 / fps/train 2118.3

Writing metrics: /home/scur2667/logdir/rssmv2/atari100k_private_eye/dyn/3/20250512T064848/scores.jsonlWriting metrics: /home/scur2667/logdir/rssmv2/atari100k_private_eye/dyn/3/20250512T064848/metrics.jsonl


--------------------[Agent Step 163_520]--------------------
Metrics filtered by: 'score|length|fps|ratio|train/loss/|train/rand/'
episode/score 100 / episode/length 2696 / train/loss/con 0.02 / train/loss/dyn 1.44 / train/loss/image 13.14 / train/loss/policy 5.2e-3 / train/loss/rep 1.44 / train/loss/repval 2.63 / train/loss/rew 0.02 / train/loss/value 2.04 / train/rand/action 0.8 / replay/replay_ratio 260.51 / fps/policy 8.35 / fps/train 2141.15

Writing metrics: /home/scur2667/logdir/rssmv2/atari100k_private_eye/dyn/3/20250512T064848/metrics.jsonl
Writing metrics: /home/scur2667/logdir/rssmv2/atari100k_private_eye/dyn/3/20250512T064848/scores.jsonl

--------------------[Agent Step 166_920]--------------------
Metrics filtered by: 'score|length|fps|ratio|train/loss/|train/rand/'
train/loss/con 0.02 / train/loss/dyn 1.46 / train/loss/image 13.19 / train/loss/policy 8.2e-3 / train/loss/rep 1.46 / train/loss/repval 2.06 / train/loss/rew 0.01 / train/loss/value 1.74 / train/rand/action 0.85 / replay/replay_ratio 259.39 / fps/policy 7.07 / fps/train 1806.65

Writing metrics: /home/scur2667/logdir/rssmv2/atari100k_private_eye/dyn/3/20250512T064848/metrics.jsonlWriting metrics: /home/scur2667/logdir/rssmv2/atari100k_private_eye/dyn/3/20250512T064848/scores.jsonl


--------------------[Agent Step 170_920]--------------------
Metrics filtered by: 'score|length|fps|ratio|train/loss/|train/rand/'
train/loss/con 0.02 / train/loss/dyn 1.48 / train/loss/image 13.11 / train/loss/policy 5.5e-3 / train/loss/rep 1.48 / train/loss/repval 1.91 / train/loss/rew 0.02 / train/loss/value 1.61 / train/rand/action 0.85 / replay/replay_ratio 260 / fps/policy 8.28 / fps/train 2119.47

Writing metrics: /home/scur2667/logdir/rssmv2/atari100k_private_eye/dyn/3/20250512T064848/metrics.jsonlWriting metrics: /home/scur2667/logdir/rssmv2/atari100k_private_eye/dyn/3/20250512T064848/scores.jsonl

Saving checkpoint: /home/scur2667/logdir/rssmv2/atari100k_private_eye/dyn/3/20250512T064848/ckpt/20250512T082025F611872
Saved checkpoint.

--------------------[Agent Step 174_880]--------------------
Metrics filtered by: 'score|length|fps|ratio|train/loss/|train/rand/'
episode/score 100 / episode/length 2691 / train/loss/con 0.02 / train/loss/dyn 1.41 / train/loss/image 13.05 / train/loss/policy 7.5e-3 / train/loss/rep 1.41 / train/loss/repval 2.17 / train/loss/rew 0.02 / train/loss/value 1.78 / train/rand/action 0.85 / replay/replay_ratio 260.53 / fps/policy 8.2 / fps/train 2104.66

Writing metrics: /home/scur2667/logdir/rssmv2/atari100k_private_eye/dyn/3/20250512T064848/metrics.jsonlWriting metrics: /home/scur2667/logdir/rssmv2/atari100k_private_eye/dyn/3/20250512T064848/scores.jsonl


--------------------[Agent Step 178_280]--------------------
Metrics filtered by: 'score|length|fps|ratio|train/loss/|train/rand/'
train/loss/con 0.02 / train/loss/dyn 1.81 / train/loss/image 13.54 / train/loss/policy 6.9e-3 / train/loss/rep 1.81 / train/loss/repval 2.54 / train/loss/rew 0.02 / train/loss/value 2.03 / train/rand/action 0.83 / replay/replay_ratio 259.39 / fps/policy 7.02 / fps/train 1793.76

Writing metrics: /home/scur2667/logdir/rssmv2/atari100k_private_eye/dyn/3/20250512T064848/metrics.jsonlWriting metrics: /home/scur2667/logdir/rssmv2/atari100k_private_eye/dyn/3/20250512T064848/scores.jsonl


--------------------[Agent Step 182_320]--------------------
Metrics filtered by: 'score|length|fps|ratio|train/loss/|train/rand/'
train/loss/con 0.02 / train/loss/dyn 1.47 / train/loss/image 13.13 / train/loss/policy 5.4e-3 / train/loss/rep 1.47 / train/loss/repval 2.76 / train/loss/rew 0.02 / train/loss/value 2.18 / train/rand/action 0.73 / replay/replay_ratio 260.51 / fps/policy 8.35 / fps/train 2143.06

Writing metrics: /home/scur2667/logdir/rssmv2/atari100k_private_eye/dyn/3/20250512T064848/metrics.jsonlWriting metrics: /home/scur2667/logdir/rssmv2/atari100k_private_eye/dyn/3/20250512T064848/scores.jsonl


--------------------[Agent Step 186_320]--------------------
Metrics filtered by: 'score|length|fps|ratio|train/loss/|train/rand/'
episode/score 100 / episode/length 2692 / train/loss/con 0.02 / train/loss/dyn 1.43 / train/loss/image 12.93 / train/loss/policy 7.9e-4 / train/loss/rep 1.43 / train/loss/repval 2.75 / train/loss/rew 0.02 / train/loss/value 2.22 / train/rand/action 0.84 / replay/replay_ratio 260 / fps/policy 8.33 / fps/train 2133.25

Writing metrics: /home/scur2667/logdir/rssmv2/atari100k_private_eye/dyn/3/20250512T064848/metrics.jsonlWriting metrics: /home/scur2667/logdir/rssmv2/atari100k_private_eye/dyn/3/20250512T064848/scores.jsonl


--------------------[Agent Step 189_720]--------------------
Metrics filtered by: 'score|length|fps|ratio|train/loss/|train/rand/'
train/loss/con 0.02 / train/loss/dyn 1.41 / train/loss/image 12.85 / train/loss/policy 3.6e-3 / train/loss/rep 1.41 / train/loss/repval 1.89 / train/loss/rew 0.01 / train/loss/value 1.57 / train/rand/action 0.89 / replay/replay_ratio 259.39 / fps/policy 7.04 / fps/train 1797.02

Writing metrics: /home/scur2667/logdir/rssmv2/atari100k_private_eye/dyn/3/20250512T064848/metrics.jsonlWriting metrics: /home/scur2667/logdir/rssmv2/atari100k_private_eye/dyn/3/20250512T064848/scores.jsonl


--------------------[Agent Step 193_760]--------------------
Metrics filtered by: 'score|length|fps|ratio|train/loss/|train/rand/'
train/loss/con 0.02 / train/loss/dyn 1.46 / train/loss/image 12.9 / train/loss/policy 0.01 / train/loss/rep 1.46 / train/loss/repval 2.49 / train/loss/rew 0.01 / train/loss/value 1.93 / train/rand/action 0.8 / replay/replay_ratio 260.51 / fps/policy 8.35 / fps/train 2142.06

Writing metrics: /home/scur2667/logdir/rssmv2/atari100k_private_eye/dyn/3/20250512T064848/scores.jsonlWriting metrics: /home/scur2667/logdir/rssmv2/atari100k_private_eye/dyn/3/20250512T064848/metrics.jsonl


--------------------[Agent Step 197_760]--------------------
Metrics filtered by: 'score|length|fps|ratio|train/loss/|train/rand/'
episode/score 100 / episode/length 2692 / train/loss/con 0.02 / train/loss/dyn 1.51 / train/loss/image 12.95 / train/loss/policy 6.7e-3 / train/loss/rep 1.51 / train/loss/repval 2.38 / train/loss/rew 0.01 / train/loss/value 1.9 / train/rand/action 0.8 / replay/replay_ratio 260 / fps/policy 8.3 / fps/train 2125.17

Writing metrics: /home/scur2667/logdir/rssmv2/atari100k_private_eye/dyn/3/20250512T064848/scores.jsonl
Writing metrics: /home/scur2667/logdir/rssmv2/atari100k_private_eye/dyn/3/20250512T064848/metrics.jsonl

--------------------[Agent Step 201_200]--------------------
Metrics filtered by: 'score|length|fps|ratio|train/loss/|train/rand/'
train/loss/con 0.02 / train/loss/dyn 1.6 / train/loss/image 13.47 / train/loss/policy 0.01 / train/loss/rep 1.6 / train/loss/repval 2.91 / train/loss/rew 0.02 / train/loss/value 2.31 / train/rand/action 0.74 / replay/replay_ratio 260 / fps/policy 7.12 / fps/train 1822.58

Writing metrics: /home/scur2667/logdir/rssmv2/atari100k_private_eye/dyn/3/20250512T064848/metrics.jsonlWriting metrics: /home/scur2667/logdir/rssmv2/atari100k_private_eye/dyn/3/20250512T064848/scores.jsonl

Saving checkpoint: /home/scur2667/logdir/rssmv2/atari100k_private_eye/dyn/3/20250512T064848/ckpt/20250512T083526F992832
Saved checkpoint.

--------------------[Agent Step 205_160]--------------------
Metrics filtered by: 'score|length|fps|ratio|train/loss/|train/rand/'
episode/score 100 / episode/length 2699 / train/loss/con 0.02 / train/loss/dyn 1.55 / train/loss/image 13.25 / train/loss/policy 1.2e-3 / train/loss/rep 1.55 / train/loss/repval 3.13 / train/loss/rew 0.01 / train/loss/value 2.31 / train/rand/action 0.79 / replay/replay_ratio 259.47 / fps/policy 8.16 / fps/train 2085.94

Writing metrics: /home/scur2667/logdir/rssmv2/atari100k_private_eye/dyn/3/20250512T064848/metrics.jsonl
Writing metrics: /home/scur2667/logdir/rssmv2/atari100k_private_eye/dyn/3/20250512T064848/scores.jsonl

--------------------[Agent Step 208_520]--------------------
Metrics filtered by: 'score|length|fps|ratio|train/loss/|train/rand/'
train/loss/con 0.02 / train/loss/dyn 1.6 / train/loss/image 13.06 / train/loss/policy 5.1e-3 / train/loss/rep 1.6 / train/loss/repval 3.58 / train/loss/rew 0.01 / train/loss/value 2.4 / train/rand/action 0.84 / replay/replay_ratio 260 / fps/policy 6.97 / fps/train 1785.12

Writing metrics: /home/scur2667/logdir/rssmv2/atari100k_private_eye/dyn/3/20250512T064848/metrics.jsonl
Writing metrics: /home/scur2667/logdir/rssmv2/atari100k_private_eye/dyn/3/20250512T064848/scores.jsonl

--------------------[Agent Step 212_560]--------------------
Metrics filtered by: 'score|length|fps|ratio|train/loss/|train/rand/'
train/loss/con 0.02 / train/loss/dyn 1.49 / train/loss/image 12.8 / train/loss/policy 5.8e-3 / train/loss/rep 1.49 / train/loss/repval 3.03 / train/loss/rew 0.01 / train/loss/value 2.33 / train/rand/action 0.81 / replay/replay_ratio 260.51 / fps/policy 8.35 / fps/train 2142.71

Writing metrics: /home/scur2667/logdir/rssmv2/atari100k_private_eye/dyn/3/20250512T064848/scores.jsonlWriting metrics: /home/scur2667/logdir/rssmv2/atari100k_private_eye/dyn/3/20250512T064848/metrics.jsonl


--------------------[Agent Step 216_560]--------------------
Metrics filtered by: 'score|length|fps|ratio|train/loss/|train/rand/'
episode/score 100 / episode/length 2692 / train/loss/con 0.02 / train/loss/dyn 1.49 / train/loss/image 12.69 / train/loss/policy 3.2e-3 / train/loss/rep 1.49 / train/loss/repval 2.58 / train/loss/rew 0.01 / train/loss/value 1.93 / train/rand/action 0.85 / replay/replay_ratio 260 / fps/policy 8.31 / fps/train 2126.17

Writing metrics: /home/scur2667/logdir/rssmv2/atari100k_private_eye/dyn/3/20250512T064848/scores.jsonl
Writing metrics: /home/scur2667/logdir/rssmv2/atari100k_private_eye/dyn/3/20250512T064848/metrics.jsonl

--------------------[Agent Step 219_960]--------------------
Metrics filtered by: 'score|length|fps|ratio|train/loss/|train/rand/'
train/loss/con 0.02 / train/loss/dyn 1.51 / train/loss/image 12.95 / train/loss/policy 8.8e-3 / train/loss/rep 1.51 / train/loss/repval 3.66 / train/loss/rew 0.01 / train/loss/value 2.85 / train/rand/action 0.82 / replay/replay_ratio 259.39 / fps/policy 7.04 / fps/train 1797.43

Writing metrics: /home/scur2667/logdir/rssmv2/atari100k_private_eye/dyn/3/20250512T064848/metrics.jsonlWriting metrics: /home/scur2667/logdir/rssmv2/atari100k_private_eye/dyn/3/20250512T064848/scores.jsonl


--------------------[Agent Step 224_000]--------------------
Metrics filtered by: 'score|length|fps|ratio|train/loss/|train/rand/'
train/loss/con 0.02 / train/loss/dyn 1.54 / train/loss/image 12.98 / train/loss/policy 0.04 / train/loss/rep 1.54 / train/loss/repval 4 / train/loss/rew 0.01 / train/loss/value 3.11 / train/rand/action 0.72 / replay/replay_ratio 260.51 / fps/policy 8.35 / fps/train 2141.53

Writing metrics: /home/scur2667/logdir/rssmv2/atari100k_private_eye/dyn/3/20250512T064848/metrics.jsonlWriting metrics: /home/scur2667/logdir/rssmv2/atari100k_private_eye/dyn/3/20250512T064848/scores.jsonl


--------------------[Agent Step 228_000]--------------------
Metrics filtered by: 'score|length|fps|ratio|train/loss/|train/rand/'
episode/score 100 / episode/length 2696 / train/loss/con 0.02 / train/loss/dyn 1.52 / train/loss/image 12.6 / train/loss/policy 0.01 / train/loss/rep 1.52 / train/loss/repval 3.53 / train/loss/rew 0.01 / train/loss/value 2.75 / train/rand/action 0.72 / replay/replay_ratio 260 / fps/policy 8.3 / fps/train 2125.32

Writing metrics: /home/scur2667/logdir/rssmv2/atari100k_private_eye/dyn/3/20250512T064848/metrics.jsonlWriting metrics: /home/scur2667/logdir/rssmv2/atari100k_private_eye/dyn/3/20250512T064848/scores.jsonl

Saving checkpoint: /home/scur2667/logdir/rssmv2/atari100k_private_eye/dyn/3/20250512T064848/ckpt/20250512T085027F164308
Saved checkpoint.

--------------------[Agent Step 231_360]--------------------
Metrics filtered by: 'score|length|fps|ratio|train/loss/|train/rand/'
train/loss/con 0.02 / train/loss/dyn 1.49 / train/loss/image 12.61 / train/loss/policy 0.02 / train/loss/rep 1.49 / train/loss/repval 3.37 / train/loss/rew 0.01 / train/loss/value 2.66 / train/rand/action 0.71 / replay/replay_ratio 260 / fps/policy 6.95 / fps/train 1778.19

Writing metrics: /home/scur2667/logdir/rssmv2/atari100k_private_eye/dyn/3/20250512T064848/scores.jsonlWriting metrics: /home/scur2667/logdir/rssmv2/atari100k_private_eye/dyn/3/20250512T064848/metrics.jsonl


--------------------[Agent Step 235_360]--------------------
Metrics filtered by: 'score|length|fps|ratio|train/loss/|train/rand/'
train/loss/con 0.02 / train/loss/dyn 1.87 / train/loss/image 12.33 / train/loss/policy 0.01 / train/loss/rep 1.87 / train/loss/repval 3.82 / train/loss/rew 0.01 / train/loss/value 3.06 / train/rand/action 0.62 / replay/replay_ratio 260 / fps/policy 8.3 / fps/train 2123.73

Writing metrics: /home/scur2667/logdir/rssmv2/atari100k_private_eye/dyn/3/20250512T064848/metrics.jsonl
Writing metrics: /home/scur2667/logdir/rssmv2/atari100k_private_eye/dyn/3/20250512T064848/scores.jsonl

--------------------[Agent Step 239_400]--------------------
Metrics filtered by: 'score|length|fps|ratio|train/loss/|train/rand/'
episode/score 100 / episode/length 2698 / train/loss/con 0.02 / train/loss/dyn 2.24 / train/loss/image 12.07 / train/loss/policy 4.8e-3 / train/loss/rep 2.24 / train/loss/repval 3.23 / train/loss/rew 0.01 / train/loss/value 2.56 / train/rand/action 0.76 / replay/replay_ratio 259.49 / fps/policy 8.33 / fps/train 2127.3

Writing metrics: /home/scur2667/logdir/rssmv2/atari100k_private_eye/dyn/3/20250512T064848/scores.jsonlWriting metrics: /home/scur2667/logdir/rssmv2/atari100k_private_eye/dyn/3/20250512T064848/metrics.jsonl


--------------------[Agent Step 242_800]--------------------
Metrics filtered by: 'score|length|fps|ratio|train/loss/|train/rand/'
train/loss/con 0.02 / train/loss/dyn 2.2 / train/loss/image 11.68 / train/loss/policy 0.03 / train/loss/rep 2.2 / train/loss/repval 3.7 / train/loss/rew 0.01 / train/loss/value 3.12 / train/rand/action 0.63 / replay/replay_ratio 260.61 / fps/policy 7.06 / fps/train 1812.54

Writing metrics: /home/scur2667/logdir/rssmv2/atari100k_private_eye/dyn/3/20250512T064848/metrics.jsonlWriting metrics: /home/scur2667/logdir/rssmv2/atari100k_private_eye/dyn/3/20250512T064848/scores.jsonl


--------------------[Agent Step 246_800]--------------------
Metrics filtered by: 'score|length|fps|ratio|train/loss/|train/rand/'
train/loss/con 0.02 / train/loss/dyn 2.34 / train/loss/image 11.65 / train/loss/policy 0.01 / train/loss/rep 2.34 / train/loss/repval 3.29 / train/loss/rew 0.01 / train/loss/value 2.69 / train/rand/action 0.42 / replay/replay_ratio 260 / fps/policy 8.29 / fps/train 2123.11

Writing metrics: /home/scur2667/logdir/rssmv2/atari100k_private_eye/dyn/3/20250512T064848/metrics.jsonlWriting metrics: /home/scur2667/logdir/rssmv2/atari100k_private_eye/dyn/3/20250512T064848/scores.jsonl


--------------------[Agent Step 250_800]--------------------
Metrics filtered by: 'score|length|fps|ratio|train/loss/|train/rand/'
episode/score -359 / episode/length 2695 / train/loss/con 0.02 / train/loss/dyn 2.52 / train/loss/image 10.88 / train/loss/policy 0.01 / train/loss/rep 2.52 / train/loss/repval 3.15 / train/loss/rew 0.01 / train/loss/value 2.37 / train/rand/action 0.63 / replay/replay_ratio 260 / fps/policy 8.33 / fps/train 2131.48

Writing metrics: /home/scur2667/logdir/rssmv2/atari100k_private_eye/dyn/3/20250512T064848/scores.jsonlWriting metrics: /home/scur2667/logdir/rssmv2/atari100k_private_eye/dyn/3/20250512T064848/metrics.jsonl


--------------------[Agent Step 254_200]--------------------
Metrics filtered by: 'score|length|fps|ratio|train/loss/|train/rand/'
train/loss/con 0.02 / train/loss/dyn 2.64 / train/loss/image 10.38 / train/loss/policy 0.02 / train/loss/rep 2.64 / train/loss/repval 2.97 / train/loss/rew 0.01 / train/loss/value 2.46 / train/rand/action 0.7 / replay/replay_ratio 259.39 / fps/policy 7.01 / fps/train 1790.14

Writing metrics: /home/scur2667/logdir/rssmv2/atari100k_private_eye/dyn/3/20250512T064848/metrics.jsonlWriting metrics: /home/scur2667/logdir/rssmv2/atari100k_private_eye/dyn/3/20250512T064848/scores.jsonl


--------------------[Agent Step 258_240]--------------------
Metrics filtered by: 'score|length|fps|ratio|train/loss/|train/rand/'
train/loss/con 0.02 / train/loss/dyn 2.63 / train/loss/image 10.01 / train/loss/policy 0.02 / train/loss/rep 2.63 / train/loss/repval 2.85 / train/loss/rew 0.01 / train/loss/value 2.41 / train/rand/action 0.74 / replay/replay_ratio 260.51 / fps/policy 8.35 / fps/train 2142.75

Writing metrics: /home/scur2667/logdir/rssmv2/atari100k_private_eye/dyn/3/20250512T064848/scores.jsonlWriting metrics: /home/scur2667/logdir/rssmv2/atari100k_private_eye/dyn/3/20250512T064848/metrics.jsonl

Saving checkpoint: /home/scur2667/logdir/rssmv2/atari100k_private_eye/dyn/3/20250512T064848/ckpt/20250512T090527F255058
Saved checkpoint.

--------------------[Agent Step 262_200]--------------------
Metrics filtered by: 'score|length|fps|ratio|train/loss/|train/rand/'
episode/score 100 / episode/length 2693 / train/loss/con 0.02 / train/loss/dyn 2.63 / train/loss/image 9.55 / train/loss/policy 0.02 / train/loss/rep 2.63 / train/loss/repval 3 / train/loss/rew 0.01 / train/loss/value 2.39 / train/rand/action 0.66 / replay/replay_ratio 259.47 / fps/policy 8.17 / fps/train 2086.11

Writing metrics: /home/scur2667/logdir/rssmv2/atari100k_private_eye/dyn/3/20250512T064848/metrics.jsonlWriting metrics: /home/scur2667/logdir/rssmv2/atari100k_private_eye/dyn/3/20250512T064848/scores.jsonl


--------------------[Agent Step 265_600]--------------------
Metrics filtered by: 'score|length|fps|ratio|train/loss/|train/rand/'
train/loss/con 0.02 / train/loss/dyn 2.68 / train/loss/image 9.3 / train/loss/policy 8.4e-3 / train/loss/rep 2.68 / train/loss/repval 3.01 / train/loss/rew 0.01 / train/loss/value 2.44 / train/rand/action 0.67 / replay/replay_ratio 260.61 / fps/policy 7.03 / fps/train 1804.71

Writing metrics: /home/scur2667/logdir/rssmv2/atari100k_private_eye/dyn/3/20250512T064848/metrics.jsonlWriting metrics: /home/scur2667/logdir/rssmv2/atari100k_private_eye/dyn/3/20250512T064848/scores.jsonl


--------------------[Agent Step 269_600]--------------------
Metrics filtered by: 'score|length|fps|ratio|train/loss/|train/rand/'
episode/score 100 / episode/length 2698 / train/loss/con 0.02 / train/loss/dyn 2.67 / train/loss/image 8.97 / train/loss/policy 0.01 / train/loss/rep 2.67 / train/loss/repval 3.59 / train/loss/rew 0.01 / train/loss/value 2.77 / train/rand/action 0.74 / replay/replay_ratio 260 / fps/policy 8.33 / fps/train 2132.93

Writing metrics: /home/scur2667/logdir/rssmv2/atari100k_private_eye/dyn/3/20250512T064848/scores.jsonlWriting metrics: /home/scur2667/logdir/rssmv2/atari100k_private_eye/dyn/3/20250512T064848/metrics.jsonl


--------------------[Agent Step 273_000]--------------------
Metrics filtered by: 'score|length|fps|ratio|train/loss/|train/rand/'
train/loss/con 0.02 / train/loss/dyn 2.72 / train/loss/image 8.65 / train/loss/policy 0.03 / train/loss/rep 2.72 / train/loss/repval 2.53 / train/loss/rew 9.6e-3 / train/loss/value 2.12 / train/rand/action 0.81 / replay/replay_ratio 259.39 / fps/policy 7.01 / fps/train 1789.53

Writing metrics: /home/scur2667/logdir/rssmv2/atari100k_private_eye/dyn/3/20250512T064848/metrics.jsonlWriting metrics: /home/scur2667/logdir/rssmv2/atari100k_private_eye/dyn/3/20250512T064848/scores.jsonl


--------------------[Agent Step 277_000]--------------------
Metrics filtered by: 'score|length|fps|ratio|train/loss/|train/rand/'
train/loss/con 0.02 / train/loss/dyn 2.74 / train/loss/image 8.38 / train/loss/policy 0.02 / train/loss/rep 2.74 / train/loss/repval 2.28 / train/loss/rew 0.01 / train/loss/value 1.91 / train/rand/action 0.8 / replay/replay_ratio 260 / fps/policy 8.33 / fps/train 2132.68

Writing metrics: /home/scur2667/logdir/rssmv2/atari100k_private_eye/dyn/3/20250512T064848/metrics.jsonlWriting metrics: /home/scur2667/logdir/rssmv2/atari100k_private_eye/dyn/3/20250512T064848/scores.jsonl


--------------------[Agent Step 281_040]--------------------
Metrics filtered by: 'score|length|fps|ratio|train/loss/|train/rand/'
episode/score 100 / episode/length 2693 / train/loss/con 0.02 / train/loss/dyn 2.69 / train/loss/image 8.13 / train/loss/policy 0.02 / train/loss/rep 2.69 / train/loss/repval 2.44 / train/loss/rew 0.01 / train/loss/value 2.03 / train/rand/action 0.74 / replay/replay_ratio 260.51 / fps/policy 8.35 / fps/train 2141.56

Writing metrics: /home/scur2667/logdir/rssmv2/atari100k_private_eye/dyn/3/20250512T064848/scores.jsonlWriting metrics: /home/scur2667/logdir/rssmv2/atari100k_private_eye/dyn/3/20250512T064848/metrics.jsonl


--------------------[Agent Step 284_400]--------------------
Metrics filtered by: 'score|length|fps|ratio|train/loss/|train/rand/'
train/loss/con 0.02 / train/loss/dyn 2.83 / train/loss/image 7.84 / train/loss/policy 0.03 / train/loss/rep 2.83 / train/loss/repval 2.84 / train/loss/rew 0.01 / train/loss/value 2.17 / train/rand/action 0.7 / replay/replay_ratio 260 / fps/policy 6.99 / fps/train 1789.26

Writing metrics: /home/scur2667/logdir/rssmv2/atari100k_private_eye/dyn/3/20250512T064848/metrics.jsonl
Writing metrics: /home/scur2667/logdir/rssmv2/atari100k_private_eye/dyn/3/20250512T064848/scores.jsonl
Saving checkpoint: /home/scur2667/logdir/rssmv2/atari100k_private_eye/dyn/3/20250512T064848/ckpt/20250512T092028F386776
Saved checkpoint.

--------------------[Agent Step 288_360]--------------------
Metrics filtered by: 'score|length|fps|ratio|train/loss/|train/rand/'
train/loss/con 0.02 / train/loss/dyn 2.75 / train/loss/image 7.51 / train/loss/policy 0.02 / train/loss/rep 2.75 / train/loss/repval 2.99 / train/loss/rew 9.1e-3 / train/loss/value 2.41 / train/rand/action 0.7 / replay/replay_ratio 259.47 / fps/policy 8.17 / fps/train 2087.37

Writing metrics: /home/scur2667/logdir/rssmv2/atari100k_private_eye/dyn/3/20250512T064848/metrics.jsonlWriting metrics: /home/scur2667/logdir/rssmv2/atari100k_private_eye/dyn/3/20250512T064848/scores.jsonl


--------------------[Agent Step 292_360]--------------------
Metrics filtered by: 'score|length|fps|ratio|train/loss/|train/rand/'
episode/score 100 / episode/length 2692 / train/loss/con 0.02 / train/loss/dyn 2.85 / train/loss/image 7.4 / train/loss/policy 0.02 / train/loss/rep 2.85 / train/loss/repval 3.04 / train/loss/rew 9.5e-3 / train/loss/value 2.2 / train/rand/action 0.69 / replay/replay_ratio 260 / fps/policy 8.27 / fps/train 2116.82

Writing metrics: /home/scur2667/logdir/rssmv2/atari100k_private_eye/dyn/3/20250512T064848/metrics.jsonlWriting metrics: /home/scur2667/logdir/rssmv2/atari100k_private_eye/dyn/3/20250512T064848/scores.jsonl


--------------------[Agent Step 295_760]--------------------
Metrics filtered by: 'score|length|fps|ratio|train/loss/|train/rand/'
train/loss/con 0.02 / train/loss/dyn 2.85 / train/loss/image 7.11 / train/loss/policy 0.02 / train/loss/rep 2.85 / train/loss/repval 2.28 / train/loss/rew 8.4e-3 / train/loss/value 1.91 / train/rand/action 0.67 / replay/replay_ratio 260.61 / fps/policy 7.05 / fps/train 1809.78

Writing metrics: /home/scur2667/logdir/rssmv2/atari100k_private_eye/dyn/3/20250512T064848/metrics.jsonlWriting metrics: /home/scur2667/logdir/rssmv2/atari100k_private_eye/dyn/3/20250512T064848/scores.jsonl


--------------------[Agent Step 299_800]--------------------
Metrics filtered by: 'score|length|fps|ratio|train/loss/|train/rand/'
train/loss/con 0.02 / train/loss/dyn 2.82 / train/loss/image 7.15 / train/loss/policy 0.02 / train/loss/rep 2.82 / train/loss/repval 2.33 / train/loss/rew 8.8e-3 / train/loss/value 1.98 / train/rand/action 0.69 / replay/replay_ratio 259.49 / fps/policy 8.32 / fps/train 2126.24

Writing metrics: /home/scur2667/logdir/rssmv2/atari100k_private_eye/dyn/3/20250512T064848/metrics.jsonl
Writing metrics: /home/scur2667/logdir/rssmv2/atari100k_private_eye/dyn/3/20250512T064848/scores.jsonl

--------------------[Agent Step 303_800]--------------------
Metrics filtered by: 'score|length|fps|ratio|train/loss/|train/rand/'
episode/score 100 / episode/length 2698 / train/loss/con 0.02 / train/loss/dyn 2.76 / train/loss/image 6.74 / train/loss/policy 0.04 / train/loss/rep 2.76 / train/loss/repval 2.67 / train/loss/rew 7.8e-3 / train/loss/value 2.28 / train/rand/action 0.65 / replay/replay_ratio 260 / fps/policy 8.28 / fps/train 2118.5

Writing metrics: /home/scur2667/logdir/rssmv2/atari100k_private_eye/dyn/3/20250512T064848/metrics.jsonlWriting metrics: /home/scur2667/logdir/rssmv2/atari100k_private_eye/dyn/3/20250512T064848/scores.jsonl


--------------------[Agent Step 307_200]--------------------
Metrics filtered by: 'score|length|fps|ratio|train/loss/|train/rand/'
train/loss/con 0.02 / train/loss/dyn 2.78 / train/loss/image 6.47 / train/loss/policy 0.02 / train/loss/rep 2.78 / train/loss/repval 2.48 / train/loss/rew 9.9e-3 / train/loss/value 2.04 / train/rand/action 0.68 / replay/replay_ratio 260.61 / fps/policy 7.06 / fps/train 1812.55

Writing metrics: /home/scur2667/logdir/rssmv2/atari100k_private_eye/dyn/3/20250512T064848/scores.jsonlWriting metrics: /home/scur2667/logdir/rssmv2/atari100k_private_eye/dyn/3/20250512T064848/metrics.jsonl


--------------------[Agent Step 311_200]--------------------
Metrics filtered by: 'score|length|fps|ratio|train/loss/|train/rand/'
train/loss/con 0.02 / train/loss/dyn 2.72 / train/loss/image 6.44 / train/loss/policy 9.2e-3 / train/loss/rep 2.72 / train/loss/repval 2.5 / train/loss/rew 7.4e-3 / train/loss/value 1.94 / train/rand/action 0.69 / replay/replay_ratio 260 / fps/policy 8.29 / fps/train 2123.39

Writing metrics: /home/scur2667/logdir/rssmv2/atari100k_private_eye/dyn/3/20250512T064848/metrics.jsonlWriting metrics: /home/scur2667/logdir/rssmv2/atari100k_private_eye/dyn/3/20250512T064848/scores.jsonl


--------------------[Agent Step 315_240]--------------------
Metrics filtered by: 'score|length|fps|ratio|train/loss/|train/rand/'
episode/score 100 / episode/length 2694 / train/loss/con 0.02 / train/loss/dyn 2.77 / train/loss/image 6.28 / train/loss/policy 2.8e-3 / train/loss/rep 2.77 / train/loss/repval 3.22 / train/loss/rew 9.2e-3 / train/loss/value 2.41 / train/rand/action 0.73 / replay/replay_ratio 259.49 / fps/policy 8.33 / fps/train 2128.19

Writing metrics: /home/scur2667/logdir/rssmv2/atari100k_private_eye/dyn/3/20250512T064848/scores.jsonl
Writing metrics: /home/scur2667/logdir/rssmv2/atari100k_private_eye/dyn/3/20250512T064848/metrics.jsonl
Saving checkpoint: /home/scur2667/logdir/rssmv2/atari100k_private_eye/dyn/3/20250512T064848/ckpt/20250512T093535F831819
Saved checkpoint.

--------------------[Agent Step 318_560]--------------------
Metrics filtered by: 'score|length|fps|ratio|train/loss/|train/rand/'
train/loss/con 0.02 / train/loss/dyn 2.86 / train/loss/image 6.1 / train/loss/policy 0.01 / train/loss/rep 2.86 / train/loss/repval 2.47 / train/loss/rew 8.7e-3 / train/loss/value 1.87 / train/rand/action 0.75 / replay/replay_ratio 260.63 / fps/policy 6.92 / fps/train 1774.9

Writing metrics: /home/scur2667/logdir/rssmv2/atari100k_private_eye/dyn/3/20250512T064848/metrics.jsonlWriting metrics: /home/scur2667/logdir/rssmv2/atari100k_private_eye/dyn/3/20250512T064848/scores.jsonl


--------------------[Agent Step 322_560]--------------------
Metrics filtered by: 'score|length|fps|ratio|train/loss/|train/rand/'
train/loss/con 0.02 / train/loss/dyn 2.85 / train/loss/image 5.98 / train/loss/policy 0.02 / train/loss/rep 2.85 / train/loss/repval 1.89 / train/loss/rew 8.5e-3 / train/loss/value 1.55 / train/rand/action 0.81 / replay/replay_ratio 260 / fps/policy 8.3 / fps/train 2124.42

Writing metrics: /home/scur2667/logdir/rssmv2/atari100k_private_eye/dyn/3/20250512T064848/metrics.jsonlWriting metrics: /home/scur2667/logdir/rssmv2/atari100k_private_eye/dyn/3/20250512T064848/scores.jsonl


--------------------[Agent Step 326_560]--------------------
Metrics filtered by: 'score|length|fps|ratio|train/loss/|train/rand/'
episode/score 100 / episode/length 2693 / train/loss/con 0.02 / train/loss/dyn 2.79 / train/loss/image 5.84 / train/loss/policy 0.02 / train/loss/rep 2.79 / train/loss/repval 1.91 / train/loss/rew 8.2e-3 / train/loss/value 1.64 / train/rand/action 0.78 / replay/replay_ratio 260 / fps/policy 8.32 / fps/train 2131.19

Writing metrics: /home/scur2667/logdir/rssmv2/atari100k_private_eye/dyn/3/20250512T064848/metrics.jsonlWriting metrics: /home/scur2667/logdir/rssmv2/atari100k_private_eye/dyn/3/20250512T064848/scores.jsonl


--------------------[Agent Step 329_920]--------------------
Metrics filtered by: 'score|length|fps|ratio|train/loss/|train/rand/'
train/loss/con 0.02 / train/loss/dyn 2.76 / train/loss/image 5.67 / train/loss/policy 0.03 / train/loss/rep 2.76 / train/loss/repval 2.75 / train/loss/rew 6.3e-3 / train/loss/value 2.34 / train/rand/action 0.73 / replay/replay_ratio 260 / fps/policy 6.95 / fps/train 1778.3

Writing metrics: /home/scur2667/logdir/rssmv2/atari100k_private_eye/dyn/3/20250512T064848/metrics.jsonlWriting metrics: /home/scur2667/logdir/rssmv2/atari100k_private_eye/dyn/3/20250512T064848/scores.jsonl


--------------------[Agent Step 333_960]--------------------
Metrics filtered by: 'score|length|fps|ratio|train/loss/|train/rand/'
train/loss/con 0.02 / train/loss/dyn 2.6 / train/loss/image 5.47 / train/loss/policy 0.04 / train/loss/rep 2.6 / train/loss/repval 2.94 / train/loss/rew 7.5e-3 / train/loss/value 2.42 / train/rand/action 0.73 / replay/replay_ratio 259.49 / fps/policy 8.32 / fps/train 2126.59

Writing metrics: /home/scur2667/logdir/rssmv2/atari100k_private_eye/dyn/3/20250512T064848/metrics.jsonl
Writing metrics: /home/scur2667/logdir/rssmv2/atari100k_private_eye/dyn/3/20250512T064848/scores.jsonl

--------------------[Agent Step 337_960]--------------------
Metrics filtered by: 'score|length|fps|ratio|train/loss/|train/rand/'
episode/score 100 / episode/length 2693 / train/loss/con 0.02 / train/loss/dyn 2.51 / train/loss/image 5.49 / train/loss/policy 5.7e-3 / train/loss/rep 2.51 / train/loss/repval 3.25 / train/loss/rew 7.8e-3 / train/loss/value 2.42 / train/rand/action 0.77 / replay/replay_ratio 260 / fps/policy 8.33 / fps/train 2131.57

Writing metrics: /home/scur2667/logdir/rssmv2/atari100k_private_eye/dyn/3/20250512T064848/metrics.jsonl
Writing metrics: /home/scur2667/logdir/rssmv2/atari100k_private_eye/dyn/3/20250512T064848/scores.jsonl

--------------------[Agent Step 341_320]--------------------
Metrics filtered by: 'score|length|fps|ratio|train/loss/|train/rand/'
train/loss/con 0.02 / train/loss/dyn 2.62 / train/loss/image 5.4 / train/loss/policy 0.03 / train/loss/rep 2.62 / train/loss/repval 2.53 / train/loss/rew 6.9e-3 / train/loss/value 2.03 / train/rand/action 0.78 / replay/replay_ratio 260 / fps/policy 6.96 / fps/train 1781

Writing metrics: /home/scur2667/logdir/rssmv2/atari100k_private_eye/dyn/3/20250512T064848/metrics.jsonlWriting metrics: /home/scur2667/logdir/rssmv2/atari100k_private_eye/dyn/3/20250512T064848/scores.jsonl

Saving checkpoint: /home/scur2667/logdir/rssmv2/atari100k_private_eye/dyn/3/20250512T064848/ckpt/20250512T095036F306848
Saved checkpoint.

--------------------[Agent Step 345_280]--------------------
Metrics filtered by: 'score|length|fps|ratio|train/loss/|train/rand/'
episode/score 100 / episode/length 2691 / train/loss/con 0.02 / train/loss/dyn 2.48 / train/loss/image 5.29 / train/loss/policy 0.02 / train/loss/rep 2.48 / train/loss/repval 2.62 / train/loss/rew 7.6e-3 / train/loss/value 2.12 / train/rand/action 0.76 / replay/replay_ratio 260.53 / fps/policy 8.2 / fps/train 2102.82

Writing metrics: /home/scur2667/logdir/rssmv2/atari100k_private_eye/dyn/3/20250512T064848/scores.jsonlWriting metrics: /home/scur2667/logdir/rssmv2/atari100k_private_eye/dyn/3/20250512T064848/metrics.jsonl


--------------------[Agent Step 348_640]--------------------
Metrics filtered by: 'score|length|fps|ratio|train/loss/|train/rand/'
train/loss/con 0.02 / train/loss/dyn 2.54 / train/loss/image 5.11 / train/loss/policy 0.02 / train/loss/rep 2.54 / train/loss/repval 2.49 / train/loss/rew 6.7e-3 / train/loss/value 2.08 / train/rand/action 0.75 / replay/replay_ratio 260 / fps/policy 6.97 / fps/train 1785.1

Writing metrics: /home/scur2667/logdir/rssmv2/atari100k_private_eye/dyn/3/20250512T064848/metrics.jsonlWriting metrics: /home/scur2667/logdir/rssmv2/atari100k_private_eye/dyn/3/20250512T064848/scores.jsonl


--------------------[Agent Step 352_680]--------------------
Metrics filtered by: 'score|length|fps|ratio|train/loss/|train/rand/'
train/loss/con 0.02 / train/loss/dyn 2.5 / train/loss/image 5.13 / train/loss/policy 0.02 / train/loss/rep 2.5 / train/loss/repval 2.44 / train/loss/rew 6.4e-3 / train/loss/value 2.07 / train/rand/action 0.79 / replay/replay_ratio 259.49 / fps/policy 8.33 / fps/train 2128.07

Writing metrics: /home/scur2667/logdir/rssmv2/atari100k_private_eye/dyn/3/20250512T064848/scores.jsonlWriting metrics: /home/scur2667/logdir/rssmv2/atari100k_private_eye/dyn/3/20250512T064848/metrics.jsonl


--------------------[Agent Step 356_720]--------------------
Metrics filtered by: 'score|length|fps|ratio|train/loss/|train/rand/'
episode/score 100 / episode/length 2692 / train/loss/con 0.02 / train/loss/dyn 2.42 / train/loss/image 5.03 / train/loss/policy 0.02 / train/loss/rep 2.42 / train/loss/repval 3.2 / train/loss/rew 7.4e-3 / train/loss/value 2.49 / train/rand/action 0.74 / replay/replay_ratio 260.51 / fps/policy 8.35 / fps/train 2140.98

Writing metrics: /home/scur2667/logdir/rssmv2/atari100k_private_eye/dyn/3/20250512T064848/scores.jsonlWriting metrics: /home/scur2667/logdir/rssmv2/atari100k_private_eye/dyn/3/20250512T064848/metrics.jsonl


--------------------[Agent Step 360_120]--------------------
Metrics filtered by: 'score|length|fps|ratio|train/loss/|train/rand/'
train/loss/con 0.02 / train/loss/dyn 2.39 / train/loss/image 4.8 / train/loss/policy 0.05 / train/loss/rep 2.39 / train/loss/repval 3.45 / train/loss/rew 5.7e-3 / train/loss/value 2.73 / train/rand/action 0.61 / replay/replay_ratio 259.39 / fps/policy 7 / fps/train 1788.55

Writing metrics: /home/scur2667/logdir/rssmv2/atari100k_private_eye/dyn/3/20250512T064848/scores.jsonlWriting metrics: /home/scur2667/logdir/rssmv2/atari100k_private_eye/dyn/3/20250512T064848/metrics.jsonl


--------------------[Agent Step 364_160]--------------------
Metrics filtered by: 'score|length|fps|ratio|train/loss/|train/rand/'
train/loss/con 0.02 / train/loss/dyn 2.46 / train/loss/image 4.81 / train/loss/policy -0.02 / train/loss/rep 2.46 / train/loss/repval 3.77 / train/loss/rew 6.8e-3 / train/loss/value 2.56 / train/rand/action 0.73 / replay/replay_ratio 260.51 / fps/policy 8.35 / fps/train 2141.51

Writing metrics: /home/scur2667/logdir/rssmv2/atari100k_private_eye/dyn/3/20250512T064848/metrics.jsonl
Writing metrics: /home/scur2667/logdir/rssmv2/atari100k_private_eye/dyn/3/20250512T064848/scores.jsonl

--------------------[Agent Step 368_160]--------------------
Metrics filtered by: 'score|length|fps|ratio|train/loss/|train/rand/'
episode/score 100 / episode/length 2695 / train/loss/con 0.02 / train/loss/dyn 2.4 / train/loss/image 4.78 / train/loss/policy 0.02 / train/loss/rep 2.4 / train/loss/repval 2.77 / train/loss/rew 6.4e-3 / train/loss/value 2.14 / train/rand/action 0.81 / replay/replay_ratio 260 / fps/policy 8.3 / fps/train 2124.53

Writing metrics: /home/scur2667/logdir/rssmv2/atari100k_private_eye/dyn/3/20250512T064848/scores.jsonl
Writing metrics: /home/scur2667/logdir/rssmv2/atari100k_private_eye/dyn/3/20250512T064848/metrics.jsonl

--------------------[Agent Step 371_560]--------------------
Metrics filtered by: 'score|length|fps|ratio|train/loss/|train/rand/'
train/loss/con 0.02 / train/loss/dyn 2.42 / train/loss/image 4.77 / train/loss/policy 0.03 / train/loss/rep 2.42 / train/loss/repval 2.26 / train/loss/rew 6.7e-3 / train/loss/value 1.97 / train/rand/action 0.8 / replay/replay_ratio 259.39 / fps/policy 7.08 / fps/train 1807.85

Writing metrics: /home/scur2667/logdir/rssmv2/atari100k_private_eye/dyn/3/20250512T064848/metrics.jsonlWriting metrics: /home/scur2667/logdir/rssmv2/atari100k_private_eye/dyn/3/20250512T064848/scores.jsonl

Saving checkpoint: /home/scur2667/logdir/rssmv2/atari100k_private_eye/dyn/3/20250512T064848/ckpt/20250512T100537F057117
Saved checkpoint.

--------------------[Agent Step 375_520]--------------------
Metrics filtered by: 'score|length|fps|ratio|train/loss/|train/rand/'
train/loss/con 0.02 / train/loss/dyn 2.39 / train/loss/image 4.55 / train/loss/policy 0.03 / train/loss/rep 2.39 / train/loss/repval 2.44 / train/loss/rew 5.8e-3 / train/loss/value 2.11 / train/rand/action 0.77 / replay/replay_ratio 260.53 / fps/policy 8.2 / fps/train 2102.6

Writing metrics: /home/scur2667/logdir/rssmv2/atari100k_private_eye/dyn/3/20250512T064848/scores.jsonlWriting metrics: /home/scur2667/logdir/rssmv2/atari100k_private_eye/dyn/3/20250512T064848/metrics.jsonl


--------------------[Agent Step 379_520]--------------------
Metrics filtered by: 'score|length|fps|ratio|train/loss/|train/rand/'
episode/score 100 / episode/length 2693 / train/loss/con 0.02 / train/loss/dyn 2.41 / train/loss/image 4.61 / train/loss/policy 0.02 / train/loss/rep 2.41 / train/loss/repval 2.9 / train/loss/rew 7.8e-3 / train/loss/value 2.34 / train/rand/action 0.71 / replay/replay_ratio 260 / fps/policy 8.31 / fps/train 2126.14

Writing metrics: /home/scur2667/logdir/rssmv2/atari100k_private_eye/dyn/3/20250512T064848/metrics.jsonlWriting metrics: /home/scur2667/logdir/rssmv2/atari100k_private_eye/dyn/3/20250512T064848/scores.jsonl


--------------------[Agent Step 382_920]--------------------
Metrics filtered by: 'score|length|fps|ratio|train/loss/|train/rand/'
train/loss/con 0.02 / train/loss/dyn 2.29 / train/loss/image 4.45 / train/loss/policy 0.03 / train/loss/rep 2.29 / train/loss/repval 3.34 / train/loss/rew 6.6e-3 / train/loss/value 2.55 / train/rand/action 0.72 / replay/replay_ratio 259.39 / fps/policy 7.06 / fps/train 1802.3

Writing metrics: /home/scur2667/logdir/rssmv2/atari100k_private_eye/dyn/3/20250512T064848/metrics.jsonlWriting metrics: /home/scur2667/logdir/rssmv2/atari100k_private_eye/dyn/3/20250512T064848/scores.jsonl


--------------------[Agent Step 386_920]--------------------
Metrics filtered by: 'score|length|fps|ratio|train/loss/|train/rand/'
train/loss/con 0.02 / train/loss/dyn 2.6 / train/loss/image 4.79 / train/loss/policy 8.5e-3 / train/loss/rep 2.6 / train/loss/repval 3.19 / train/loss/rew 5.1e-3 / train/loss/value 2.41 / train/rand/action 0.72 / replay/replay_ratio 260 / fps/policy 8.28 / fps/train 2119.04

Writing metrics: /home/scur2667/logdir/rssmv2/atari100k_private_eye/dyn/3/20250512T064848/metrics.jsonlWriting metrics: /home/scur2667/logdir/rssmv2/atari100k_private_eye/dyn/3/20250512T064848/scores.jsonl


--------------------[Agent Step 390_960]--------------------
Metrics filtered by: 'score|length|fps|ratio|train/loss/|train/rand/'
episode/score 100 / episode/length 2695 / train/loss/con 0.02 / train/loss/dyn 2.43 / train/loss/image 4.57 / train/loss/policy 0.01 / train/loss/rep 2.43 / train/loss/repval 2.93 / train/loss/rew 6.7e-3 / train/loss/value 2.17 / train/rand/action 0.75 / replay/replay_ratio 260.51 / fps/policy 8.35 / fps/train 2143.04

Writing metrics: /home/scur2667/logdir/rssmv2/atari100k_private_eye/dyn/3/20250512T064848/metrics.jsonlWriting metrics: /home/scur2667/logdir/rssmv2/atari100k_private_eye/dyn/3/20250512T064848/scores.jsonl


--------------------[Agent Step 394_360]--------------------
Metrics filtered by: 'score|length|fps|ratio|train/loss/|train/rand/'
train/loss/con 0.02 / train/loss/dyn 2.35 / train/loss/image 4.51 / train/loss/policy 0.02 / train/loss/rep 2.35 / train/loss/repval 2.4 / train/loss/rew 4.4e-3 / train/loss/value 1.99 / train/rand/action 0.79 / replay/replay_ratio 259.39 / fps/policy 7.05 / fps/train 1801.49

Writing metrics: /home/scur2667/logdir/rssmv2/atari100k_private_eye/dyn/3/20250512T064848/scores.jsonlWriting metrics: /home/scur2667/logdir/rssmv2/atari100k_private_eye/dyn/3/20250512T064848/metrics.jsonl


--------------------[Agent Step 398_360]--------------------
Metrics filtered by: 'score|length|fps|ratio|train/loss/|train/rand/'
train/loss/con 0.02 / train/loss/dyn 2.33 / train/loss/image 4.45 / train/loss/policy 0.01 / train/loss/rep 2.33 / train/loss/repval 2.59 / train/loss/rew 5.4e-3 / train/loss/value 2.25 / train/rand/action 0.81 / replay/replay_ratio 260 / fps/policy 8.28 / fps/train 2118.84

Writing metrics: /home/scur2667/logdir/rssmv2/atari100k_private_eye/dyn/3/20250512T064848/metrics.jsonlWriting metrics: /home/scur2667/logdir/rssmv2/atari100k_private_eye/dyn/3/20250512T064848/scores.jsonl

Saving checkpoint: /home/scur2667/logdir/rssmv2/atari100k_private_eye/dyn/3/20250512T064848/ckpt/20250512T102037F904875
Saved checkpoint.

--------------------[Agent Step 402_320]--------------------
Metrics filtered by: 'score|length|fps|ratio|train/loss/|train/rand/'
episode/score 100 / episode/length 2693 / train/loss/con 0.02 / train/loss/dyn 2.36 / train/loss/image 4.48 / train/loss/policy 0.01 / train/loss/rep 2.36 / train/loss/repval 1.99 / train/loss/rew 7.2e-3 / train/loss/value 1.74 / train/rand/action 0.81 / replay/replay_ratio 260.53 / fps/policy 8.19 / fps/train 2100.68

Writing metrics: /home/scur2667/logdir/rssmv2/atari100k_private_eye/dyn/3/20250512T064848/scores.jsonlWriting metrics: /home/scur2667/logdir/rssmv2/atari100k_private_eye/dyn/3/20250512T064848/metrics.jsonl


--------------------[Agent Step 405_720]--------------------
Metrics filtered by: 'score|length|fps|ratio|train/loss/|train/rand/'
train/loss/con 0.02 / train/loss/dyn 2.6 / train/loss/image 4.66 / train/loss/policy 0.02 / train/loss/rep 2.6 / train/loss/repval 2.11 / train/loss/rew 5.3e-3 / train/loss/value 1.83 / train/rand/action 0.81 / replay/replay_ratio 259.39 / fps/policy 7.01 / fps/train 1790.7

Writing metrics: /home/scur2667/logdir/rssmv2/atari100k_private_eye/dyn/3/20250512T064848/metrics.jsonlWriting metrics: /home/scur2667/logdir/rssmv2/atari100k_private_eye/dyn/3/20250512T064848/scores.jsonl


--------------------[Agent Step 409_760]--------------------
Metrics filtered by: 'score|length|fps|ratio|train/loss/|train/rand/'
episode/score 100 / episode/length 2699 / train/loss/con 0.02 / train/loss/dyn 2.46 / train/loss/image 4.72 / train/loss/policy 0.01 / train/loss/rep 2.46 / train/loss/repval 2.41 / train/loss/rew 6.2e-3 / train/loss/value 2.07 / train/rand/action 0.78 / replay/replay_ratio 260.51 / fps/policy 8.35 / fps/train 2141.45

Writing metrics: /home/scur2667/logdir/rssmv2/atari100k_private_eye/dyn/3/20250512T064848/scores.jsonlWriting metrics: /home/scur2667/logdir/rssmv2/atari100k_private_eye/dyn/3/20250512T064848/metrics.jsonl


--------------------[Agent Step 413_160]--------------------
Metrics filtered by: 'score|length|fps|ratio|train/loss/|train/rand/'
train/loss/con 0.02 / train/loss/dyn 2.33 / train/loss/image 4.39 / train/loss/policy 0.01 / train/loss/rep 2.33 / train/loss/repval 3.15 / train/loss/rew 4.9e-3 / train/loss/value 2.48 / train/rand/action 0.81 / replay/replay_ratio 259.39 / fps/policy 7.08 / fps/train 1808.25

Writing metrics: /home/scur2667/logdir/rssmv2/atari100k_private_eye/dyn/3/20250512T064848/metrics.jsonl
Writing metrics: /home/scur2667/logdir/rssmv2/atari100k_private_eye/dyn/3/20250512T064848/scores.jsonl

--------------------[Agent Step 417_160]--------------------
Metrics filtered by: 'score|length|fps|ratio|train/loss/|train/rand/'
train/loss/con 0.02 / train/loss/dyn 2.39 / train/loss/image 4.43 / train/loss/policy 0.04 / train/loss/rep 2.39 / train/loss/repval 3.57 / train/loss/rew 5.8e-3 / train/loss/value 2.81 / train/rand/action 0.77 / replay/replay_ratio 260 / fps/policy 8.27 / fps/train 2116.95

Writing metrics: /home/scur2667/logdir/rssmv2/atari100k_private_eye/dyn/3/20250512T064848/metrics.jsonlWriting metrics: /home/scur2667/logdir/rssmv2/atari100k_private_eye/dyn/3/20250512T064848/scores.jsonl


--------------------[Agent Step 421_200]--------------------
Metrics filtered by: 'score|length|fps|ratio|train/loss/|train/rand/'
episode/score 100 / episode/length 2693 / train/loss/con 0.02 / train/loss/dyn 2.35 / train/loss/image 4.46 / train/loss/policy 0.05 / train/loss/rep 2.35 / train/loss/repval 3.14 / train/loss/rew 6.3e-3 / train/loss/value 2.45 / train/rand/action 0.69 / replay/replay_ratio 260.51 / fps/policy 8.35 / fps/train 2141.44

Writing metrics: /home/scur2667/logdir/rssmv2/atari100k_private_eye/dyn/3/20250512T064848/metrics.jsonlWriting metrics: /home/scur2667/logdir/rssmv2/atari100k_private_eye/dyn/3/20250512T064848/scores.jsonl


--------------------[Agent Step 424_600]--------------------
Metrics filtered by: 'score|length|fps|ratio|train/loss/|train/rand/'
train/loss/con 0.02 / train/loss/dyn 2.36 / train/loss/image 4.16 / train/loss/policy 0.02 / train/loss/rep 2.36 / train/loss/repval 2.18 / train/loss/rew 6.5e-3 / train/loss/value 1.64 / train/rand/action 0.67 / replay/replay_ratio 259.39 / fps/policy 7.01 / fps/train 1790.01

Writing metrics: /home/scur2667/logdir/rssmv2/atari100k_private_eye/dyn/3/20250512T064848/metrics.jsonlWriting metrics: /home/scur2667/logdir/rssmv2/atari100k_private_eye/dyn/3/20250512T064848/scores.jsonl

Saving checkpoint: /home/scur2667/logdir/rssmv2/atari100k_private_eye/dyn/3/20250512T064848/ckpt/20250512T103538F403163
Saved checkpoint.

--------------------[Agent Step 428_640]--------------------
Metrics filtered by: 'score|length|fps|ratio|train/loss/|train/rand/'
train/loss/con 0.02 / train/loss/dyn 2.5 / train/loss/image 4.3 / train/loss/policy -0.01 / train/loss/rep 2.5 / train/loss/repval 2.92 / train/loss/rew 5.2e-3 / train/loss/value 1.83 / train/rand/action 0.71 / replay/replay_ratio 260.51 / fps/policy 8.19 / fps/train 2101.67

Writing metrics: /home/scur2667/logdir/rssmv2/atari100k_private_eye/dyn/3/20250512T064848/metrics.jsonl
Writing metrics: /home/scur2667/logdir/rssmv2/atari100k_private_eye/dyn/3/20250512T064848/scores.jsonl

--------------------[Agent Step 432_680]--------------------
Metrics filtered by: 'score|length|fps|ratio|train/loss/|train/rand/'
episode/score 100 / episode/length 2693 / train/loss/con 0.02 / train/loss/dyn 2.43 / train/loss/image 4.25 / train/loss/policy -8.3e-3 / train/loss/rep 2.43 / train/loss/repval 2.87 / train/loss/rew 5.2e-3 / train/loss/value 1.76 / train/rand/action 0.71 / replay/replay_ratio 259.49 / fps/policy 8.32 / fps/train 2126.43

Writing metrics: /home/scur2667/logdir/rssmv2/atari100k_private_eye/dyn/3/20250512T064848/metrics.jsonl
Writing metrics: /home/scur2667/logdir/rssmv2/atari100k_private_eye/dyn/3/20250512T064848/scores.jsonl

--------------------[Agent Step 436_000]--------------------
Metrics filtered by: 'score|length|fps|ratio|train/loss/|train/rand/'
train/loss/con 0.02 / train/loss/dyn 2.48 / train/loss/image 4.57 / train/loss/policy 0.02 / train/loss/rep 2.48 / train/loss/repval 2.32 / train/loss/rew 5.3e-3 / train/loss/value 1.63 / train/rand/action 0.71 / replay/replay_ratio 260.63 / fps/policy 6.89 / fps/train 1769.05

Writing metrics: /home/scur2667/logdir/rssmv2/atari100k_private_eye/dyn/3/20250512T064848/metrics.jsonlWriting metrics: /home/scur2667/logdir/rssmv2/atari100k_private_eye/dyn/3/20250512T064848/scores.jsonl


--------------------[Agent Step 438_440]--------------------
Metrics filtered by: 'score|length|fps|ratio|train/loss/|train/rand/'
No metrics.

Writing metrics: /home/scur2667/logdir/rssmv2/atari100k_private_eye/dyn/3/20250512T064848/scores.jsonl
Writing metrics: /home/scur2667/logdir/rssmv2/atari100k_private_eye/dyn/3/20250512T064848/metrics.jsonl
[1;34mwandb[0m: 
[1;34mwandb[0m: 🚀 View run [33mdyn_L4_H8/rssmv2/atari100k_private_eye/dyn/3/20250512T064848[0m at: [34mhttps://wandb.ai/dreamerz/rssmv2/runs/ldx0bq4p[0m
[1;34mwandb[0m: Find logs at: [1;35mwandb/run-20250512_065016-ldx0bq4p/logs[0m

JOB STATISTICS
==============
Job ID: 11766892
Cluster: snellius
User/Group: scur2667/scur2667
State: COMPLETED (exit code 0)
Nodes: 1
Cores per node: 18
CPU Utilized: 01:13:00
CPU Efficiency: 1.74% of 2-21:57:54 core-walltime
Job Wall-clock time: 03:53:13
Memory Utilized: 7.90 GB
Memory Efficiency: 25.28% of 31.25 GB (31.25 GB/node)
